2017-04-03 15:55:42.921+0000 INFO  [org.neo4j]: No locking implementation specified, defaulting to 'community'
2017-04-03 15:55:43.005+0000 INFO  [org.neo4j]: --- INITIALIZED diagnostics START ---
2017-04-03 15:55:43.021+0000 INFO  [org.neo4j]: Neo4j Kernel properties:
    neostore.propertystore.db.mapped_memory=110M
    neostore.nodestore.db.mapped_memory=30M
    neostore.relationshipstore.db.mapped_memory=135M
    neostore.propertystore.db.strings.mapped_memory=94M
    store_dir=target/db3
    neostore.propertystore.db.arrays.mapped_memory=106M
    ephemeral=false
2017-04-03 15:55:43.021+0000 INFO  [org.neo4j]: Diagnostics providers:
    org.neo4j.kernel.configuration.Config
    org.neo4j.kernel.info.DiagnosticsManager
    SYSTEM_MEMORY
    JAVA_MEMORY
    OPERATING_SYSTEM
    JAVA_VIRTUAL_MACHINE
    CLASSPATH
    LIBRARY_PATH
    SYSTEM_PROPERTIES
    NETWORK
2017-04-03 15:55:43.021+0000 INFO  [org.neo4j]: System memory information:
    Total Physical memory: 7.92 GB
    Free Physical memory: 2.71 GB
    Committed virtual memory: 246.55 MB
    Total swap space: 14.67 GB
    Free swap space: 5.96 GB
2017-04-03 15:55:43.021+0000 INFO  [org.neo4j]: JVM memory information:
    Free  memory: 110.22 MB
    Total memory: 122.00 MB
    Max   memory: 1.76 GB
    Garbage Collector: PS Scavenge: [PS Eden Space, PS Survivor Space]
    Garbage Collector: PS MarkSweep: [PS Eden Space, PS Survivor Space, PS Old Gen, PS Perm Gen]
    Memory Pool: Code Cache (Non-heap memory): committed=2.44 MB, used=468.50 kB, max=48.00 MB, threshold=0.00 B
    Memory Pool: PS Eden Space (Heap memory): committed=32.50 MB, used=11.78 MB, max=667.00 MB, threshold=?
    Memory Pool: PS Survivor Space (Heap memory): committed=5.00 MB, used=0.00 B, max=5.00 MB, threshold=?
    Memory Pool: PS Old Gen (Heap memory): committed=84.50 MB, used=0.00 B, max=1.32 GB, threshold=0.00 B
    Memory Pool: PS Perm Gen (Non-heap memory): committed=21.00 MB, used=6.38 MB, max=82.00 MB, threshold=0.00 B
2017-04-03 15:55:43.036+0000 INFO  [org.neo4j]: Operating system information:
    Operating System: Windows 8.1; version: 6.3; arch: amd64; cpus: 4
    Process id: 9752@DESKTOP-DBJV7RK
    Byte order: LITTLE_ENDIAN
    Local timezone: Europe/London
2017-04-03 15:55:43.052+0000 INFO  [org.neo4j]: JVM information:
    VM Name: Java HotSpot(TM) 64-Bit Server VM
    VM Vendor: Oracle Corporation
    VM Version: 24.79-b02
    JIT compiler: HotSpot 64-Bit Tiered Compilers
    VM Arguments: [-Dfile.encoding=UTF-8]
2017-04-03 15:55:43.052+0000 INFO  [org.neo4j]: Java classpath:
     [bootstrap] C:\Program Files\Java\jdk1.7.0_79\jre\lib\charsets.jar
     [loader.1] file:/C:/Program%20Files/Java/jdk1.7.0_79/jre/lib/ext/sunjce_provider.jar
     [classpath + loader.0] file:/C:/Users/Priyaa/.m2/repository/org/neo4j/neo4j-jmx/2.1.6/neo4j-jmx-2.1.6.jar
     [classpath + loader.0] file:/C:/Users/Priyaa/.m2/repository/org/neo4j/neo4j-cypher-commons/2.1.6/neo4j-cypher-commons-2.1.6.jar
     [classpath + loader.0] file:/C:/Users/Priyaa/.m2/repository/org/neo4j/neo4j/2.1.6/neo4j-2.1.6.jar
     [loader.1] file:/C:/Program%20Files/Java/jdk1.7.0_79/jre/lib/ext/access-bridge-64.jar
     [bootstrap] C:\Program Files\Java\jdk1.7.0_79\jre\lib\jsse.jar
     [loader.1] file:/C:/Program%20Files/Java/jdk1.7.0_79/jre/lib/ext/localedata.jar
     [classpath + loader.0] file:/C:/Users/Priyaa/.m2/repository/org/parboiled/parboiled-scala_2.10/1.1.6/parboiled-scala_2.10-1.1.6.jar
     [classpath + loader.0] file:/C:/Users/Priyaa/.m2/repository/org/neo4j/neo4j-kernel/2.1.6/neo4j-kernel-2.1.6.jar
     [loader.1] file:/C:/Program%20Files/Java/jdk1.7.0_79/jre/lib/ext/jaccess.jar
     [loader.1] file:/C:/Program%20Files/Java/jdk1.7.0_79/jre/lib/ext/dnsns.jar
     [classpath + loader.0] file:/C:/Users/Priyaa/.m2/repository/org/neo4j/neo4j-cypher-compiler-1.9/2.0.3/neo4j-cypher-compiler-1.9-2.0.3.jar
     [classpath + loader.0] file:/C:/Users/Priyaa/.m2/repository/org/neo4j/neo4j-udc/2.1.6/neo4j-udc-2.1.6.jar
     [classpath + loader.0] file:/C:/Users/Priyaa/.m2/repository/com/googlecode/concurrentlinkedhashmap/concurrentlinkedhashmap-lru/1.3.1/concurrentlinkedhashmap-lru-1.3.1.jar
     [classpath + loader.0] file:/C:/Users/Priyaa/.m2/repository/net/sf/opencsv/opencsv/2.3/opencsv-2.3.jar
     [classpath + loader.0] file:/C:/Users/Priyaa/.m2/repository/org/neo4j/neo4j-primitive-collections/2.1.6/neo4j-primitive-collections-2.1.6.jar
     [loader.1] file:/C:/Program%20Files/Java/jdk1.7.0_79/jre/lib/ext/sunmscapi.jar
     [classpath + loader.0] file:/C:/Users/Priyaa/.m2/repository/org/apache/geronimo/specs/geronimo-jta_1.1_spec/1.1.1/geronimo-jta_1.1_spec-1.1.1.jar
     [classpath + loader.0] file:/C:/Users/Priyaa/.m2/repository/org/neo4j/neo4j-lucene-index/2.1.6/neo4j-lucene-index-2.1.6.jar
     [bootstrap] C:\Program Files\Java\jdk1.7.0_79\jre\lib\resources.jar
     [bootstrap] C:\Program Files\Java\jdk1.7.0_79\jre\lib\jce.jar
     [classpath + loader.0] file:/C:/Users/Priyaa/.m2/repository/org/neo4j/neo4j-cypher-compiler-2.0/2.0.3/neo4j-cypher-compiler-2.0-2.0.3.jar
     [classpath + loader.0] file:/C:/Users/Priyaa/Desktop/ProvProject2/toNeo/target/classes/
     [bootstrap] C:\Program Files\Java\jdk1.7.0_79\jre\lib\rt.jar
     [classpath + loader.0] file:/C:/Users/Priyaa/.m2/repository/org/parboiled/parboiled-core/1.1.6/parboiled-core-1.1.6.jar
     [classpath + loader.0] file:/C:/Users/Priyaa/.m2/repository/org/neo4j/neo4j-cypher/2.1.6/neo4j-cypher-2.1.6.jar
     [bootstrap] C:\Program Files\Java\jdk1.7.0_79\jre\classes
     [loader.1] file:/C:/Program%20Files/Java/jdk1.7.0_79/jre/lib/ext/sunec.jar
     [classpath + loader.0] file:/C:/Users/Priyaa/.m2/repository/org/apache/lucene/lucene-core/3.6.2/lucene-core-3.6.2.jar
     [classpath + loader.0] file:/C:/Users/Priyaa/.m2/repository/org/scala-lang/scala-library/2.10.4/scala-library-2.10.4.jar
     [classpath + loader.0] file:/C:/Users/Priyaa/.m2/repository/org/neo4j/neo4j-graph-algo/2.1.6/neo4j-graph-algo-2.1.6.jar
     [loader.1] file:/C:/Program%20Files/Java/jdk1.7.0_79/jre/lib/ext/zipfs.jar
     [classpath + loader.0] file:/C:/Users/Priyaa/.m2/repository/org/neo4j/neo4j-cypher-compiler-2.1/2.1.6/neo4j-cypher-compiler-2.1-2.1.6.jar
     [classpath + loader.0] file:/C:/Users/Priyaa/.m2/repository/org/neo4j/neo4j-graph-matching/2.1.6/neo4j-graph-matching-2.1.6.jar
     [bootstrap] C:\Program Files\Java\jdk1.7.0_79\jre\lib\jfr.jar
     [bootstrap] C:\Program Files\Java\jdk1.7.0_79\jre\lib\sunrsasign.jar
2017-04-03 15:55:43.073+0000 INFO  [org.neo4j]: Library path:
    C:\Program Files\Java\jdk1.7.0_79\bin
    C:\Windows\Sun\Java\bin
    C:\Windows\System32
    C:\Windows
    C:\Program Files\Java\jre1.8.0_92\bin\server
    C:\Program Files\Java\jre1.8.0_92\bin
    C:\Program Files\Java\jre1.8.0_92\lib\amd64
    C:\ProgramData\Oracle\Java\javapath
    C:\Program Files\Java\jdk1.8.0_92\bin
    C:\Program Files (x86)\Intel\iCLS Client
    C:\Program Files\Intel\iCLS Client
    C:\Windows\System32
    C:\Windows
    C:\Windows\System32\wbem
    C:\Windows\System32\WindowsPowerShell\v1.0
    C:\Program Files (x86)\NVIDIA Corporation\PhysX\Common
    C:\Program Files (x86)\Intel\Intel(R) Management Engine Components\DAL
    C:\Program Files\Intel\Intel(R) Management Engine Components\DAL
    C:\Program Files (x86)\Intel\Intel(R) Management Engine Components\IPT
    C:\Program Files\Intel\Intel(R) Management Engine Components\IPT
    C:\Program Files (x86)\Skype\Phone
    C:\Anaconda3
    C:\Anaconda3\Scripts
    C:\Anaconda3\Library\bin
    C:\Users\Priyaa\Desktop\elasticsearch-2.3.3\elasticsearch-2.3.3\bin
    C:\graphviz-2.38\release\bin\dot
    C:\Program Files\Intel\WiFi\bin
    C:\Program Files\Common Files\Intel\WirelessCommon
    C:\Windows\System32\config\systemprofile\.dnx\bin
    C:\Program Files\Microsoft DNX\Dnvm
    C:\Program Files\Microsoft SQL Server\130\Tools\Binn
    C:\Program Files (x86)\Microsoft Visual Studio 14.0\VC
    C:\Windows\System32
    C:\Windows
    C:\Windows\System32\wbem
    C:\Windows\System32\WindowsPowerShell\v1.0
    C:\Program Files\MiKTeX 2.9\miktex\bin\x64
    C:\Program Files\swipl\bin
    C:\Program Files\Git\cmd
    C:\Program Files\Java\jdk1.8.0_92\bin
    C:\graphviz-2.38\release\bin\dot
    C:\Users\Priyaa\Desktop\elasticsearch-2.3.3\elasticsearch-2.3.3\bin
    C:\Program Files (x86)\Microsoft Visual Studio 14.0\VC
    C:\Users\Priyaa\AppData\Local\Microsoft\WindowsApps
    C:\Program Files\swipl\bin
    C:\Users\Priyaa\Desktop\eclipse-jee-kepler-R-win32-x86_64\eclipse
    C:\Users\Priyaa\Desktop\ProvProject2\toNeo
    C:\Users\Priyaa\Desktop\ProvProject2\toNeo
2017-04-03 15:55:43.089+0000 INFO  [org.neo4j]: System.properties:
    sun.boot.library.path = C:\Program Files\Java\jdk1.7.0_79\jre\bin
    path.separator = ;
    file.encoding.pkg = sun.io
    user.country = GB
    user.script = 
    sun.java.launcher = SUN_STANDARD
    sun.os.patch.level = 
    user.dir = C:\Users\Priyaa\Desktop\ProvProject2\toNeo
    user.variant = 
    sun.jnu.encoding = Cp1252
    sun.management.compiler = HotSpot 64-Bit Tiered Compilers
    user.home = C:\Users\Priyaa
    user.timezone = Europe/London
    file.encoding = UTF-8
    user.name = Priyaa
    sun.java.command = uk.ac.ncl.App
    sun.arch.data.model = 64
    user.language = en
    awt.toolkit = sun.awt.windows.WToolkit
    file.separator = \
    sun.io.unicode.encoding = UnicodeLittle
    sun.cpu.endian = little
    sun.desktop = windows
    sun.cpu.isalist = amd64
2017-04-03 15:55:43.089+0000 INFO  [org.neo4j]: Network information:
    Interface Software Loopback Interface 1:
        address: 127.0.0.1
        address: 0:0:0:0:0:0:0:1
    Interface WAN Miniport (IPv6):
    Interface WAN Miniport (SSTP):
    Interface WAN Miniport (PPPOE):
    Interface Microsoft Teredo Tunneling Adapter:
        address: 2001:0:4137:9e76:10c6:3b79:7f0f:1ec9
        address: fe80:0:0:0:10c6:3b79:7f0f:1ec9%5
    Interface WAN Miniport (IP):
    Interface WAN Miniport (Network Monitor):
    Interface WAN Miniport (PPTP):
    Interface WAN Miniport (IKEv2):
    Interface Microsoft ISATAP Adapter #3:
    Interface Microsoft ISATAP Adapter #2:
    Interface Microsoft ISATAP Adapter:
    Interface VirtualBox Host-Only Ethernet Adapter:
    Interface RAS Async Adapter:
    Interface Realtek PCIe GBE Family Controller:
        address: fe80:0:0:0:b7:7545:9cad:66d0%15
    Interface Microsoft Kernel Debug Network Adapter:
    Interface Intel(R) Dual Band Wireless-AC 7265 #2:
        address: 10.56.196.73
        address: fe80:0:0:0:10ca:97c3:4093:d8d0%17
    Interface Microsoft Wi-Fi Direct Virtual Adapter:
        address: fe80:0:0:0:6809:816:7f92:55c%18
    Interface Microsoft ISATAP Adapter #5:
        address: fe80:0:0:0:0:5efe:a38:c449%19
    Interface WAN Miniport (L2TP):
    Interface Realtek PCIe GBE Family Controller-WFP Native MAC Layer LightWeight Filter-0000:
    Interface Realtek PCIe GBE Family Controller-VirtualBox NDIS Light-Weight Filter-0000:
    Interface Realtek PCIe GBE Family Controller-QoS Packet Scheduler-0000:
    Interface Realtek PCIe GBE Family Controller-WFP 802.3 MAC Layer LightWeight Filter-0000:
    Interface Intel(R) Dual Band Wireless-AC 7265 #2-WFP Native MAC Layer LightWeight Filter-0000:
    Interface Intel(R) Dual Band Wireless-AC 7265 #2-Virtual WiFi Filter Driver-0000:
    Interface Intel(R) Dual Band Wireless-AC 7265 #2-Native WiFi Filter Driver-0000:
    Interface Intel(R) Dual Band Wireless-AC 7265 #2-VirtualBox NDIS Light-Weight Filter-0000:
    Interface Intel(R) Dual Band Wireless-AC 7265 #2-QoS Packet Scheduler-0000:
    Interface Intel(R) Dual Band Wireless-AC 7265 #2-WFP 802.3 MAC Layer LightWeight Filter-0000:
    Interface Microsoft Wi-Fi Direct Virtual Adapter-WFP Native MAC Layer LightWeight Filter-0000:
    Interface Microsoft Wi-Fi Direct Virtual Adapter-Native WiFi Filter Driver-0000:
    Interface Microsoft Wi-Fi Direct Virtual Adapter-VirtualBox NDIS Light-Weight Filter-0000:
    Interface Microsoft Wi-Fi Direct Virtual Adapter-QoS Packet Scheduler-0000:
    Interface Microsoft Wi-Fi Direct Virtual Adapter-WFP 802.3 MAC Layer LightWeight Filter-0000:
2017-04-03 15:55:43.173+0000 INFO  [org.neo4j]: --- INITIALIZED diagnostics END ---
2017-04-03 15:55:43.321+0000 INFO  [org.neo4j]: Creating new db @ target\db3\neostore
2017-04-03 15:55:43.574+0000 INFO  [org.neo4j]: [target\db3\neostore.relationshiptypestore.db.names] brickCount=0 brickSize=0b mappedMem=0b (storeSize=38b)
2017-04-03 15:55:43.590+0000 INFO  [org.neo4j]: [target\db3\neostore.relationshiptypestore.db] brickCount=0 brickSize=0b mappedMem=0b (storeSize=0b)
2017-04-03 15:55:43.593+0000 INFO  [org.neo4j]: target\db3\neostore.relationshiptypestore.db.names hit=0 miss=0 switches=0 ooe=0
2017-04-03 15:55:43.604+0000 INFO  [org.neo4j]: target\db3\neostore.relationshiptypestore.db hit=0 miss=0 switches=0 ooe=0
2017-04-03 15:55:43.629+0000 INFO  [org.neo4j]: [target\db3\neostore.labeltokenstore.db.names] brickCount=0 brickSize=0b mappedMem=0b (storeSize=38b)
2017-04-03 15:55:43.629+0000 INFO  [org.neo4j]: [target\db3\neostore.labeltokenstore.db] brickCount=0 brickSize=0b mappedMem=0b (storeSize=0b)
2017-04-03 15:55:43.629+0000 INFO  [org.neo4j]: target\db3\neostore.labeltokenstore.db.names hit=0 miss=0 switches=0 ooe=0
2017-04-03 15:55:43.645+0000 INFO  [org.neo4j]: target\db3\neostore.labeltokenstore.db hit=0 miss=0 switches=0 ooe=0
2017-04-03 15:55:43.690+0000 INFO  [org.neo4j]: [target\db3\neostore.relationshiptypestore.db.names] brickCount=0 brickSize=0b mappedMem=0b (storeSize=38b)
2017-04-03 15:55:43.690+0000 INFO  [org.neo4j]: [target\db3\neostore.relationshiptypestore.db] brickCount=0 brickSize=0b mappedMem=0b (storeSize=0b)
2017-04-03 15:55:43.690+0000 INFO  [org.neo4j]: [target\db3\neostore.labeltokenstore.db.names] brickCount=0 brickSize=0b mappedMem=0b (storeSize=38b)
2017-04-03 15:55:43.690+0000 INFO  [org.neo4j]: [target\db3\neostore.labeltokenstore.db] brickCount=0 brickSize=0b mappedMem=0b (storeSize=0b)
2017-04-03 15:55:43.690+0000 INFO  [org.neo4j]: [target\db3\neostore.propertystore.db.strings] brickCount=0 brickSize=98560b mappedMem=98566144b (storeSize=128b)
2017-04-03 15:55:43.690+0000 INFO  [org.neo4j]: [target\db3\neostore.propertystore.db.index.keys] brickCount=0 brickSize=0b mappedMem=0b (storeSize=38b)
2017-04-03 15:55:43.690+0000 INFO  [org.neo4j]: [target\db3\neostore.propertystore.db.index] brickCount=0 brickSize=0b mappedMem=0b (storeSize=0b)
2017-04-03 15:55:43.690+0000 INFO  [org.neo4j]: [target\db3\neostore.propertystore.db.arrays] brickCount=0 brickSize=111104b mappedMem=111149056b (storeSize=128b)
2017-04-03 15:55:43.690+0000 INFO  [org.neo4j]: [target\db3\neostore.propertystore.db] brickCount=0 brickSize=1153412b mappedMem=115343360b (storeSize=0b)
2017-04-03 15:55:43.705+0000 INFO  [org.neo4j]: [target\db3\neostore.relationshipstore.db] brickCount=0 brickSize=1415556b mappedMem=141557760b (storeSize=0b)
2017-04-03 15:55:43.705+0000 INFO  [org.neo4j]: [target\db3\neostore.nodestore.db.labels] brickCount=0 brickSize=0b mappedMem=0b (storeSize=68b)
2017-04-03 15:55:43.705+0000 INFO  [org.neo4j]: [target\db3\neostore.nodestore.db] brickCount=0 brickSize=314565b mappedMem=31457280b (storeSize=0b)
2017-04-03 15:55:43.705+0000 INFO  [org.neo4j]: [target\db3\neostore.schemastore.db] brickCount=0 brickSize=0b mappedMem=0b (storeSize=64b)
2017-04-03 15:55:43.705+0000 INFO  [org.neo4j]: [target\db3\neostore.relationshipgroupstore.db] brickCount=0 brickSize=0b mappedMem=0b (storeSize=25b)
2017-04-03 15:55:43.705+0000 INFO  [org.neo4j]: [target\db3\neostore] brickCount=0 brickSize=0b mappedMem=0b (storeSize=0b)
2017-04-03 15:55:43.721+0000 INFO  [org.neo4j]: target\db3\neostore.relationshiptypestore.db.names hit=0 miss=0 switches=0 ooe=0
2017-04-03 15:55:43.721+0000 INFO  [org.neo4j]: target\db3\neostore.relationshiptypestore.db hit=0 miss=0 switches=0 ooe=0
2017-04-03 15:55:43.737+0000 INFO  [org.neo4j]: target\db3\neostore.labeltokenstore.db.names hit=0 miss=0 switches=0 ooe=0
2017-04-03 15:55:43.752+0000 INFO  [org.neo4j]: target\db3\neostore.labeltokenstore.db hit=0 miss=0 switches=0 ooe=0
2017-04-03 15:55:43.752+0000 INFO  [org.neo4j]: target\db3\neostore.propertystore.db.strings hit=0 miss=0 switches=0 ooe=0
2017-04-03 15:55:43.769+0000 INFO  [org.neo4j]: target\db3\neostore.propertystore.db.index.keys hit=0 miss=0 switches=0 ooe=0
2017-04-03 15:55:43.774+0000 INFO  [org.neo4j]: target\db3\neostore.propertystore.db.index hit=0 miss=0 switches=0 ooe=0
2017-04-03 15:55:43.774+0000 INFO  [org.neo4j]: target\db3\neostore.propertystore.db.arrays hit=0 miss=0 switches=0 ooe=0
2017-04-03 15:55:43.790+0000 INFO  [org.neo4j]: target\db3\neostore.propertystore.db hit=0 miss=0 switches=0 ooe=0
2017-04-03 15:55:43.790+0000 INFO  [org.neo4j]: target\db3\neostore.relationshipstore.db hit=0 miss=0 switches=0 ooe=0
2017-04-03 15:55:43.805+0000 INFO  [org.neo4j]: target\db3\neostore.nodestore.db.labels hit=0 miss=0 switches=0 ooe=0
2017-04-03 15:55:43.805+0000 INFO  [org.neo4j]: target\db3\neostore.nodestore.db hit=0 miss=0 switches=0 ooe=0
2017-04-03 15:55:43.821+0000 INFO  [org.neo4j]: target\db3\neostore.schemastore.db hit=0 miss=0 switches=0 ooe=0
2017-04-03 15:55:43.821+0000 INFO  [org.neo4j]: target\db3\neostore.relationshipgroupstore.db hit=0 miss=0 switches=0 ooe=0
2017-04-03 15:55:43.837+0000 INFO  [org.neo4j]: target\db3\neostore hit=0 miss=10 switches=0 ooe=0
2017-04-03 15:55:43.852+0000 INFO  [org.neo4j]: [target\db3\neostore.relationshiptypestore.db.names] brickCount=0 brickSize=0b mappedMem=0b (storeSize=38b)
2017-04-03 15:55:43.852+0000 INFO  [org.neo4j]: [target\db3\neostore.relationshiptypestore.db] brickCount=0 brickSize=0b mappedMem=0b (storeSize=0b)
2017-04-03 15:55:43.852+0000 INFO  [org.neo4j]: [target\db3\neostore.labeltokenstore.db.names] brickCount=0 brickSize=0b mappedMem=0b (storeSize=38b)
2017-04-03 15:55:43.852+0000 INFO  [org.neo4j]: [target\db3\neostore.labeltokenstore.db] brickCount=0 brickSize=0b mappedMem=0b (storeSize=0b)
2017-04-03 15:55:43.852+0000 INFO  [org.neo4j]: [target\db3\neostore.propertystore.db.strings] brickCount=0 brickSize=98560b mappedMem=98566144b (storeSize=128b)
2017-04-03 15:55:43.852+0000 INFO  [org.neo4j]: [target\db3\neostore.propertystore.db.index.keys] brickCount=0 brickSize=0b mappedMem=0b (storeSize=38b)
2017-04-03 15:55:43.852+0000 INFO  [org.neo4j]: [target\db3\neostore.propertystore.db.index] brickCount=0 brickSize=0b mappedMem=0b (storeSize=0b)
2017-04-03 15:55:43.852+0000 INFO  [org.neo4j]: [target\db3\neostore.propertystore.db.arrays] brickCount=0 brickSize=111104b mappedMem=111149056b (storeSize=128b)
2017-04-03 15:55:43.868+0000 INFO  [org.neo4j]: [target\db3\neostore.propertystore.db] brickCount=0 brickSize=1153412b mappedMem=115343360b (storeSize=0b)
2017-04-03 15:55:43.869+0000 INFO  [org.neo4j]: [target\db3\neostore.relationshipstore.db] brickCount=0 brickSize=1415556b mappedMem=141557760b (storeSize=0b)
2017-04-03 15:55:43.871+0000 INFO  [org.neo4j]: [target\db3\neostore.nodestore.db.labels] brickCount=0 brickSize=0b mappedMem=0b (storeSize=68b)
2017-04-03 15:55:43.872+0000 INFO  [org.neo4j]: [target\db3\neostore.nodestore.db] brickCount=0 brickSize=314565b mappedMem=31457280b (storeSize=0b)
2017-04-03 15:55:43.873+0000 INFO  [org.neo4j]: [target\db3\neostore.schemastore.db] brickCount=0 brickSize=0b mappedMem=0b (storeSize=64b)
2017-04-03 15:55:43.874+0000 INFO  [org.neo4j]: [target\db3\neostore.relationshipgroupstore.db] brickCount=0 brickSize=0b mappedMem=0b (storeSize=25b)
2017-04-03 15:55:43.874+0000 INFO  [org.neo4j]: [target\db3\neostore] brickCount=0 brickSize=0b mappedMem=0b (storeSize=81b)
2017-04-03 15:55:43.952+0000 INFO  [org.neo4j]: No lucene scan store index found, this might just be first use. Preparing to rebuild.
2017-04-03 15:55:43.990+0000 INFO  [org.neo4j]: No lucene scan store index found, this might just be first use. Preparing to rebuild.
2017-04-03 15:55:44.558+0000 INFO  [org.neo4j]: Opened logical log [target\db3\nioneo_logical.log.1] version=0, lastTxId=1 (clean)
2017-04-03 15:55:44.566+0000 INFO  [org.neo4j]: Rebuilding lucene scan store, this may take a while
2017-04-03 15:55:44.569+0000 INFO  [org.neo4j]: Lucene scan store rebuilt (roughly -1 nodes)
2017-04-03 15:55:44.578+0000 INFO  [org.neo4j]: TM new log: tm_tx_log.1
2017-04-03 15:55:44.602+0000 INFO  [org.neo4j]: Kernel health set to OK
2017-04-03 15:55:44.671+0000 INFO  [org.neo4j]: Opened logical log [target\db3\index\lucene.log.1] version=0, lastTxId=1 (clean)
2017-04-03 15:55:44.705+0000 INFO  [org.neo4j]: --- STARTED diagnostics for KernelDiagnostics:Versions START ---
2017-04-03 15:55:44.705+0000 INFO  [org.neo4j]: Graph Database: org.neo4j.kernel.EmbeddedGraphDatabase StoreId{creationTime=1491234943321, randomId=-2642986068936928916, storeVersion=14406081294923270, upgradeTime=1491234943321, upgradeId=-2642986068936928916}
2017-04-03 15:55:44.705+0000 INFO  [org.neo4j]: Kernel version: Neo4j - Graph Database Kernel (neo4j-kernel), version: 2.1.6
2017-04-03 15:55:44.706+0000 INFO  [org.neo4j]: Neo4j component versions:
2017-04-03 15:55:44.718+0000 INFO  [org.neo4j]:   Neo4j - JMX support (neo4j-jmx), version: 2.1.6; revision: 2.1.6:2.1-maint:605/0d7f25fc608f15c54ec1a01f4ba4564ebfb1071a
2017-04-03 15:55:44.718+0000 INFO  [org.neo4j]:   Neo4j - Lucene Index (neo4j-lucene-index), version: 2.1.6; revision: 2.1.6:2.1-maint:605/0d7f25fc608f15c54ec1a01f4ba4564ebfb1071a
2017-04-03 15:55:44.718+0000 INFO  [org.neo4j]:   Neo4j - Graph Matching (neo4j-graph-matching), version: 2.1.6; revision: 2.1.6:2.1-maint:605/0d7f25fc608f15c54ec1a01f4ba4564ebfb1071a
2017-04-03 15:55:44.718+0000 INFO  [org.neo4j]:   Neo4j - Cypher Compiler 2.1 (neo4j-cypher-compiler-2.1), version: 2.1.6; revision: 2.1.6:2.1-maint:605/0d7f25fc608f15c54ec1a01f4ba4564ebfb1071a
2017-04-03 15:55:44.718+0000 INFO  [org.neo4j]:   Neo4j - Cypher (neo4j-cypher), version: 2.1.6; revision: 2.1.6:2.1-maint:605/0d7f25fc608f15c54ec1a01f4ba4564ebfb1071a
2017-04-03 15:55:44.719+0000 INFO  [org.neo4j]:   Neo4j - Graph Database Kernel (neo4j-kernel), version: 2.1.6; revision: 2.1.6:2.1-maint:605/0d7f25fc608f15c54ec1a01f4ba4564ebfb1071a
2017-04-03 15:55:44.719+0000 INFO  [org.neo4j]:   Neo4j - Cypher Compiler 2.0 (neo4j-cypher-compiler-2.0), version: 2.0.3; revision: 2.0.3:2.0-maint:72/307c563c11b75fdc71cfa6df05daf9b08d6c37dc
2017-04-03 15:55:44.719+0000 INFO  [org.neo4j]:   Neo4j - Graph Algorithms (neo4j-graph-algo), version: 2.1.6; revision: 2.1.6:2.1-maint:605/0d7f25fc608f15c54ec1a01f4ba4564ebfb1071a
2017-04-03 15:55:44.719+0000 INFO  [org.neo4j]:   Neo4j Community (neo4j), version: 2.1.6; revision: 2.1.6:2.1-maint:605/0d7f25fc608f15c54ec1a01f4ba4564ebfb1071a
2017-04-03 15:55:44.719+0000 INFO  [org.neo4j]:   Neo4j - Cypher Compiler 1.9 (neo4j-cypher-compiler-1.9), version: 2.0.3; revision: 2.0.3:2.0-maint:72/307c563c11b75fdc71cfa6df05daf9b08d6c37dc
2017-04-03 15:55:44.719+0000 INFO  [org.neo4j]:   neo4j-udc, version: 2.1.6; revision: 2.1.6:2.1-maint:605/0d7f25fc608f15c54ec1a01f4ba4564ebfb1071a
2017-04-03 15:55:44.720+0000 INFO  [org.neo4j]:   Neo4j - Cypher Commons (neo4j-cypher-commons), version: 2.1.6; revision: 2.1.6:2.1-maint:605/0d7f25fc608f15c54ec1a01f4ba4564ebfb1071a
2017-04-03 15:55:44.720+0000 INFO  [org.neo4j]: --- STARTED diagnostics for KernelDiagnostics:Versions END ---
2017-04-03 15:55:44.724+0000 INFO  [org.neo4j]: --- STARTED diagnostics for NEO_STORE_VERSIONS START ---
2017-04-03 15:55:44.726+0000 INFO  [org.neo4j]: Store versions:
    Store versions:
      NeoStore v0.A.3
      SchemaStore v0.A.3
      NodeStore v0.A.3
      RelationshipStore v0.A.3
      RelationshipTypeStore v0.A.3
      LabelTokenStore v0.A.3
      PropertyStore v0.A.3
      PropertyIndexStore v0.A.3
      StringPropertyStore v0.A.3
      ArrayPropertyStore v0.A.3
      RelationshipGroupStore v0.A.3
2017-04-03 15:55:44.734+0000 INFO  [org.neo4j]: --- STARTED diagnostics for NEO_STORE_VERSIONS END ---
2017-04-03 15:55:44.734+0000 INFO  [org.neo4j]: --- STARTED diagnostics for NEO_STORE_ID_USAGE START ---
2017-04-03 15:55:44.734+0000 INFO  [org.neo4j]: Id usage:
    Id usage:
      SchemaStore: used=1 high=0
      NodeStore: used=0 high=-1
      RelationshipStore: used=0 high=-1
      RelationshipTypeStore: used=0 high=-1
      LabelTokenStore: used=0 high=-1
      PropertyStore: used=0 high=-1
      PropertyIndexStore: used=0 high=-1
      StringPropertyStore: used=1 high=0
      ArrayPropertyStore: used=1 high=0
      RelationshipGroupStore: used=1 high=0
2017-04-03 15:55:44.744+0000 INFO  [org.neo4j]: --- STARTED diagnostics for NEO_STORE_ID_USAGE END ---
2017-04-03 15:55:44.744+0000 INFO  [org.neo4j]: --- STARTED diagnostics for PERSISTENCE_WINDOW_POOL_STATS START ---
2017-04-03 15:55:44.745+0000 INFO  [org.neo4j]: --- STARTED diagnostics for PERSISTENCE_WINDOW_POOL_STATS END ---
2017-04-03 15:55:44.745+0000 INFO  [org.neo4j]: --- STARTED diagnostics for KernelDiagnostics:StoreFiles START ---
2017-04-03 15:55:44.763+0000 INFO  [org.neo4j]: Disk space on partition (Total / Free / Free %): 241052594176 / 102977777664 / 42
Storage files: (filename : modification date - size)
      active_tx_log: 2017-04-03T16:55:44+0100 - 11.00 B
      index:
        lucene-store.db: 2017-04-03T16:55:44+0100 - 40.00 B
        lucene.log.1: 2017-04-03T16:55:44+0100 - 16.00 B
        lucene.log.active: 2017-04-03T16:55:44+0100 - 4.00 B
      - Total: 2017-04-03T16:55:44+0100 - 60.00 B
      lock: 2017-04-03T16:55:43+0100 - 0.00 B
      messages.log: 2017-04-03T16:55:42+0100 - 24.29 kB
      neostore: 2017-04-03T16:55:43+0100 - 81.00 B
      neostore.id: 2017-04-03T16:55:43+0100 - 9.00 B
      neostore.labeltokenstore.db: 2017-04-03T16:55:43+0100 - 0.00 B
      neostore.labeltokenstore.db.id: 2017-04-03T16:55:43+0100 - 9.00 B
      neostore.labeltokenstore.db.names: 2017-04-03T16:55:43+0100 - 38.00 B
      neostore.labeltokenstore.db.names.id: 2017-04-03T16:55:43+0100 - 9.00 B
      neostore.nodestore.db: 2017-04-03T16:55:43+0100 - 0.00 B
      neostore.nodestore.db.id: 2017-04-03T16:55:43+0100 - 9.00 B
      neostore.nodestore.db.labels: 2017-04-03T16:55:43+0100 - 68.00 B
      neostore.nodestore.db.labels.id: 2017-04-03T16:55:43+0100 - 9.00 B
      neostore.propertystore.db: 2017-04-03T16:55:43+0100 - 0.00 B
      neostore.propertystore.db.arrays: 2017-04-03T16:55:43+0100 - 128.00 B
      neostore.propertystore.db.arrays.id: 2017-04-03T16:55:43+0100 - 9.00 B
      neostore.propertystore.db.id: 2017-04-03T16:55:43+0100 - 9.00 B
      neostore.propertystore.db.index: 2017-04-03T16:55:43+0100 - 0.00 B
      neostore.propertystore.db.index.id: 2017-04-03T16:55:43+0100 - 9.00 B
      neostore.propertystore.db.index.keys: 2017-04-03T16:55:43+0100 - 38.00 B
      neostore.propertystore.db.index.keys.id: 2017-04-03T16:55:43+0100 - 9.00 B
      neostore.propertystore.db.strings: 2017-04-03T16:55:43+0100 - 128.00 B
      neostore.propertystore.db.strings.id: 2017-04-03T16:55:43+0100 - 9.00 B
      neostore.relationshipgroupstore.db: 2017-04-03T16:55:43+0100 - 25.00 B
      neostore.relationshipgroupstore.db.id: 2017-04-03T16:55:43+0100 - 9.00 B
      neostore.relationshipstore.db: 2017-04-03T16:55:43+0100 - 0.00 B
      neostore.relationshipstore.db.id: 2017-04-03T16:55:43+0100 - 9.00 B
      neostore.relationshiptypestore.db: 2017-04-03T16:55:43+0100 - 0.00 B
      neostore.relationshiptypestore.db.id: 2017-04-03T16:55:43+0100 - 9.00 B
      neostore.relationshiptypestore.db.names: 2017-04-03T16:55:43+0100 - 38.00 B
      neostore.relationshiptypestore.db.names.id: 2017-04-03T16:55:43+0100 - 9.00 B
      neostore.schemastore.db: 2017-04-03T16:55:43+0100 - 64.00 B
      neostore.schemastore.db.id: 2017-04-03T16:55:43+0100 - 9.00 B
      nioneo_logical.log.1: 2017-04-03T16:55:44+0100 - 16.00 B
      nioneo_logical.log.active: 2017-04-03T16:55:44+0100 - 4.00 B
      schema:
        label:
          lucene:
            write.lock: 2017-04-03T16:55:44+0100 - 0.00 B
          - Total: 2017-04-03T16:55:44+0100 - 0.00 B
        - Total: 2017-04-03T16:55:43+0100 - 0.00 B
      - Total: 2017-04-03T16:55:43+0100 - 0.00 B
      store_lock: 2017-04-03T16:55:43+0100 - 0.00 B
      tm_tx_log.1: 2017-04-03T16:55:44+0100 - 0.00 B
2017-04-03 16:00:11.206+0000 INFO  [org.neo4j]: No locking implementation specified, defaulting to 'community'
2017-04-03 16:00:11.291+0000 INFO  [org.neo4j]: --- INITIALIZED diagnostics START ---
2017-04-03 16:00:11.291+0000 INFO  [org.neo4j]: Neo4j Kernel properties:
    neostore.propertystore.db.mapped_memory=110M
    neostore.nodestore.db.mapped_memory=30M
    neostore.relationshipstore.db.mapped_memory=135M
    neostore.propertystore.db.strings.mapped_memory=94M
    store_dir=target/db3
    neostore.propertystore.db.arrays.mapped_memory=106M
    ephemeral=false
2017-04-03 16:00:11.291+0000 INFO  [org.neo4j]: Diagnostics providers:
    org.neo4j.kernel.configuration.Config
    org.neo4j.kernel.info.DiagnosticsManager
    SYSTEM_MEMORY
    JAVA_MEMORY
    OPERATING_SYSTEM
    JAVA_VIRTUAL_MACHINE
    CLASSPATH
    LIBRARY_PATH
    SYSTEM_PROPERTIES
    NETWORK
2017-04-03 16:00:11.291+0000 INFO  [org.neo4j]: System memory information:
    Total Physical memory: 7.92 GB
    Free Physical memory: 2.73 GB
    Committed virtual memory: 246.57 MB
    Total swap space: 14.67 GB
    Free swap space: 5.95 GB
2017-04-03 16:00:11.306+0000 INFO  [org.neo4j]: JVM memory information:
    Free  memory: 110.22 MB
    Total memory: 122.00 MB
    Max   memory: 1.76 GB
    Garbage Collector: PS Scavenge: [PS Eden Space, PS Survivor Space]
    Garbage Collector: PS MarkSweep: [PS Eden Space, PS Survivor Space, PS Old Gen, PS Perm Gen]
    Memory Pool: Code Cache (Non-heap memory): committed=2.44 MB, used=468.69 kB, max=48.00 MB, threshold=0.00 B
    Memory Pool: PS Eden Space (Heap memory): committed=32.50 MB, used=11.78 MB, max=667.00 MB, threshold=?
    Memory Pool: PS Survivor Space (Heap memory): committed=5.00 MB, used=0.00 B, max=5.00 MB, threshold=?
    Memory Pool: PS Old Gen (Heap memory): committed=84.50 MB, used=0.00 B, max=1.32 GB, threshold=0.00 B
    Memory Pool: PS Perm Gen (Non-heap memory): committed=21.00 MB, used=6.38 MB, max=82.00 MB, threshold=0.00 B
2017-04-03 16:00:11.306+0000 INFO  [org.neo4j]: Operating system information:
    Operating System: Windows 8.1; version: 6.3; arch: amd64; cpus: 4
    Process id: 6608@DESKTOP-DBJV7RK
    Byte order: LITTLE_ENDIAN
    Local timezone: Europe/London
2017-04-03 16:00:11.337+0000 INFO  [org.neo4j]: JVM information:
    VM Name: Java HotSpot(TM) 64-Bit Server VM
    VM Vendor: Oracle Corporation
    VM Version: 24.79-b02
    JIT compiler: HotSpot 64-Bit Tiered Compilers
    VM Arguments: [-Dfile.encoding=UTF-8]
2017-04-03 16:00:11.337+0000 INFO  [org.neo4j]: Java classpath:
     [bootstrap] C:\Program Files\Java\jdk1.7.0_79\jre\lib\charsets.jar
     [loader.1] file:/C:/Program%20Files/Java/jdk1.7.0_79/jre/lib/ext/sunjce_provider.jar
     [classpath + loader.0] file:/C:/Users/Priyaa/.m2/repository/org/neo4j/neo4j-jmx/2.1.6/neo4j-jmx-2.1.6.jar
     [classpath + loader.0] file:/C:/Users/Priyaa/.m2/repository/org/neo4j/neo4j-cypher-commons/2.1.6/neo4j-cypher-commons-2.1.6.jar
     [classpath + loader.0] file:/C:/Users/Priyaa/.m2/repository/org/neo4j/neo4j/2.1.6/neo4j-2.1.6.jar
     [loader.1] file:/C:/Program%20Files/Java/jdk1.7.0_79/jre/lib/ext/access-bridge-64.jar
     [bootstrap] C:\Program Files\Java\jdk1.7.0_79\jre\lib\jsse.jar
     [loader.1] file:/C:/Program%20Files/Java/jdk1.7.0_79/jre/lib/ext/localedata.jar
     [classpath + loader.0] file:/C:/Users/Priyaa/.m2/repository/org/parboiled/parboiled-scala_2.10/1.1.6/parboiled-scala_2.10-1.1.6.jar
     [classpath + loader.0] file:/C:/Users/Priyaa/.m2/repository/org/neo4j/neo4j-kernel/2.1.6/neo4j-kernel-2.1.6.jar
     [loader.1] file:/C:/Program%20Files/Java/jdk1.7.0_79/jre/lib/ext/jaccess.jar
     [loader.1] file:/C:/Program%20Files/Java/jdk1.7.0_79/jre/lib/ext/dnsns.jar
     [classpath + loader.0] file:/C:/Users/Priyaa/.m2/repository/org/neo4j/neo4j-cypher-compiler-1.9/2.0.3/neo4j-cypher-compiler-1.9-2.0.3.jar
     [classpath + loader.0] file:/C:/Users/Priyaa/.m2/repository/org/neo4j/neo4j-udc/2.1.6/neo4j-udc-2.1.6.jar
     [classpath + loader.0] file:/C:/Users/Priyaa/.m2/repository/com/googlecode/concurrentlinkedhashmap/concurrentlinkedhashmap-lru/1.3.1/concurrentlinkedhashmap-lru-1.3.1.jar
     [classpath + loader.0] file:/C:/Users/Priyaa/.m2/repository/net/sf/opencsv/opencsv/2.3/opencsv-2.3.jar
     [classpath + loader.0] file:/C:/Users/Priyaa/.m2/repository/org/neo4j/neo4j-primitive-collections/2.1.6/neo4j-primitive-collections-2.1.6.jar
     [loader.1] file:/C:/Program%20Files/Java/jdk1.7.0_79/jre/lib/ext/sunmscapi.jar
     [classpath + loader.0] file:/C:/Users/Priyaa/.m2/repository/org/apache/geronimo/specs/geronimo-jta_1.1_spec/1.1.1/geronimo-jta_1.1_spec-1.1.1.jar
     [classpath + loader.0] file:/C:/Users/Priyaa/.m2/repository/org/neo4j/neo4j-lucene-index/2.1.6/neo4j-lucene-index-2.1.6.jar
     [bootstrap] C:\Program Files\Java\jdk1.7.0_79\jre\lib\resources.jar
     [bootstrap] C:\Program Files\Java\jdk1.7.0_79\jre\lib\jce.jar
     [classpath + loader.0] file:/C:/Users/Priyaa/.m2/repository/org/neo4j/neo4j-cypher-compiler-2.0/2.0.3/neo4j-cypher-compiler-2.0-2.0.3.jar
     [classpath + loader.0] file:/C:/Users/Priyaa/Desktop/ProvProject2/toNeo/target/classes/
     [bootstrap] C:\Program Files\Java\jdk1.7.0_79\jre\lib\rt.jar
     [classpath + loader.0] file:/C:/Users/Priyaa/.m2/repository/org/parboiled/parboiled-core/1.1.6/parboiled-core-1.1.6.jar
     [classpath + loader.0] file:/C:/Users/Priyaa/.m2/repository/org/neo4j/neo4j-cypher/2.1.6/neo4j-cypher-2.1.6.jar
     [bootstrap] C:\Program Files\Java\jdk1.7.0_79\jre\classes
     [loader.1] file:/C:/Program%20Files/Java/jdk1.7.0_79/jre/lib/ext/sunec.jar
     [classpath + loader.0] file:/C:/Users/Priyaa/.m2/repository/org/apache/lucene/lucene-core/3.6.2/lucene-core-3.6.2.jar
     [classpath + loader.0] file:/C:/Users/Priyaa/.m2/repository/org/scala-lang/scala-library/2.10.4/scala-library-2.10.4.jar
     [classpath + loader.0] file:/C:/Users/Priyaa/.m2/repository/org/neo4j/neo4j-graph-algo/2.1.6/neo4j-graph-algo-2.1.6.jar
     [loader.1] file:/C:/Program%20Files/Java/jdk1.7.0_79/jre/lib/ext/zipfs.jar
     [classpath + loader.0] file:/C:/Users/Priyaa/.m2/repository/org/neo4j/neo4j-cypher-compiler-2.1/2.1.6/neo4j-cypher-compiler-2.1-2.1.6.jar
     [classpath + loader.0] file:/C:/Users/Priyaa/.m2/repository/org/neo4j/neo4j-graph-matching/2.1.6/neo4j-graph-matching-2.1.6.jar
     [bootstrap] C:\Program Files\Java\jdk1.7.0_79\jre\lib\jfr.jar
     [bootstrap] C:\Program Files\Java\jdk1.7.0_79\jre\lib\sunrsasign.jar
2017-04-03 16:00:11.353+0000 INFO  [org.neo4j]: Library path:
    C:\Program Files\Java\jdk1.7.0_79\bin
    C:\Windows\Sun\Java\bin
    C:\Windows\System32
    C:\Windows
    C:\Program Files\Java\jre1.8.0_92\bin\server
    C:\Program Files\Java\jre1.8.0_92\bin
    C:\Program Files\Java\jre1.8.0_92\lib\amd64
    C:\ProgramData\Oracle\Java\javapath
    C:\Program Files\Java\jdk1.8.0_92\bin
    C:\Program Files (x86)\Intel\iCLS Client
    C:\Program Files\Intel\iCLS Client
    C:\Windows\System32
    C:\Windows
    C:\Windows\System32\wbem
    C:\Windows\System32\WindowsPowerShell\v1.0
    C:\Program Files (x86)\NVIDIA Corporation\PhysX\Common
    C:\Program Files (x86)\Intel\Intel(R) Management Engine Components\DAL
    C:\Program Files\Intel\Intel(R) Management Engine Components\DAL
    C:\Program Files (x86)\Intel\Intel(R) Management Engine Components\IPT
    C:\Program Files\Intel\Intel(R) Management Engine Components\IPT
    C:\Program Files (x86)\Skype\Phone
    C:\Anaconda3
    C:\Anaconda3\Scripts
    C:\Anaconda3\Library\bin
    C:\Users\Priyaa\Desktop\elasticsearch-2.3.3\elasticsearch-2.3.3\bin
    C:\graphviz-2.38\release\bin\dot
    C:\Program Files\Intel\WiFi\bin
    C:\Program Files\Common Files\Intel\WirelessCommon
    C:\Windows\System32\config\systemprofile\.dnx\bin
    C:\Program Files\Microsoft DNX\Dnvm
    C:\Program Files\Microsoft SQL Server\130\Tools\Binn
    C:\Program Files (x86)\Microsoft Visual Studio 14.0\VC
    C:\Windows\System32
    C:\Windows
    C:\Windows\System32\wbem
    C:\Windows\System32\WindowsPowerShell\v1.0
    C:\Program Files\MiKTeX 2.9\miktex\bin\x64
    C:\Program Files\swipl\bin
    C:\Program Files\Git\cmd
    C:\Program Files\Java\jdk1.8.0_92\bin
    C:\graphviz-2.38\release\bin\dot
    C:\Users\Priyaa\Desktop\elasticsearch-2.3.3\elasticsearch-2.3.3\bin
    C:\Program Files (x86)\Microsoft Visual Studio 14.0\VC
    C:\Users\Priyaa\AppData\Local\Microsoft\WindowsApps
    C:\Program Files\swipl\bin
    C:\Users\Priyaa\Desktop\eclipse-jee-kepler-R-win32-x86_64\eclipse
    C:\Users\Priyaa\Desktop\ProvProject2\toNeo
    C:\Users\Priyaa\Desktop\ProvProject2\toNeo
2017-04-03 16:00:11.372+0000 INFO  [org.neo4j]: System.properties:
    sun.boot.library.path = C:\Program Files\Java\jdk1.7.0_79\jre\bin
    path.separator = ;
    file.encoding.pkg = sun.io
    user.country = GB
    user.script = 
    sun.java.launcher = SUN_STANDARD
    sun.os.patch.level = 
    user.dir = C:\Users\Priyaa\Desktop\ProvProject2\toNeo
    user.variant = 
    sun.jnu.encoding = Cp1252
    sun.management.compiler = HotSpot 64-Bit Tiered Compilers
    user.home = C:\Users\Priyaa
    user.timezone = Europe/London
    file.encoding = UTF-8
    user.name = Priyaa
    sun.java.command = uk.ac.ncl.App
    sun.arch.data.model = 64
    user.language = en
    awt.toolkit = sun.awt.windows.WToolkit
    file.separator = \
    sun.io.unicode.encoding = UnicodeLittle
    sun.cpu.endian = little
    sun.desktop = windows
    sun.cpu.isalist = amd64
2017-04-03 16:00:11.375+0000 INFO  [org.neo4j]: Network information:
    Interface Software Loopback Interface 1:
        address: 127.0.0.1
        address: 0:0:0:0:0:0:0:1
    Interface WAN Miniport (IPv6):
    Interface WAN Miniport (SSTP):
    Interface WAN Miniport (PPPOE):
    Interface Microsoft Teredo Tunneling Adapter:
        address: 2001:0:4137:9e76:10c6:3b79:7f0f:1ec9
        address: fe80:0:0:0:10c6:3b79:7f0f:1ec9%5
    Interface WAN Miniport (IP):
    Interface WAN Miniport (Network Monitor):
    Interface WAN Miniport (PPTP):
    Interface WAN Miniport (IKEv2):
    Interface Microsoft ISATAP Adapter #3:
    Interface Microsoft ISATAP Adapter #2:
    Interface Microsoft ISATAP Adapter:
    Interface VirtualBox Host-Only Ethernet Adapter:
    Interface RAS Async Adapter:
    Interface Realtek PCIe GBE Family Controller:
        address: fe80:0:0:0:b7:7545:9cad:66d0%15
    Interface Microsoft Kernel Debug Network Adapter:
    Interface Intel(R) Dual Band Wireless-AC 7265 #2:
        address: 10.56.196.73
        address: fe80:0:0:0:10ca:97c3:4093:d8d0%17
    Interface Microsoft Wi-Fi Direct Virtual Adapter:
        address: fe80:0:0:0:6809:816:7f92:55c%18
    Interface Microsoft ISATAP Adapter #5:
        address: fe80:0:0:0:0:5efe:a38:c449%19
    Interface WAN Miniport (L2TP):
    Interface Realtek PCIe GBE Family Controller-WFP Native MAC Layer LightWeight Filter-0000:
    Interface Realtek PCIe GBE Family Controller-VirtualBox NDIS Light-Weight Filter-0000:
    Interface Realtek PCIe GBE Family Controller-QoS Packet Scheduler-0000:
    Interface Realtek PCIe GBE Family Controller-WFP 802.3 MAC Layer LightWeight Filter-0000:
    Interface Intel(R) Dual Band Wireless-AC 7265 #2-WFP Native MAC Layer LightWeight Filter-0000:
    Interface Intel(R) Dual Band Wireless-AC 7265 #2-Virtual WiFi Filter Driver-0000:
    Interface Intel(R) Dual Band Wireless-AC 7265 #2-Native WiFi Filter Driver-0000:
    Interface Intel(R) Dual Band Wireless-AC 7265 #2-VirtualBox NDIS Light-Weight Filter-0000:
    Interface Intel(R) Dual Band Wireless-AC 7265 #2-QoS Packet Scheduler-0000:
    Interface Intel(R) Dual Band Wireless-AC 7265 #2-WFP 802.3 MAC Layer LightWeight Filter-0000:
    Interface Microsoft Wi-Fi Direct Virtual Adapter-WFP Native MAC Layer LightWeight Filter-0000:
    Interface Microsoft Wi-Fi Direct Virtual Adapter-Native WiFi Filter Driver-0000:
    Interface Microsoft Wi-Fi Direct Virtual Adapter-VirtualBox NDIS Light-Weight Filter-0000:
    Interface Microsoft Wi-Fi Direct Virtual Adapter-QoS Packet Scheduler-0000:
    Interface Microsoft Wi-Fi Direct Virtual Adapter-WFP 802.3 MAC Layer LightWeight Filter-0000:
2017-04-03 16:00:11.472+0000 INFO  [org.neo4j]: --- INITIALIZED diagnostics END ---
2017-04-03 16:00:11.606+0000 INFO  [org.neo4j]: target\db3\neostore.relationshiptypestore.db.names non clean shutdown detected
2017-04-03 16:00:11.622+0000 INFO  [org.neo4j]: [target\db3\neostore.relationshiptypestore.db.names] brickCount=0 brickSize=0b mappedMem=0b (storeSize=38b)
2017-04-03 16:00:11.622+0000 INFO  [org.neo4j]: target\db3\neostore.relationshiptypestore.db non clean shutdown detected
2017-04-03 16:00:11.622+0000 INFO  [org.neo4j]: [target\db3\neostore.relationshiptypestore.db] brickCount=0 brickSize=0b mappedMem=0b (storeSize=0b)
2017-04-03 16:00:11.622+0000 INFO  [org.neo4j]: target\db3\neostore.labeltokenstore.db.names non clean shutdown detected
2017-04-03 16:00:11.637+0000 INFO  [org.neo4j]: [target\db3\neostore.labeltokenstore.db.names] brickCount=0 brickSize=0b mappedMem=0b (storeSize=38b)
2017-04-03 16:00:11.637+0000 INFO  [org.neo4j]: target\db3\neostore.labeltokenstore.db non clean shutdown detected
2017-04-03 16:00:11.637+0000 INFO  [org.neo4j]: [target\db3\neostore.labeltokenstore.db] brickCount=0 brickSize=0b mappedMem=0b (storeSize=0b)
2017-04-03 16:00:11.637+0000 INFO  [org.neo4j]: target\db3\neostore.propertystore.db.strings non clean shutdown detected
2017-04-03 16:00:11.637+0000 INFO  [org.neo4j]: [target\db3\neostore.propertystore.db.strings] brickCount=0 brickSize=98560b mappedMem=98566144b (storeSize=128b)
2017-04-03 16:00:11.637+0000 INFO  [org.neo4j]: target\db3\neostore.propertystore.db.index.keys non clean shutdown detected
2017-04-03 16:00:11.653+0000 INFO  [org.neo4j]: [target\db3\neostore.propertystore.db.index.keys] brickCount=0 brickSize=0b mappedMem=0b (storeSize=38b)
2017-04-03 16:00:11.653+0000 INFO  [org.neo4j]: target\db3\neostore.propertystore.db.index non clean shutdown detected
2017-04-03 16:00:11.653+0000 INFO  [org.neo4j]: [target\db3\neostore.propertystore.db.index] brickCount=0 brickSize=0b mappedMem=0b (storeSize=0b)
2017-04-03 16:00:11.653+0000 INFO  [org.neo4j]: target\db3\neostore.propertystore.db.arrays non clean shutdown detected
2017-04-03 16:00:11.653+0000 INFO  [org.neo4j]: [target\db3\neostore.propertystore.db.arrays] brickCount=0 brickSize=111104b mappedMem=111149056b (storeSize=128b)
2017-04-03 16:00:11.674+0000 INFO  [org.neo4j]: target\db3\neostore.propertystore.db non clean shutdown detected
2017-04-03 16:00:11.674+0000 INFO  [org.neo4j]: [target\db3\neostore.propertystore.db] brickCount=0 brickSize=1153412b mappedMem=115343360b (storeSize=0b)
2017-04-03 16:00:11.674+0000 INFO  [org.neo4j]: target\db3\neostore.relationshipstore.db non clean shutdown detected
2017-04-03 16:00:11.674+0000 INFO  [org.neo4j]: [target\db3\neostore.relationshipstore.db] brickCount=0 brickSize=1415556b mappedMem=141557760b (storeSize=0b)
2017-04-03 16:00:11.674+0000 INFO  [org.neo4j]: target\db3\neostore.nodestore.db.labels non clean shutdown detected
2017-04-03 16:00:11.690+0000 INFO  [org.neo4j]: [target\db3\neostore.nodestore.db.labels] brickCount=0 brickSize=0b mappedMem=0b (storeSize=68b)
2017-04-03 16:00:11.690+0000 INFO  [org.neo4j]: target\db3\neostore.nodestore.db non clean shutdown detected
2017-04-03 16:00:11.690+0000 INFO  [org.neo4j]: [target\db3\neostore.nodestore.db] brickCount=0 brickSize=314565b mappedMem=31457280b (storeSize=0b)
2017-04-03 16:00:11.690+0000 INFO  [org.neo4j]: target\db3\neostore.schemastore.db non clean shutdown detected
2017-04-03 16:00:11.690+0000 INFO  [org.neo4j]: [target\db3\neostore.schemastore.db] brickCount=0 brickSize=0b mappedMem=0b (storeSize=64b)
2017-04-03 16:00:11.690+0000 INFO  [org.neo4j]: target\db3\neostore.relationshipgroupstore.db non clean shutdown detected
2017-04-03 16:00:11.706+0000 INFO  [org.neo4j]: [target\db3\neostore.relationshipgroupstore.db] brickCount=0 brickSize=0b mappedMem=0b (storeSize=25b)
2017-04-03 16:00:11.706+0000 INFO  [org.neo4j]: target\db3\neostore non clean shutdown detected
2017-04-03 16:00:11.706+0000 INFO  [org.neo4j]: [target\db3\neostore] brickCount=0 brickSize=0b mappedMem=0b (storeSize=81b)
2017-04-03 16:00:11.806+0000 INFO  [org.neo4j]: No lucene scan store index found, this might just be first use. Preparing to rebuild.
2017-04-03 16:00:11.906+0000 INFO  [org.neo4j]: Non clean shutdown detected on log [target\db3\nioneo_logical.log.1]. Recovery started ...
2017-04-03 16:00:11.906+0000 INFO  [org.neo4j]: [target\db3\nioneo_logical.log.1] logVersion=0 with committed tx=1
2017-04-03 16:00:11.922+0000 INFO  [org.neo4j]: [target\db3\nioneo_logical.log.1] entries found=0 lastEntryPos=16
2017-04-03 16:00:11.922+0000 INFO  [org.neo4j]: Opened logical log [target\db3\nioneo_logical.log.1] version=0, lastTxId=-1 (recovered)
2017-04-03 16:00:11.922+0000 INFO  [org.neo4j]: XaResourceManager[nioneo_logical.log] sorting 0 xids
2017-04-03 16:00:11.922+0000 INFO  [org.neo4j]: XaResourceManager[nioneo_logical.log] checkRecoveryComplete 0 xids
2017-04-03 16:00:11.953+0000 INFO  [org.neo4j]: target\db3\neostore.relationshiptypestore.db.names rebuild id generator, highId=2 defragged count=0
2017-04-03 16:00:11.974+0000 INFO  [org.neo4j]: target\db3\neostore.relationshiptypestore.db rebuild id generator, highId=0 defragged count=0
2017-04-03 16:00:11.975+0000 INFO  [org.neo4j]: target\db3\neostore.labeltokenstore.db.names rebuild id generator, highId=2 defragged count=0
2017-04-03 16:00:11.991+0000 INFO  [org.neo4j]: target\db3\neostore.labeltokenstore.db rebuild id generator, highId=0 defragged count=0
2017-04-03 16:00:12.006+0000 INFO  [org.neo4j]: target\db3\neostore.propertystore.db.index.keys rebuild id generator, highId=2 defragged count=0
2017-04-03 16:00:12.022+0000 INFO  [org.neo4j]: target\db3\neostore.propertystore.db.index rebuild id generator, highId=0 defragged count=0
2017-04-03 16:00:12.038+0000 INFO  [org.neo4j]: target\db3\neostore.propertystore.db.strings rebuild id generator, highId=2 defragged count=0
2017-04-03 16:00:12.053+0000 INFO  [org.neo4j]: target\db3\neostore.propertystore.db.arrays rebuild id generator, highId=2 defragged count=0
2017-04-03 16:00:12.075+0000 INFO  [org.neo4j]: target\db3\neostore.propertystore.db rebuild id generator, highId=0 defragged count=0
2017-04-03 16:00:12.091+0000 INFO  [org.neo4j]: target\db3\neostore.relationshipstore.db rebuild id generator, highId=0 defragged count=0
2017-04-03 16:00:12.091+0000 INFO  [org.neo4j]: target\db3\neostore.nodestore.db.labels rebuild id generator, highId=2 defragged count=0
2017-04-03 16:00:12.106+0000 INFO  [org.neo4j]: target\db3\neostore.nodestore.db rebuild id generator, highId=0 defragged count=0
2017-04-03 16:00:12.122+0000 INFO  [org.neo4j]: target\db3\neostore.schemastore.db rebuild id generator, highId=2 defragged count=0
2017-04-03 16:00:12.138+0000 INFO  [org.neo4j]: target\db3\neostore.relationshipgroupstore.db rebuild id generator, highId=1 defragged count=0
2017-04-03 16:00:12.153+0000 INFO  [org.neo4j]: target\db3\neostore rebuild id generator, highId=9 defragged count=0
2017-04-03 16:00:12.153+0000 INFO  [org.neo4j]: XaResourceManager[nioneo_logical.log] recovery completed.
2017-04-03 16:00:12.153+0000 INFO  [org.neo4j]: Recovery on log [target\db3\nioneo_logical.log.1] completed.
2017-04-03 16:00:12.153+0000 INFO  [org.neo4j]: Rebuilding lucene scan store, this may take a while
2017-04-03 16:00:12.153+0000 INFO  [org.neo4j]: Lucene scan store rebuilt (roughly -1 nodes)
2017-04-03 16:00:12.171+0000 INFO  [org.neo4j]: TM opening log: target\db3\tm_tx_log.1
2017-04-03 16:00:12.175+0000 INFO  [org.neo4j]: Kernel health set to OK
2017-04-03 16:00:12.191+0000 INFO  [org.neo4j]: Non clean shutdown detected on log [target\db3\index\lucene.log.1]. Recovery started ...
2017-04-03 16:00:12.191+0000 INFO  [org.neo4j]: [target\db3\index\lucene.log.1] logVersion=0 with committed tx=1
2017-04-03 16:00:12.191+0000 INFO  [org.neo4j]: [target\db3\index\lucene.log.1] entries found=0 lastEntryPos=16
2017-04-03 16:00:12.191+0000 INFO  [org.neo4j]: Opened logical log [target\db3\index\lucene.log.1] version=0, lastTxId=-1 (recovered)
2017-04-03 16:00:12.191+0000 INFO  [org.neo4j]: XaResourceManager[lucene.log] sorting 0 xids
2017-04-03 16:00:12.191+0000 INFO  [org.neo4j]: XaResourceManager[lucene.log] checkRecoveryComplete 0 xids
2017-04-03 16:00:12.191+0000 INFO  [org.neo4j]: XaResourceManager[lucene.log] recovery completed.
2017-04-03 16:00:12.191+0000 INFO  [org.neo4j]: Recovery on log [target\db3\index\lucene.log.1] completed.
2017-04-03 16:00:12.206+0000 INFO  [org.neo4j]: --- STARTED diagnostics for KernelDiagnostics:Versions START ---
2017-04-03 16:00:12.206+0000 INFO  [org.neo4j]: Graph Database: org.neo4j.kernel.EmbeddedGraphDatabase StoreId{creationTime=1491234943321, randomId=-2642986068936928916, storeVersion=14406081294923270, upgradeTime=1491234943321, upgradeId=-2642986068936928916}
2017-04-03 16:00:12.206+0000 INFO  [org.neo4j]: Kernel version: Neo4j - Graph Database Kernel (neo4j-kernel), version: 2.1.6
2017-04-03 16:00:12.206+0000 INFO  [org.neo4j]: Neo4j component versions:
2017-04-03 16:00:12.222+0000 INFO  [org.neo4j]:   Neo4j - JMX support (neo4j-jmx), version: 2.1.6; revision: 2.1.6:2.1-maint:605/0d7f25fc608f15c54ec1a01f4ba4564ebfb1071a
2017-04-03 16:00:12.222+0000 INFO  [org.neo4j]:   Neo4j - Lucene Index (neo4j-lucene-index), version: 2.1.6; revision: 2.1.6:2.1-maint:605/0d7f25fc608f15c54ec1a01f4ba4564ebfb1071a
2017-04-03 16:00:12.222+0000 INFO  [org.neo4j]:   Neo4j - Graph Matching (neo4j-graph-matching), version: 2.1.6; revision: 2.1.6:2.1-maint:605/0d7f25fc608f15c54ec1a01f4ba4564ebfb1071a
2017-04-03 16:00:12.222+0000 INFO  [org.neo4j]:   Neo4j - Cypher Compiler 2.1 (neo4j-cypher-compiler-2.1), version: 2.1.6; revision: 2.1.6:2.1-maint:605/0d7f25fc608f15c54ec1a01f4ba4564ebfb1071a
2017-04-03 16:00:12.222+0000 INFO  [org.neo4j]:   Neo4j - Cypher (neo4j-cypher), version: 2.1.6; revision: 2.1.6:2.1-maint:605/0d7f25fc608f15c54ec1a01f4ba4564ebfb1071a
2017-04-03 16:00:12.222+0000 INFO  [org.neo4j]:   Neo4j - Graph Database Kernel (neo4j-kernel), version: 2.1.6; revision: 2.1.6:2.1-maint:605/0d7f25fc608f15c54ec1a01f4ba4564ebfb1071a
2017-04-03 16:00:12.222+0000 INFO  [org.neo4j]:   Neo4j - Cypher Compiler 2.0 (neo4j-cypher-compiler-2.0), version: 2.0.3; revision: 2.0.3:2.0-maint:72/307c563c11b75fdc71cfa6df05daf9b08d6c37dc
2017-04-03 16:00:12.222+0000 INFO  [org.neo4j]:   Neo4j - Graph Algorithms (neo4j-graph-algo), version: 2.1.6; revision: 2.1.6:2.1-maint:605/0d7f25fc608f15c54ec1a01f4ba4564ebfb1071a
2017-04-03 16:00:12.222+0000 INFO  [org.neo4j]:   Neo4j Community (neo4j), version: 2.1.6; revision: 2.1.6:2.1-maint:605/0d7f25fc608f15c54ec1a01f4ba4564ebfb1071a
2017-04-03 16:00:12.222+0000 INFO  [org.neo4j]:   Neo4j - Cypher Compiler 1.9 (neo4j-cypher-compiler-1.9), version: 2.0.3; revision: 2.0.3:2.0-maint:72/307c563c11b75fdc71cfa6df05daf9b08d6c37dc
2017-04-03 16:00:12.222+0000 INFO  [org.neo4j]:   neo4j-udc, version: 2.1.6; revision: 2.1.6:2.1-maint:605/0d7f25fc608f15c54ec1a01f4ba4564ebfb1071a
2017-04-03 16:00:12.222+0000 INFO  [org.neo4j]:   Neo4j - Cypher Commons (neo4j-cypher-commons), version: 2.1.6; revision: 2.1.6:2.1-maint:605/0d7f25fc608f15c54ec1a01f4ba4564ebfb1071a
2017-04-03 16:00:12.222+0000 INFO  [org.neo4j]: --- STARTED diagnostics for KernelDiagnostics:Versions END ---
2017-04-03 16:00:12.222+0000 INFO  [org.neo4j]: --- STARTED diagnostics for NEO_STORE_VERSIONS START ---
2017-04-03 16:00:12.222+0000 INFO  [org.neo4j]: Store versions:
    Store versions:
      NeoStore v0.A.3
      SchemaStore v0.A.3
      NodeStore v0.A.3
      RelationshipStore v0.A.3
      RelationshipTypeStore v0.A.3
      LabelTokenStore v0.A.3
      PropertyStore v0.A.3
      PropertyIndexStore v0.A.3
      StringPropertyStore v0.A.3
      ArrayPropertyStore v0.A.3
      RelationshipGroupStore v0.A.3
2017-04-03 16:00:12.222+0000 INFO  [org.neo4j]: --- STARTED diagnostics for NEO_STORE_VERSIONS END ---
2017-04-03 16:00:12.222+0000 INFO  [org.neo4j]: --- STARTED diagnostics for NEO_STORE_ID_USAGE START ---
2017-04-03 16:00:12.222+0000 INFO  [org.neo4j]: Id usage:
    Id usage:
      SchemaStore: used=2 high=1
      NodeStore: used=0 high=-1
      RelationshipStore: used=0 high=-1
      RelationshipTypeStore: used=0 high=-1
      LabelTokenStore: used=0 high=-1
      PropertyStore: used=0 high=-1
      PropertyIndexStore: used=0 high=-1
      StringPropertyStore: used=2 high=1
      ArrayPropertyStore: used=2 high=1
      RelationshipGroupStore: used=1 high=0
2017-04-03 16:00:12.238+0000 INFO  [org.neo4j]: --- STARTED diagnostics for NEO_STORE_ID_USAGE END ---
2017-04-03 16:00:12.238+0000 INFO  [org.neo4j]: --- STARTED diagnostics for PERSISTENCE_WINDOW_POOL_STATS START ---
2017-04-03 16:00:12.238+0000 INFO  [org.neo4j]: --- STARTED diagnostics for PERSISTENCE_WINDOW_POOL_STATS END ---
2017-04-03 16:00:12.238+0000 INFO  [org.neo4j]: --- STARTED diagnostics for KernelDiagnostics:StoreFiles START ---
2017-04-03 16:00:12.238+0000 INFO  [org.neo4j]: Disk space on partition (Total / Free / Free %): 241052594176 / 102977794048 / 42
Storage files: (filename : modification date - size)
      active_tx_log: 2017-04-03T16:55:44+0100 - 11.00 B
      index:
        lucene-store.db: 2017-04-03T16:55:44+0100 - 40.00 B
        lucene.log.1: 2017-04-03T16:55:45+0100 - 16.00 B
        lucene.log.active: 2017-04-03T16:55:44+0100 - 4.00 B
      - Total: 2017-04-03T16:55:44+0100 - 60.00 B
      lock: 2017-04-03T16:55:43+0100 - 0.00 B
      messages.log: 2017-04-03T16:55:44+0100 - 52.33 kB
      neostore: 2017-04-03T16:55:43+0100 - 81.00 B
      neostore.id: 2017-04-03T17:00:12+0100 - 9.00 B
      neostore.labeltokenstore.db: 2017-04-03T16:55:43+0100 - 0.00 B
      neostore.labeltokenstore.db.id: 2017-04-03T17:00:12+0100 - 9.00 B
      neostore.labeltokenstore.db.names: 2017-04-03T16:55:43+0100 - 38.00 B
      neostore.labeltokenstore.db.names.id: 2017-04-03T17:00:11+0100 - 9.00 B
      neostore.nodestore.db: 2017-04-03T16:55:43+0100 - 0.00 B
      neostore.nodestore.db.id: 2017-04-03T17:00:12+0100 - 9.00 B
      neostore.nodestore.db.labels: 2017-04-03T16:55:43+0100 - 68.00 B
      neostore.nodestore.db.labels.id: 2017-04-03T17:00:12+0100 - 9.00 B
      neostore.propertystore.db: 2017-04-03T16:55:43+0100 - 0.00 B
      neostore.propertystore.db.arrays: 2017-04-03T16:55:43+0100 - 128.00 B
      neostore.propertystore.db.arrays.id: 2017-04-03T17:00:12+0100 - 9.00 B
      neostore.propertystore.db.id: 2017-04-03T17:00:12+0100 - 9.00 B
      neostore.propertystore.db.index: 2017-04-03T16:55:43+0100 - 0.00 B
      neostore.propertystore.db.index.id: 2017-04-03T17:00:12+0100 - 9.00 B
      neostore.propertystore.db.index.keys: 2017-04-03T16:55:43+0100 - 38.00 B
      neostore.propertystore.db.index.keys.id: 2017-04-03T17:00:12+0100 - 9.00 B
      neostore.propertystore.db.strings: 2017-04-03T16:55:43+0100 - 128.00 B
      neostore.propertystore.db.strings.id: 2017-04-03T17:00:12+0100 - 9.00 B
      neostore.relationshipgroupstore.db: 2017-04-03T16:55:43+0100 - 25.00 B
      neostore.relationshipgroupstore.db.id: 2017-04-03T17:00:12+0100 - 9.00 B
      neostore.relationshipstore.db: 2017-04-03T16:55:43+0100 - 0.00 B
      neostore.relationshipstore.db.id: 2017-04-03T17:00:12+0100 - 9.00 B
      neostore.relationshiptypestore.db: 2017-04-03T16:55:43+0100 - 0.00 B
      neostore.relationshiptypestore.db.id: 2017-04-03T17:00:11+0100 - 9.00 B
      neostore.relationshiptypestore.db.names: 2017-04-03T16:55:43+0100 - 38.00 B
      neostore.relationshiptypestore.db.names.id: 2017-04-03T17:00:11+0100 - 9.00 B
      neostore.schemastore.db: 2017-04-03T16:55:43+0100 - 64.00 B
      neostore.schemastore.db.id: 2017-04-03T17:00:12+0100 - 9.00 B
      nioneo_logical.log.1: 2017-04-03T16:55:45+0100 - 16.00 B
      nioneo_logical.log.active: 2017-04-03T16:55:44+0100 - 4.00 B
      schema:
        label:
          lucene:
            segments.gen: 2017-04-03T17:00:11+0100 - 20.00 B
            segments_1: 2017-04-03T17:00:11+0100 - 32.00 B
            write.lock: 2017-04-03T17:00:11+0100 - 0.00 B
          - Total: 2017-04-03T17:00:11+0100 - 52.00 B
        - Total: 2017-04-03T17:00:11+0100 - 52.00 B
      - Total: 2017-04-03T16:55:43+0100 - 52.00 B
      store_lock: 2017-04-03T16:55:43+0100 - 0.00 B
      tm_tx_log.1: 2017-04-03T17:00:12+0100 - 0.00 B
2017-04-03 16:00:59.943+0000 INFO  [org.neo4j]: No locking implementation specified, defaulting to 'community'
2017-04-03 16:01:00.027+0000 INFO  [org.neo4j]: --- INITIALIZED diagnostics START ---
2017-04-03 16:01:00.027+0000 INFO  [org.neo4j]: Neo4j Kernel properties:
    neostore.propertystore.db.mapped_memory=110M
    neostore.nodestore.db.mapped_memory=30M
    neostore.relationshipstore.db.mapped_memory=135M
    neostore.propertystore.db.strings.mapped_memory=94M
    store_dir=target/db3
    neostore.propertystore.db.arrays.mapped_memory=106M
    ephemeral=false
2017-04-03 16:01:00.027+0000 INFO  [org.neo4j]: Diagnostics providers:
    org.neo4j.kernel.configuration.Config
    org.neo4j.kernel.info.DiagnosticsManager
    SYSTEM_MEMORY
    JAVA_MEMORY
    OPERATING_SYSTEM
    JAVA_VIRTUAL_MACHINE
    CLASSPATH
    LIBRARY_PATH
    SYSTEM_PROPERTIES
    NETWORK
2017-04-03 16:01:00.043+0000 INFO  [org.neo4j]: System memory information:
    Total Physical memory: 7.92 GB
    Free Physical memory: 2.68 GB
    Committed virtual memory: 246.27 MB
    Total swap space: 14.67 GB
    Free swap space: 5.93 GB
2017-04-03 16:01:00.043+0000 INFO  [org.neo4j]: JVM memory information:
    Free  memory: 110.22 MB
    Total memory: 122.00 MB
    Max   memory: 1.76 GB
    Garbage Collector: PS Scavenge: [PS Eden Space, PS Survivor Space]
    Garbage Collector: PS MarkSweep: [PS Eden Space, PS Survivor Space, PS Old Gen, PS Perm Gen]
    Memory Pool: Code Cache (Non-heap memory): committed=2.44 MB, used=468.75 kB, max=48.00 MB, threshold=0.00 B
    Memory Pool: PS Eden Space (Heap memory): committed=32.50 MB, used=11.78 MB, max=667.00 MB, threshold=?
    Memory Pool: PS Survivor Space (Heap memory): committed=5.00 MB, used=0.00 B, max=5.00 MB, threshold=?
    Memory Pool: PS Old Gen (Heap memory): committed=84.50 MB, used=0.00 B, max=1.32 GB, threshold=0.00 B
    Memory Pool: PS Perm Gen (Non-heap memory): committed=21.00 MB, used=6.38 MB, max=82.00 MB, threshold=0.00 B
2017-04-03 16:01:00.058+0000 INFO  [org.neo4j]: Operating system information:
    Operating System: Windows 8.1; version: 6.3; arch: amd64; cpus: 4
    Process id: 8196@DESKTOP-DBJV7RK
    Byte order: LITTLE_ENDIAN
    Local timezone: Europe/London
2017-04-03 16:01:00.074+0000 INFO  [org.neo4j]: JVM information:
    VM Name: Java HotSpot(TM) 64-Bit Server VM
    VM Vendor: Oracle Corporation
    VM Version: 24.79-b02
    JIT compiler: HotSpot 64-Bit Tiered Compilers
    VM Arguments: [-Dfile.encoding=UTF-8]
2017-04-03 16:01:00.074+0000 INFO  [org.neo4j]: Java classpath:
     [bootstrap] C:\Program Files\Java\jdk1.7.0_79\jre\lib\charsets.jar
     [loader.1] file:/C:/Program%20Files/Java/jdk1.7.0_79/jre/lib/ext/sunjce_provider.jar
     [classpath + loader.0] file:/C:/Users/Priyaa/.m2/repository/org/neo4j/neo4j-jmx/2.1.6/neo4j-jmx-2.1.6.jar
     [classpath + loader.0] file:/C:/Users/Priyaa/.m2/repository/org/neo4j/neo4j-cypher-commons/2.1.6/neo4j-cypher-commons-2.1.6.jar
     [classpath + loader.0] file:/C:/Users/Priyaa/.m2/repository/org/neo4j/neo4j/2.1.6/neo4j-2.1.6.jar
     [loader.1] file:/C:/Program%20Files/Java/jdk1.7.0_79/jre/lib/ext/access-bridge-64.jar
     [bootstrap] C:\Program Files\Java\jdk1.7.0_79\jre\lib\jsse.jar
     [loader.1] file:/C:/Program%20Files/Java/jdk1.7.0_79/jre/lib/ext/localedata.jar
     [classpath + loader.0] file:/C:/Users/Priyaa/.m2/repository/org/parboiled/parboiled-scala_2.10/1.1.6/parboiled-scala_2.10-1.1.6.jar
     [classpath + loader.0] file:/C:/Users/Priyaa/.m2/repository/org/neo4j/neo4j-kernel/2.1.6/neo4j-kernel-2.1.6.jar
     [loader.1] file:/C:/Program%20Files/Java/jdk1.7.0_79/jre/lib/ext/jaccess.jar
     [loader.1] file:/C:/Program%20Files/Java/jdk1.7.0_79/jre/lib/ext/dnsns.jar
     [classpath + loader.0] file:/C:/Users/Priyaa/.m2/repository/org/neo4j/neo4j-cypher-compiler-1.9/2.0.3/neo4j-cypher-compiler-1.9-2.0.3.jar
     [classpath + loader.0] file:/C:/Users/Priyaa/.m2/repository/org/neo4j/neo4j-udc/2.1.6/neo4j-udc-2.1.6.jar
     [classpath + loader.0] file:/C:/Users/Priyaa/.m2/repository/com/googlecode/concurrentlinkedhashmap/concurrentlinkedhashmap-lru/1.3.1/concurrentlinkedhashmap-lru-1.3.1.jar
     [classpath + loader.0] file:/C:/Users/Priyaa/.m2/repository/net/sf/opencsv/opencsv/2.3/opencsv-2.3.jar
     [classpath + loader.0] file:/C:/Users/Priyaa/.m2/repository/org/neo4j/neo4j-primitive-collections/2.1.6/neo4j-primitive-collections-2.1.6.jar
     [loader.1] file:/C:/Program%20Files/Java/jdk1.7.0_79/jre/lib/ext/sunmscapi.jar
     [classpath + loader.0] file:/C:/Users/Priyaa/.m2/repository/org/apache/geronimo/specs/geronimo-jta_1.1_spec/1.1.1/geronimo-jta_1.1_spec-1.1.1.jar
     [classpath + loader.0] file:/C:/Users/Priyaa/.m2/repository/org/neo4j/neo4j-lucene-index/2.1.6/neo4j-lucene-index-2.1.6.jar
     [bootstrap] C:\Program Files\Java\jdk1.7.0_79\jre\lib\resources.jar
     [bootstrap] C:\Program Files\Java\jdk1.7.0_79\jre\lib\jce.jar
     [classpath + loader.0] file:/C:/Users/Priyaa/.m2/repository/org/neo4j/neo4j-cypher-compiler-2.0/2.0.3/neo4j-cypher-compiler-2.0-2.0.3.jar
     [classpath + loader.0] file:/C:/Users/Priyaa/Desktop/ProvProject2/toNeo/target/classes/
     [bootstrap] C:\Program Files\Java\jdk1.7.0_79\jre\lib\rt.jar
     [classpath + loader.0] file:/C:/Users/Priyaa/.m2/repository/org/parboiled/parboiled-core/1.1.6/parboiled-core-1.1.6.jar
     [classpath + loader.0] file:/C:/Users/Priyaa/.m2/repository/org/neo4j/neo4j-cypher/2.1.6/neo4j-cypher-2.1.6.jar
     [bootstrap] C:\Program Files\Java\jdk1.7.0_79\jre\classes
     [loader.1] file:/C:/Program%20Files/Java/jdk1.7.0_79/jre/lib/ext/sunec.jar
     [classpath + loader.0] file:/C:/Users/Priyaa/.m2/repository/org/apache/lucene/lucene-core/3.6.2/lucene-core-3.6.2.jar
     [classpath + loader.0] file:/C:/Users/Priyaa/.m2/repository/org/scala-lang/scala-library/2.10.4/scala-library-2.10.4.jar
     [classpath + loader.0] file:/C:/Users/Priyaa/.m2/repository/org/neo4j/neo4j-graph-algo/2.1.6/neo4j-graph-algo-2.1.6.jar
     [loader.1] file:/C:/Program%20Files/Java/jdk1.7.0_79/jre/lib/ext/zipfs.jar
     [classpath + loader.0] file:/C:/Users/Priyaa/.m2/repository/org/neo4j/neo4j-cypher-compiler-2.1/2.1.6/neo4j-cypher-compiler-2.1-2.1.6.jar
     [classpath + loader.0] file:/C:/Users/Priyaa/.m2/repository/org/neo4j/neo4j-graph-matching/2.1.6/neo4j-graph-matching-2.1.6.jar
     [bootstrap] C:\Program Files\Java\jdk1.7.0_79\jre\lib\jfr.jar
     [bootstrap] C:\Program Files\Java\jdk1.7.0_79\jre\lib\sunrsasign.jar
2017-04-03 16:01:00.093+0000 INFO  [org.neo4j]: Library path:
    C:\Program Files\Java\jdk1.7.0_79\bin
    C:\Windows\Sun\Java\bin
    C:\Windows\System32
    C:\Windows
    C:\Program Files\Java\jre1.8.0_92\bin\server
    C:\Program Files\Java\jre1.8.0_92\bin
    C:\Program Files\Java\jre1.8.0_92\lib\amd64
    C:\ProgramData\Oracle\Java\javapath
    C:\Program Files\Java\jdk1.8.0_92\bin
    C:\Program Files (x86)\Intel\iCLS Client
    C:\Program Files\Intel\iCLS Client
    C:\Windows\System32
    C:\Windows
    C:\Windows\System32\wbem
    C:\Windows\System32\WindowsPowerShell\v1.0
    C:\Program Files (x86)\NVIDIA Corporation\PhysX\Common
    C:\Program Files (x86)\Intel\Intel(R) Management Engine Components\DAL
    C:\Program Files\Intel\Intel(R) Management Engine Components\DAL
    C:\Program Files (x86)\Intel\Intel(R) Management Engine Components\IPT
    C:\Program Files\Intel\Intel(R) Management Engine Components\IPT
    C:\Program Files (x86)\Skype\Phone
    C:\Anaconda3
    C:\Anaconda3\Scripts
    C:\Anaconda3\Library\bin
    C:\Users\Priyaa\Desktop\elasticsearch-2.3.3\elasticsearch-2.3.3\bin
    C:\graphviz-2.38\release\bin\dot
    C:\Program Files\Intel\WiFi\bin
    C:\Program Files\Common Files\Intel\WirelessCommon
    C:\Windows\System32\config\systemprofile\.dnx\bin
    C:\Program Files\Microsoft DNX\Dnvm
    C:\Program Files\Microsoft SQL Server\130\Tools\Binn
    C:\Program Files (x86)\Microsoft Visual Studio 14.0\VC
    C:\Windows\System32
    C:\Windows
    C:\Windows\System32\wbem
    C:\Windows\System32\WindowsPowerShell\v1.0
    C:\Program Files\MiKTeX 2.9\miktex\bin\x64
    C:\Program Files\swipl\bin
    C:\Program Files\Git\cmd
    C:\Program Files\Java\jdk1.8.0_92\bin
    C:\graphviz-2.38\release\bin\dot
    C:\Users\Priyaa\Desktop\elasticsearch-2.3.3\elasticsearch-2.3.3\bin
    C:\Program Files (x86)\Microsoft Visual Studio 14.0\VC
    C:\Users\Priyaa\AppData\Local\Microsoft\WindowsApps
    C:\Program Files\swipl\bin
    C:\Users\Priyaa\Desktop\eclipse-jee-kepler-R-win32-x86_64\eclipse
    C:\Users\Priyaa\Desktop\ProvProject2\toNeo
    C:\Users\Priyaa\Desktop\ProvProject2\toNeo
2017-04-03 16:01:00.096+0000 INFO  [org.neo4j]: System.properties:
    sun.boot.library.path = C:\Program Files\Java\jdk1.7.0_79\jre\bin
    path.separator = ;
    file.encoding.pkg = sun.io
    user.country = GB
    user.script = 
    sun.java.launcher = SUN_STANDARD
    sun.os.patch.level = 
    user.dir = C:\Users\Priyaa\Desktop\ProvProject2\toNeo
    user.variant = 
    sun.jnu.encoding = Cp1252
    sun.management.compiler = HotSpot 64-Bit Tiered Compilers
    user.home = C:\Users\Priyaa
    user.timezone = Europe/London
    file.encoding = UTF-8
    user.name = Priyaa
    sun.java.command = uk.ac.ncl.App
    sun.arch.data.model = 64
    user.language = en
    awt.toolkit = sun.awt.windows.WToolkit
    file.separator = \
    sun.io.unicode.encoding = UnicodeLittle
    sun.cpu.endian = little
    sun.desktop = windows
    sun.cpu.isalist = amd64
2017-04-03 16:01:00.112+0000 INFO  [org.neo4j]: Network information:
    Interface Software Loopback Interface 1:
        address: 127.0.0.1
        address: 0:0:0:0:0:0:0:1
    Interface WAN Miniport (IPv6):
    Interface WAN Miniport (SSTP):
    Interface WAN Miniport (PPPOE):
    Interface Microsoft Teredo Tunneling Adapter:
        address: 2001:0:4137:9e76:10c6:3b79:7f0f:1ec9
        address: fe80:0:0:0:10c6:3b79:7f0f:1ec9%5
    Interface WAN Miniport (IP):
    Interface WAN Miniport (Network Monitor):
    Interface WAN Miniport (PPTP):
    Interface WAN Miniport (IKEv2):
    Interface Microsoft ISATAP Adapter #3:
    Interface Microsoft ISATAP Adapter #2:
    Interface Microsoft ISATAP Adapter:
    Interface VirtualBox Host-Only Ethernet Adapter:
    Interface RAS Async Adapter:
    Interface Realtek PCIe GBE Family Controller:
        address: fe80:0:0:0:b7:7545:9cad:66d0%15
    Interface Microsoft Kernel Debug Network Adapter:
    Interface Intel(R) Dual Band Wireless-AC 7265 #2:
        address: 10.56.196.73
        address: fe80:0:0:0:10ca:97c3:4093:d8d0%17
    Interface Microsoft Wi-Fi Direct Virtual Adapter:
        address: fe80:0:0:0:6809:816:7f92:55c%18
    Interface Microsoft ISATAP Adapter #5:
        address: fe80:0:0:0:0:5efe:a38:c449%19
    Interface WAN Miniport (L2TP):
    Interface Realtek PCIe GBE Family Controller-WFP Native MAC Layer LightWeight Filter-0000:
    Interface Realtek PCIe GBE Family Controller-VirtualBox NDIS Light-Weight Filter-0000:
    Interface Realtek PCIe GBE Family Controller-QoS Packet Scheduler-0000:
    Interface Realtek PCIe GBE Family Controller-WFP 802.3 MAC Layer LightWeight Filter-0000:
    Interface Intel(R) Dual Band Wireless-AC 7265 #2-WFP Native MAC Layer LightWeight Filter-0000:
    Interface Intel(R) Dual Band Wireless-AC 7265 #2-Virtual WiFi Filter Driver-0000:
    Interface Intel(R) Dual Band Wireless-AC 7265 #2-Native WiFi Filter Driver-0000:
    Interface Intel(R) Dual Band Wireless-AC 7265 #2-VirtualBox NDIS Light-Weight Filter-0000:
    Interface Intel(R) Dual Band Wireless-AC 7265 #2-QoS Packet Scheduler-0000:
    Interface Intel(R) Dual Band Wireless-AC 7265 #2-WFP 802.3 MAC Layer LightWeight Filter-0000:
    Interface Microsoft Wi-Fi Direct Virtual Adapter-WFP Native MAC Layer LightWeight Filter-0000:
    Interface Microsoft Wi-Fi Direct Virtual Adapter-Native WiFi Filter Driver-0000:
    Interface Microsoft Wi-Fi Direct Virtual Adapter-VirtualBox NDIS Light-Weight Filter-0000:
    Interface Microsoft Wi-Fi Direct Virtual Adapter-QoS Packet Scheduler-0000:
    Interface Microsoft Wi-Fi Direct Virtual Adapter-WFP 802.3 MAC Layer LightWeight Filter-0000:
2017-04-03 16:01:00.196+0000 INFO  [org.neo4j]: --- INITIALIZED diagnostics END ---
2017-04-03 16:01:00.343+0000 INFO  [org.neo4j]: target\db3\neostore.relationshiptypestore.db.names non clean shutdown detected
2017-04-03 16:01:00.343+0000 INFO  [org.neo4j]: [target\db3\neostore.relationshiptypestore.db.names] brickCount=0 brickSize=0b mappedMem=0b (storeSize=38b)
2017-04-03 16:01:00.343+0000 INFO  [org.neo4j]: target\db3\neostore.relationshiptypestore.db non clean shutdown detected
2017-04-03 16:01:00.359+0000 INFO  [org.neo4j]: [target\db3\neostore.relationshiptypestore.db] brickCount=0 brickSize=0b mappedMem=0b (storeSize=0b)
2017-04-03 16:01:00.359+0000 INFO  [org.neo4j]: target\db3\neostore.labeltokenstore.db.names non clean shutdown detected
2017-04-03 16:01:00.359+0000 INFO  [org.neo4j]: [target\db3\neostore.labeltokenstore.db.names] brickCount=0 brickSize=0b mappedMem=0b (storeSize=38b)
2017-04-03 16:01:00.359+0000 INFO  [org.neo4j]: target\db3\neostore.labeltokenstore.db non clean shutdown detected
2017-04-03 16:01:00.359+0000 INFO  [org.neo4j]: [target\db3\neostore.labeltokenstore.db] brickCount=0 brickSize=0b mappedMem=0b (storeSize=0b)
2017-04-03 16:01:00.359+0000 INFO  [org.neo4j]: target\db3\neostore.propertystore.db.strings non clean shutdown detected
2017-04-03 16:01:00.375+0000 INFO  [org.neo4j]: [target\db3\neostore.propertystore.db.strings] brickCount=0 brickSize=98560b mappedMem=98566144b (storeSize=128b)
2017-04-03 16:01:00.375+0000 INFO  [org.neo4j]: target\db3\neostore.propertystore.db.index.keys non clean shutdown detected
2017-04-03 16:01:00.375+0000 INFO  [org.neo4j]: [target\db3\neostore.propertystore.db.index.keys] brickCount=0 brickSize=0b mappedMem=0b (storeSize=38b)
2017-04-03 16:01:00.375+0000 INFO  [org.neo4j]: target\db3\neostore.propertystore.db.index non clean shutdown detected
2017-04-03 16:01:00.375+0000 INFO  [org.neo4j]: [target\db3\neostore.propertystore.db.index] brickCount=0 brickSize=0b mappedMem=0b (storeSize=0b)
2017-04-03 16:01:00.375+0000 INFO  [org.neo4j]: target\db3\neostore.propertystore.db.arrays non clean shutdown detected
2017-04-03 16:01:00.392+0000 INFO  [org.neo4j]: [target\db3\neostore.propertystore.db.arrays] brickCount=0 brickSize=111104b mappedMem=111149056b (storeSize=128b)
2017-04-03 16:01:00.397+0000 INFO  [org.neo4j]: target\db3\neostore.propertystore.db non clean shutdown detected
2017-04-03 16:01:00.397+0000 INFO  [org.neo4j]: [target\db3\neostore.propertystore.db] brickCount=0 brickSize=1153412b mappedMem=115343360b (storeSize=0b)
2017-04-03 16:01:00.397+0000 INFO  [org.neo4j]: target\db3\neostore.relationshipstore.db non clean shutdown detected
2017-04-03 16:01:00.397+0000 INFO  [org.neo4j]: [target\db3\neostore.relationshipstore.db] brickCount=0 brickSize=1415556b mappedMem=141557760b (storeSize=0b)
2017-04-03 16:01:00.397+0000 INFO  [org.neo4j]: target\db3\neostore.nodestore.db.labels non clean shutdown detected
2017-04-03 16:01:00.412+0000 INFO  [org.neo4j]: [target\db3\neostore.nodestore.db.labels] brickCount=0 brickSize=0b mappedMem=0b (storeSize=68b)
2017-04-03 16:01:00.412+0000 INFO  [org.neo4j]: target\db3\neostore.nodestore.db non clean shutdown detected
2017-04-03 16:01:00.412+0000 INFO  [org.neo4j]: [target\db3\neostore.nodestore.db] brickCount=0 brickSize=314565b mappedMem=31457280b (storeSize=0b)
2017-04-03 16:01:00.412+0000 INFO  [org.neo4j]: target\db3\neostore.schemastore.db non clean shutdown detected
2017-04-03 16:01:00.412+0000 INFO  [org.neo4j]: [target\db3\neostore.schemastore.db] brickCount=0 brickSize=0b mappedMem=0b (storeSize=64b)
2017-04-03 16:01:00.428+0000 INFO  [org.neo4j]: target\db3\neostore.relationshipgroupstore.db non clean shutdown detected
2017-04-03 16:01:00.428+0000 INFO  [org.neo4j]: [target\db3\neostore.relationshipgroupstore.db] brickCount=0 brickSize=0b mappedMem=0b (storeSize=25b)
2017-04-03 16:01:00.428+0000 INFO  [org.neo4j]: target\db3\neostore non clean shutdown detected
2017-04-03 16:01:00.428+0000 INFO  [org.neo4j]: [target\db3\neostore] brickCount=0 brickSize=0b mappedMem=0b (storeSize=81b)
2017-04-03 16:01:00.613+0000 INFO  [org.neo4j]: Non clean shutdown detected on log [target\db3\nioneo_logical.log.1]. Recovery started ...
2017-04-03 16:01:00.613+0000 INFO  [org.neo4j]: [target\db3\nioneo_logical.log.1] logVersion=0 with committed tx=1
2017-04-03 16:01:00.613+0000 INFO  [org.neo4j]: [target\db3\nioneo_logical.log.1] entries found=0 lastEntryPos=16
2017-04-03 16:01:00.629+0000 INFO  [org.neo4j]: Opened logical log [target\db3\nioneo_logical.log.1] version=0, lastTxId=-1 (recovered)
2017-04-03 16:01:00.629+0000 INFO  [org.neo4j]: XaResourceManager[nioneo_logical.log] sorting 0 xids
2017-04-03 16:01:00.629+0000 INFO  [org.neo4j]: XaResourceManager[nioneo_logical.log] checkRecoveryComplete 0 xids
2017-04-03 16:01:00.644+0000 INFO  [org.neo4j]: target\db3\neostore.relationshiptypestore.db.names rebuild id generator, highId=2 defragged count=0
2017-04-03 16:01:00.644+0000 INFO  [org.neo4j]: target\db3\neostore.relationshiptypestore.db rebuild id generator, highId=0 defragged count=0
2017-04-03 16:01:00.660+0000 INFO  [org.neo4j]: target\db3\neostore.labeltokenstore.db.names rebuild id generator, highId=2 defragged count=0
2017-04-03 16:01:00.676+0000 INFO  [org.neo4j]: target\db3\neostore.labeltokenstore.db rebuild id generator, highId=0 defragged count=0
2017-04-03 16:01:00.697+0000 INFO  [org.neo4j]: target\db3\neostore.propertystore.db.index.keys rebuild id generator, highId=2 defragged count=0
2017-04-03 16:01:00.712+0000 INFO  [org.neo4j]: target\db3\neostore.propertystore.db.index rebuild id generator, highId=0 defragged count=0
2017-04-03 16:01:00.728+0000 INFO  [org.neo4j]: target\db3\neostore.propertystore.db.strings rebuild id generator, highId=2 defragged count=0
2017-04-03 16:01:00.744+0000 INFO  [org.neo4j]: target\db3\neostore.propertystore.db.arrays rebuild id generator, highId=2 defragged count=0
2017-04-03 16:01:00.759+0000 INFO  [org.neo4j]: target\db3\neostore.propertystore.db rebuild id generator, highId=0 defragged count=0
2017-04-03 16:01:00.775+0000 INFO  [org.neo4j]: target\db3\neostore.relationshipstore.db rebuild id generator, highId=0 defragged count=0
2017-04-03 16:01:00.775+0000 INFO  [org.neo4j]: target\db3\neostore.nodestore.db.labels rebuild id generator, highId=2 defragged count=0
2017-04-03 16:01:00.797+0000 INFO  [org.neo4j]: target\db3\neostore.nodestore.db rebuild id generator, highId=0 defragged count=0
2017-04-03 16:01:00.812+0000 INFO  [org.neo4j]: target\db3\neostore.schemastore.db rebuild id generator, highId=2 defragged count=0
2017-04-03 16:01:00.828+0000 INFO  [org.neo4j]: target\db3\neostore.relationshipgroupstore.db rebuild id generator, highId=1 defragged count=0
2017-04-03 16:01:00.828+0000 INFO  [org.neo4j]: target\db3\neostore rebuild id generator, highId=9 defragged count=0
2017-04-03 16:01:00.844+0000 INFO  [org.neo4j]: XaResourceManager[nioneo_logical.log] recovery completed.
2017-04-03 16:01:00.844+0000 INFO  [org.neo4j]: Recovery on log [target\db3\nioneo_logical.log.1] completed.
2017-04-03 16:01:00.844+0000 INFO  [org.neo4j]: TM opening log: target\db3\tm_tx_log.1
2017-04-03 16:01:00.844+0000 INFO  [org.neo4j]: Kernel health set to OK
2017-04-03 16:01:00.859+0000 INFO  [org.neo4j]: Non clean shutdown detected on log [target\db3\index\lucene.log.1]. Recovery started ...
2017-04-03 16:01:00.859+0000 INFO  [org.neo4j]: [target\db3\index\lucene.log.1] logVersion=0 with committed tx=1
2017-04-03 16:01:00.859+0000 INFO  [org.neo4j]: [target\db3\index\lucene.log.1] entries found=0 lastEntryPos=16
2017-04-03 16:01:00.875+0000 INFO  [org.neo4j]: Opened logical log [target\db3\index\lucene.log.1] version=0, lastTxId=-1 (recovered)
2017-04-03 16:01:00.875+0000 INFO  [org.neo4j]: XaResourceManager[lucene.log] sorting 0 xids
2017-04-03 16:01:00.875+0000 INFO  [org.neo4j]: XaResourceManager[lucene.log] checkRecoveryComplete 0 xids
2017-04-03 16:01:00.875+0000 INFO  [org.neo4j]: XaResourceManager[lucene.log] recovery completed.
2017-04-03 16:01:00.875+0000 INFO  [org.neo4j]: Recovery on log [target\db3\index\lucene.log.1] completed.
2017-04-03 16:01:00.875+0000 INFO  [org.neo4j]: --- STARTED diagnostics for KernelDiagnostics:Versions START ---
2017-04-03 16:01:00.875+0000 INFO  [org.neo4j]: Graph Database: org.neo4j.kernel.EmbeddedGraphDatabase StoreId{creationTime=1491234943321, randomId=-2642986068936928916, storeVersion=14406081294923270, upgradeTime=1491234943321, upgradeId=-2642986068936928916}
2017-04-03 16:01:00.875+0000 INFO  [org.neo4j]: Kernel version: Neo4j - Graph Database Kernel (neo4j-kernel), version: 2.1.6
2017-04-03 16:01:00.875+0000 INFO  [org.neo4j]: Neo4j component versions:
2017-04-03 16:01:00.897+0000 INFO  [org.neo4j]:   Neo4j - JMX support (neo4j-jmx), version: 2.1.6; revision: 2.1.6:2.1-maint:605/0d7f25fc608f15c54ec1a01f4ba4564ebfb1071a
2017-04-03 16:01:00.897+0000 INFO  [org.neo4j]:   Neo4j - Lucene Index (neo4j-lucene-index), version: 2.1.6; revision: 2.1.6:2.1-maint:605/0d7f25fc608f15c54ec1a01f4ba4564ebfb1071a
2017-04-03 16:01:00.897+0000 INFO  [org.neo4j]:   Neo4j - Graph Matching (neo4j-graph-matching), version: 2.1.6; revision: 2.1.6:2.1-maint:605/0d7f25fc608f15c54ec1a01f4ba4564ebfb1071a
2017-04-03 16:01:00.897+0000 INFO  [org.neo4j]:   Neo4j - Cypher Compiler 2.1 (neo4j-cypher-compiler-2.1), version: 2.1.6; revision: 2.1.6:2.1-maint:605/0d7f25fc608f15c54ec1a01f4ba4564ebfb1071a
2017-04-03 16:01:00.897+0000 INFO  [org.neo4j]:   Neo4j - Cypher (neo4j-cypher), version: 2.1.6; revision: 2.1.6:2.1-maint:605/0d7f25fc608f15c54ec1a01f4ba4564ebfb1071a
2017-04-03 16:01:00.897+0000 INFO  [org.neo4j]:   Neo4j - Graph Database Kernel (neo4j-kernel), version: 2.1.6; revision: 2.1.6:2.1-maint:605/0d7f25fc608f15c54ec1a01f4ba4564ebfb1071a
2017-04-03 16:01:00.897+0000 INFO  [org.neo4j]:   Neo4j - Cypher Compiler 2.0 (neo4j-cypher-compiler-2.0), version: 2.0.3; revision: 2.0.3:2.0-maint:72/307c563c11b75fdc71cfa6df05daf9b08d6c37dc
2017-04-03 16:01:00.897+0000 INFO  [org.neo4j]:   Neo4j - Graph Algorithms (neo4j-graph-algo), version: 2.1.6; revision: 2.1.6:2.1-maint:605/0d7f25fc608f15c54ec1a01f4ba4564ebfb1071a
2017-04-03 16:01:00.897+0000 INFO  [org.neo4j]:   Neo4j Community (neo4j), version: 2.1.6; revision: 2.1.6:2.1-maint:605/0d7f25fc608f15c54ec1a01f4ba4564ebfb1071a
2017-04-03 16:01:00.897+0000 INFO  [org.neo4j]:   Neo4j - Cypher Compiler 1.9 (neo4j-cypher-compiler-1.9), version: 2.0.3; revision: 2.0.3:2.0-maint:72/307c563c11b75fdc71cfa6df05daf9b08d6c37dc
2017-04-03 16:01:00.897+0000 INFO  [org.neo4j]:   neo4j-udc, version: 2.1.6; revision: 2.1.6:2.1-maint:605/0d7f25fc608f15c54ec1a01f4ba4564ebfb1071a
2017-04-03 16:01:00.897+0000 INFO  [org.neo4j]:   Neo4j - Cypher Commons (neo4j-cypher-commons), version: 2.1.6; revision: 2.1.6:2.1-maint:605/0d7f25fc608f15c54ec1a01f4ba4564ebfb1071a
2017-04-03 16:01:00.897+0000 INFO  [org.neo4j]: --- STARTED diagnostics for KernelDiagnostics:Versions END ---
2017-04-03 16:01:00.897+0000 INFO  [org.neo4j]: --- STARTED diagnostics for NEO_STORE_VERSIONS START ---
2017-04-03 16:01:00.897+0000 INFO  [org.neo4j]: Store versions:
    Store versions:
      NeoStore v0.A.3
      SchemaStore v0.A.3
      NodeStore v0.A.3
      RelationshipStore v0.A.3
      RelationshipTypeStore v0.A.3
      LabelTokenStore v0.A.3
      PropertyStore v0.A.3
      PropertyIndexStore v0.A.3
      StringPropertyStore v0.A.3
      ArrayPropertyStore v0.A.3
      RelationshipGroupStore v0.A.3
2017-04-03 16:01:00.897+0000 INFO  [org.neo4j]: --- STARTED diagnostics for NEO_STORE_VERSIONS END ---
2017-04-03 16:01:00.897+0000 INFO  [org.neo4j]: --- STARTED diagnostics for NEO_STORE_ID_USAGE START ---
2017-04-03 16:01:00.897+0000 INFO  [org.neo4j]: Id usage:
    Id usage:
      SchemaStore: used=2 high=1
      NodeStore: used=0 high=-1
      RelationshipStore: used=0 high=-1
      RelationshipTypeStore: used=0 high=-1
      LabelTokenStore: used=0 high=-1
      PropertyStore: used=0 high=-1
      PropertyIndexStore: used=0 high=-1
      StringPropertyStore: used=2 high=1
      ArrayPropertyStore: used=2 high=1
      RelationshipGroupStore: used=1 high=0
2017-04-03 16:01:00.897+0000 INFO  [org.neo4j]: --- STARTED diagnostics for NEO_STORE_ID_USAGE END ---
2017-04-03 16:01:00.897+0000 INFO  [org.neo4j]: --- STARTED diagnostics for PERSISTENCE_WINDOW_POOL_STATS START ---
2017-04-03 16:01:00.897+0000 INFO  [org.neo4j]: --- STARTED diagnostics for PERSISTENCE_WINDOW_POOL_STATS END ---
2017-04-03 16:01:00.897+0000 INFO  [org.neo4j]: --- STARTED diagnostics for KernelDiagnostics:StoreFiles START ---
2017-04-03 16:01:00.913+0000 INFO  [org.neo4j]: Disk space on partition (Total / Free / Free %): 241052594176 / 102977757184 / 42
Storage files: (filename : modification date - size)
      active_tx_log: 2017-04-03T16:55:44+0100 - 11.00 B
      index:
        lucene-store.db: 2017-04-03T16:55:44+0100 - 40.00 B
        lucene.log.1: 2017-04-03T16:55:45+0100 - 16.00 B
        lucene.log.active: 2017-04-03T16:55:44+0100 - 4.00 B
      - Total: 2017-04-03T16:55:44+0100 - 60.00 B
      lock: 2017-04-03T16:55:43+0100 - 0.00 B
      messages.log: 2017-04-03T17:00:12+0100 - 80.16 kB
      neostore: 2017-04-03T17:00:12+0100 - 81.00 B
      neostore.id: 2017-04-03T17:01:00+0100 - 9.00 B
      neostore.labeltokenstore.db: 2017-04-03T16:55:43+0100 - 0.00 B
      neostore.labeltokenstore.db.id: 2017-04-03T17:01:00+0100 - 9.00 B
      neostore.labeltokenstore.db.names: 2017-04-03T16:55:43+0100 - 38.00 B
      neostore.labeltokenstore.db.names.id: 2017-04-03T17:01:00+0100 - 9.00 B
      neostore.nodestore.db: 2017-04-03T16:55:43+0100 - 0.00 B
      neostore.nodestore.db.id: 2017-04-03T17:01:00+0100 - 9.00 B
      neostore.nodestore.db.labels: 2017-04-03T16:55:43+0100 - 68.00 B
      neostore.nodestore.db.labels.id: 2017-04-03T17:01:00+0100 - 9.00 B
      neostore.propertystore.db: 2017-04-03T16:55:43+0100 - 0.00 B
      neostore.propertystore.db.arrays: 2017-04-03T16:55:43+0100 - 128.00 B
      neostore.propertystore.db.arrays.id: 2017-04-03T17:01:00+0100 - 9.00 B
      neostore.propertystore.db.id: 2017-04-03T17:01:00+0100 - 9.00 B
      neostore.propertystore.db.index: 2017-04-03T16:55:43+0100 - 0.00 B
      neostore.propertystore.db.index.id: 2017-04-03T17:01:00+0100 - 9.00 B
      neostore.propertystore.db.index.keys: 2017-04-03T16:55:43+0100 - 38.00 B
      neostore.propertystore.db.index.keys.id: 2017-04-03T17:01:00+0100 - 9.00 B
      neostore.propertystore.db.strings: 2017-04-03T16:55:43+0100 - 128.00 B
      neostore.propertystore.db.strings.id: 2017-04-03T17:01:00+0100 - 9.00 B
      neostore.relationshipgroupstore.db: 2017-04-03T16:55:43+0100 - 25.00 B
      neostore.relationshipgroupstore.db.id: 2017-04-03T17:01:00+0100 - 9.00 B
      neostore.relationshipstore.db: 2017-04-03T16:55:43+0100 - 0.00 B
      neostore.relationshipstore.db.id: 2017-04-03T17:01:00+0100 - 9.00 B
      neostore.relationshiptypestore.db: 2017-04-03T16:55:43+0100 - 0.00 B
      neostore.relationshiptypestore.db.id: 2017-04-03T17:01:00+0100 - 9.00 B
      neostore.relationshiptypestore.db.names: 2017-04-03T16:55:43+0100 - 38.00 B
      neostore.relationshiptypestore.db.names.id: 2017-04-03T17:01:00+0100 - 9.00 B
      neostore.schemastore.db: 2017-04-03T16:55:43+0100 - 64.00 B
      neostore.schemastore.db.id: 2017-04-03T17:01:00+0100 - 9.00 B
      nioneo_logical.log.1: 2017-04-03T16:55:45+0100 - 16.00 B
      nioneo_logical.log.active: 2017-04-03T16:55:44+0100 - 4.00 B
      schema:
        label:
          lucene:
            segments.gen: 2017-04-03T17:00:11+0100 - 20.00 B
            segments_1: 2017-04-03T17:00:11+0100 - 32.00 B
            write.lock: 2017-04-03T17:00:11+0100 - 0.00 B
          - Total: 2017-04-03T17:00:11+0100 - 52.00 B
        - Total: 2017-04-03T17:00:11+0100 - 52.00 B
      - Total: 2017-04-03T16:55:43+0100 - 52.00 B
      store_lock: 2017-04-03T16:55:43+0100 - 0.00 B
      tm_tx_log.1: 2017-04-03T17:01:00+0100 - 0.00 B
2017-04-03 16:01:00.928+0000 INFO  [org.neo4j]: --- STARTED diagnostics for KernelDiagnostics:StoreFiles END ---
2017-04-03 16:01:00.975+0000 INFO  [org.neo4j]: Database is now ready
2017-04-03 16:01:01.293+0000 INFO  [org.neo4j]: Shutdown started
2017-04-03 16:01:01.294+0000 INFO  [org.neo4j]: Database is now unavailable
2017-04-03 16:01:01.297+0000 INFO  [org.neo4j]: Closed log target\db3\index\lucene.log
2017-04-03 16:01:01.313+0000 INFO  [org.neo4j]: TM shutting down
2017-04-03 16:01:01.396+0000 INFO  [org.neo4j]: Closed log target\db3\nioneo_logical.log
2017-04-03 16:01:01.397+0000 INFO  [org.neo4j]: target\db3\neostore.relationshiptypestore.db.names hit=0 miss=2 switches=0 ooe=0
2017-04-03 16:01:01.397+0000 INFO  [org.neo4j]: target\db3\neostore.relationshiptypestore.db hit=0 miss=2 switches=0 ooe=0
2017-04-03 16:01:01.413+0000 INFO  [org.neo4j]: target\db3\neostore.labeltokenstore.db.names hit=0 miss=60 switches=0 ooe=0
2017-04-03 16:01:01.429+0000 INFO  [org.neo4j]: target\db3\neostore.labeltokenstore.db hit=0 miss=27 switches=0 ooe=0
2017-04-03 16:01:01.429+0000 INFO  [org.neo4j]: target\db3\neostore.propertystore.db.strings hit=68 miss=0 switches=0 ooe=0
2017-04-03 16:01:01.444+0000 INFO  [org.neo4j]: target\db3\neostore.propertystore.db.index.keys hit=0 miss=2 switches=0 ooe=0
2017-04-03 16:01:01.444+0000 INFO  [org.neo4j]: target\db3\neostore.propertystore.db.index hit=0 miss=2 switches=0 ooe=0
2017-04-03 16:01:01.460+0000 INFO  [org.neo4j]: target\db3\neostore.propertystore.db.arrays hit=0 miss=0 switches=0 ooe=0
2017-04-03 16:01:01.476+0000 INFO  [org.neo4j]: target\db3\neostore.propertystore.db hit=29 miss=0 switches=0 ooe=0
2017-04-03 16:01:01.476+0000 INFO  [org.neo4j]: target\db3\neostore.relationshipstore.db hit=24 miss=0 switches=0 ooe=0
2017-04-03 16:01:01.497+0000 INFO  [org.neo4j]: target\db3\neostore.nodestore.db.labels hit=0 miss=0 switches=0 ooe=0
2017-04-03 16:01:01.497+0000 INFO  [org.neo4j]: target\db3\neostore.nodestore.db hit=25 miss=0 switches=0 ooe=0
2017-04-03 16:01:01.513+0000 INFO  [org.neo4j]: target\db3\neostore.schemastore.db hit=0 miss=2 switches=0 ooe=0
2017-04-03 16:01:01.529+0000 INFO  [org.neo4j]: target\db3\neostore.relationshipgroupstore.db hit=0 miss=0 switches=0 ooe=0
2017-04-03 16:01:01.529+0000 INFO  [org.neo4j]: target\db3\neostore hit=0 miss=53 switches=0 ooe=0
2017-04-03 16:01:01.545+0000 INFO  [org.neo4j]: NeoStore closed
2017-04-03 16:01:01.545+0000 INFO  [org.neo4j]: --- STOPPING diagnostics START ---
2017-04-03 16:01:01.545+0000 INFO  [org.neo4j]: --- STOPPING diagnostics END ---
