2017-04-24 11:53:58.836+0000 INFO  [org.neo4j]: No locking implementation specified, defaulting to 'community'
2017-04-24 11:53:58.950+0000 INFO  [org.neo4j]: --- INITIALIZED diagnostics START ---
2017-04-24 11:53:58.953+0000 INFO  [org.neo4j]: Neo4j Kernel properties:
    store_dir=target/data1
    ephemeral=false
2017-04-24 11:53:58.959+0000 INFO  [org.neo4j]: Diagnostics providers:
    org.neo4j.kernel.configuration.Config
    org.neo4j.kernel.info.DiagnosticsManager
    SYSTEM_MEMORY
    JAVA_MEMORY
    OPERATING_SYSTEM
    JAVA_VIRTUAL_MACHINE
    CLASSPATH
    LIBRARY_PATH
    SYSTEM_PROPERTIES
    NETWORK
2017-04-24 11:53:58.964+0000 INFO  [org.neo4j]: System memory information:
    Total Physical memory: 7.92 GB
    Free Physical memory: 1.79 GB
    Committed virtual memory: 279.80 MB
    Total swap space: 14.67 GB
    Free swap space: 3.88 GB
2017-04-24 11:53:58.974+0000 INFO  [org.neo4j]: JVM memory information:
    Free  memory: 70.50 MB
    Total memory: 122.00 MB
    Max   memory: 1.76 GB
    Garbage Collector: PS Scavenge: [PS Eden Space, PS Survivor Space]
    Garbage Collector: PS MarkSweep: [PS Eden Space, PS Survivor Space, PS Old Gen, PS Perm Gen]
    Memory Pool: Code Cache (Non-heap memory): committed=2.44 MB, used=532.63 kB, max=48.00 MB, threshold=0.00 B
    Memory Pool: PS Eden Space (Heap memory): committed=32.50 MB, used=25.80 MB, max=667.00 MB, threshold=?
    Memory Pool: PS Survivor Space (Heap memory): committed=5.00 MB, used=4.98 MB, max=5.00 MB, threshold=?
    Memory Pool: PS Old Gen (Heap memory): committed=84.50 MB, used=20.72 MB, max=1.32 GB, threshold=0.00 B
    Memory Pool: PS Perm Gen (Non-heap memory): committed=21.00 MB, used=6.95 MB, max=82.00 MB, threshold=0.00 B
2017-04-24 11:53:58.982+0000 INFO  [org.neo4j]: Operating system information:
    Operating System: Windows 8.1; version: 6.3; arch: amd64; cpus: 4
    Process id: 2248@DESKTOP-DBJV7RK
    Byte order: LITTLE_ENDIAN
    Local timezone: Europe/London
2017-04-24 11:53:59.007+0000 INFO  [org.neo4j]: JVM information:
    VM Name: Java HotSpot(TM) 64-Bit Server VM
    VM Vendor: Oracle Corporation
    VM Version: 24.79-b02
    JIT compiler: HotSpot 64-Bit Tiered Compilers
    VM Arguments: [-Dfile.encoding=UTF-8]
2017-04-24 11:53:59.013+0000 INFO  [org.neo4j]: Java classpath:
     [bootstrap] C:\Program Files\Java\jdk1.7.0_79\jre\lib\charsets.jar
     [classpath + loader.0] file:/C:/Users/Priyaa/.m2/repository/org/neo4j/neo4j/2.2.0/neo4j-2.2.0.jar
     [classpath + loader.0] file:/C:/Users/Priyaa/.m2/repository/org/neo4j/neo4j-cypher-compiler-1.9/2.0.4/neo4j-cypher-compiler-1.9-2.0.4.jar
     [classpath + loader.0] file:/C:/Users/Priyaa/.m2/repository/org/neo4j/neo4j-lucene-index/2.2.0/neo4j-lucene-index-2.2.0.jar
     [loader.1] file:/C:/Program%20Files/Java/jdk1.7.0_79/jre/lib/ext/sunjce_provider.jar
     [loader.1] file:/C:/Program%20Files/Java/jdk1.7.0_79/jre/lib/ext/access-bridge-64.jar
     [classpath + loader.0] file:/C:/Users/Priyaa/.m2/repository/org/neo4j/neo4j-graph-matching/2.2.0/neo4j-graph-matching-2.2.0.jar
     [classpath + loader.0] file:/C:/Users/Priyaa/.m2/repository/org/neo4j/neo4j-cypher-compiler-2.2/2.2.0/neo4j-cypher-compiler-2.2-2.2.0.jar
     [classpath + loader.0] file:/C:/Users/Priyaa/.m2/repository/org/neo4j/neo4j-csv/2.2.0/neo4j-csv-2.2.0.jar
     [bootstrap] C:\Program Files\Java\jdk1.7.0_79\jre\lib\jsse.jar
     [loader.1] file:/C:/Program%20Files/Java/jdk1.7.0_79/jre/lib/ext/localedata.jar
     [classpath + loader.0] file:/C:/Users/Priyaa/.m2/repository/org/parboiled/parboiled-scala_2.10/1.1.6/parboiled-scala_2.10-1.1.6.jar
     [loader.1] file:/C:/Program%20Files/Java/jdk1.7.0_79/jre/lib/ext/jaccess.jar
     [loader.1] file:/C:/Program%20Files/Java/jdk1.7.0_79/jre/lib/ext/dnsns.jar
     [classpath + loader.0] file:/C:/Users/Priyaa/.m2/repository/org/scala-lang/scala-reflect/2.10.4/scala-reflect-2.10.4.jar
     [classpath + loader.0] file:/C:/Users/Priyaa/.m2/repository/net/sf/opencsv/opencsv/2.3/opencsv-2.3.jar
     [loader.1] file:/C:/Program%20Files/Java/jdk1.7.0_79/jre/lib/ext/sunmscapi.jar
     [classpath + loader.0] file:/C:/Users/Priyaa/.m2/repository/org/neo4j/neo4j-cypher-compiler-2.0/2.0.4/neo4j-cypher-compiler-2.0-2.0.4.jar
     [classpath + loader.0] file:/C:/Users/Priyaa/.m2/repository/org/neo4j/neo4j-io/2.2.0/neo4j-io-2.2.0.jar
     [bootstrap] C:\Program Files\Java\jdk1.7.0_79\jre\lib\resources.jar
     [classpath + loader.0] file:/C:/Users/Priyaa/Desktop/ProvProject2/WhyDiffAlgorithm/target/classes/
     [bootstrap] C:\Program Files\Java\jdk1.7.0_79\jre\lib\jce.jar
     [classpath + loader.0] file:/C:/Users/Priyaa/.m2/repository/org/neo4j/neo4j-graph-algo/2.2.0/neo4j-graph-algo-2.2.0.jar
     [bootstrap] C:\Program Files\Java\jdk1.7.0_79\jre\lib\rt.jar
     [classpath + loader.0] file:/C:/Users/Priyaa/.m2/repository/com/googlecode/concurrentlinkedhashmap/concurrentlinkedhashmap-lru/1.4/concurrentlinkedhashmap-lru-1.4.jar
     [classpath + loader.0] file:/C:/Users/Priyaa/.m2/repository/org/parboiled/parboiled-core/1.1.6/parboiled-core-1.1.6.jar
     [bootstrap] C:\Program Files\Java\jdk1.7.0_79\jre\classes
     [loader.1] file:/C:/Program%20Files/Java/jdk1.7.0_79/jre/lib/ext/sunec.jar
     [classpath + loader.0] file:/C:/Users/Priyaa/.m2/repository/org/apache/lucene/lucene-core/3.6.2/lucene-core-3.6.2.jar
     [classpath + loader.0] file:/C:/Users/Priyaa/.m2/repository/org/scala-lang/scala-library/2.10.4/scala-library-2.10.4.jar
     [classpath + loader.0] file:/C:/Users/Priyaa/.m2/repository/org/neo4j/neo4j-primitive-collections/2.2.0/neo4j-primitive-collections-2.2.0.jar
     [classpath + loader.0] file:/C:/Users/Priyaa/.m2/repository/org/neo4j/neo4j-kernel/2.2.0/neo4j-kernel-2.2.0.jar
     [loader.1] file:/C:/Program%20Files/Java/jdk1.7.0_79/jre/lib/ext/zipfs.jar
     [classpath + loader.0] file:/C:/Users/Priyaa/.m2/repository/org/neo4j/neo4j-cypher-compiler-2.1/2.1.6/neo4j-cypher-compiler-2.1-2.1.6.jar
     [bootstrap] C:\Program Files\Java\jdk1.7.0_79\jre\lib\jfr.jar
     [classpath + loader.0] file:/C:/Users/Priyaa/.m2/repository/org/neo4j/neo4j-consistency-check/2.2.0/neo4j-consistency-check-2.2.0.jar
     [classpath + loader.0] file:/C:/Users/Priyaa/.m2/repository/org/neo4j/neo4j-jmx/2.2.0/neo4j-jmx-2.2.0.jar
     [classpath + loader.0] file:/C:/Users/Priyaa/.m2/repository/org/neo4j/neo4j-cypher/2.2.0/neo4j-cypher-2.2.0.jar
     [classpath + loader.0] file:/C:/Users/Priyaa/.m2/repository/org/neo4j/neo4j-udc/2.2.0/neo4j-udc-2.2.0.jar
     [bootstrap] C:\Program Files\Java\jdk1.7.0_79\jre\lib\sunrsasign.jar
2017-04-24 11:53:59.020+0000 INFO  [org.neo4j]: Library path:
    C:\Program Files\Java\jdk1.7.0_79\bin
    C:\Windows\Sun\Java\bin
    C:\Windows\System32
    C:\Windows
    C:\Program Files\Java\jre1.8.0_92\bin\server
    C:\Program Files\Java\jre1.8.0_92\bin
    C:\Program Files\Java\jre1.8.0_92\lib\amd64
    C:\ProgramData\Oracle\Java\javapath
    C:\Program Files\Java\jdk1.8.0_92\bin
    C:\Program Files (x86)\Intel\iCLS Client
    C:\Program Files\Intel\iCLS Client
    C:\Windows\System32
    C:\Windows
    C:\Windows\System32\wbem
    C:\Windows\System32\WindowsPowerShell\v1.0
    C:\Program Files (x86)\NVIDIA Corporation\PhysX\Common
    C:\Program Files (x86)\Intel\Intel(R) Management Engine Components\DAL
    C:\Program Files\Intel\Intel(R) Management Engine Components\DAL
    C:\Program Files (x86)\Intel\Intel(R) Management Engine Components\IPT
    C:\Program Files\Intel\Intel(R) Management Engine Components\IPT
    C:\Program Files (x86)\Skype\Phone
    C:\Anaconda3
    C:\Anaconda3\Scripts
    C:\Anaconda3\Library\bin
    C:\Users\Priyaa\Desktop\elasticsearch-2.3.3\elasticsearch-2.3.3\bin
    C:\graphviz-2.38\release\bin\dot
    C:\Program Files\Intel\WiFi\bin
    C:\Program Files\Common Files\Intel\WirelessCommon
    C:\Windows\System32\config\systemprofile\.dnx\bin
    C:\Program Files\Microsoft DNX\Dnvm
    C:\Program Files\Microsoft SQL Server\130\Tools\Binn
    C:\Program Files (x86)\Microsoft Visual Studio 14.0\VC
    C:\Windows\System32
    C:\Windows
    C:\Windows\System32\wbem
    C:\Windows\System32\WindowsPowerShell\v1.0
    C:\Program Files\MiKTeX 2.9\miktex\bin\x64
    C:\Program Files\swipl\bin
    C:\Program Files\Git\cmd
    C:\Program Files\Java\jdk1.8.0_92\bin
    C:\graphviz-2.38\release\bin\dot
    C:\Users\Priyaa\Desktop\elasticsearch-2.3.3\elasticsearch-2.3.3\bin
    C:\Program Files (x86)\Microsoft Visual Studio 14.0\VC
    C:\Users\Priyaa\AppData\Local\Microsoft\WindowsApps
    C:\Program Files\swipl\bin
    C:\Users\Priyaa\Desktop\eclipse-jee-kepler-R-win32-x86_64\eclipse
    C:\Users\Priyaa\Desktop\ProvProject2\WhyDiffAlgorithm
    C:\Users\Priyaa\Desktop\ProvProject2\WhyDiffAlgorithm
2017-04-24 11:53:59.039+0000 INFO  [org.neo4j]: System.properties:
    sun.boot.library.path = C:\Program Files\Java\jdk1.7.0_79\jre\bin
    path.separator = ;
    file.encoding.pkg = sun.io
    user.country = GB
    user.script = 
    sun.java.launcher = SUN_STANDARD
    sun.os.patch.level = 
    user.dir = C:\Users\Priyaa\Desktop\ProvProject2\WhyDiffAlgorithm
    user.variant = 
    sun.jnu.encoding = Cp1252
    sun.management.compiler = HotSpot 64-Bit Tiered Compilers
    user.home = C:\Users\Priyaa
    user.timezone = Europe/London
    file.encoding = UTF-8
    user.name = Priyaa
    sun.java.command = Traversal.WhyDiffAlgorithm.App
    sun.arch.data.model = 64
    user.language = en
    awt.toolkit = sun.awt.windows.WToolkit
    file.separator = \
    sun.io.unicode.encoding = UnicodeLittle
    sun.cpu.endian = little
    sun.desktop = windows
    sun.cpu.isalist = amd64
2017-04-24 11:53:59.045+0000 INFO  [org.neo4j]: Network information:
    Interface Software Loopback Interface 1:
        address: 127.0.0.1
        address: 0:0:0:0:0:0:0:1
    Interface WAN Miniport (IPv6):
    Interface WAN Miniport (SSTP):
    Interface WAN Miniport (PPPOE):
    Interface WAN Miniport (IP):
    Interface WAN Miniport (Network Monitor):
    Interface WAN Miniport (PPTP):
    Interface WAN Miniport (IKEv2):
    Interface Microsoft ISATAP Adapter #3:
    Interface Microsoft ISATAP Adapter #2:
    Interface Microsoft ISATAP Adapter:
    Interface VirtualBox Host-Only Ethernet Adapter:
    Interface RAS Async Adapter:
    Interface Realtek PCIe GBE Family Controller:
        address: fe80:0:0:0:b7:7545:9cad:66d0%14
    Interface Microsoft Kernel Debug Network Adapter:
    Interface Intel(R) Dual Band Wireless-AC 7265 #2:
        address: 10.56.196.73
        address: fe80:0:0:0:10ca:97c3:4093:d8d0%16
    Interface Microsoft Wi-Fi Direct Virtual Adapter:
        address: fe80:0:0:0:6809:816:7f92:55c%17
    Interface Microsoft Teredo Tunneling Adapter:
        address: 2001:0:4137:9e76:18b1:3f3e:7f0f:1ec9
        address: fe80:0:0:0:18b1:3f3e:7f0f:1ec9%18
    Interface Microsoft ISATAP Adapter #5:
        address: fe80:0:0:0:0:5efe:a38:c449%19
    Interface WAN Miniport (L2TP):
    Interface Realtek PCIe GBE Family Controller-WFP Native MAC Layer LightWeight Filter-0000:
    Interface Realtek PCIe GBE Family Controller-VirtualBox NDIS Light-Weight Filter-0000:
    Interface Realtek PCIe GBE Family Controller-QoS Packet Scheduler-0000:
    Interface Realtek PCIe GBE Family Controller-WFP 802.3 MAC Layer LightWeight Filter-0000:
    Interface Intel(R) Dual Band Wireless-AC 7265 #2-WFP Native MAC Layer LightWeight Filter-0000:
    Interface Intel(R) Dual Band Wireless-AC 7265 #2-Virtual WiFi Filter Driver-0000:
    Interface Intel(R) Dual Band Wireless-AC 7265 #2-Native WiFi Filter Driver-0000:
    Interface Intel(R) Dual Band Wireless-AC 7265 #2-VirtualBox NDIS Light-Weight Filter-0000:
    Interface Intel(R) Dual Band Wireless-AC 7265 #2-QoS Packet Scheduler-0000:
    Interface Intel(R) Dual Band Wireless-AC 7265 #2-WFP 802.3 MAC Layer LightWeight Filter-0000:
    Interface Microsoft Wi-Fi Direct Virtual Adapter-WFP Native MAC Layer LightWeight Filter-0000:
    Interface Microsoft Wi-Fi Direct Virtual Adapter-Native WiFi Filter Driver-0000:
    Interface Microsoft Wi-Fi Direct Virtual Adapter-VirtualBox NDIS Light-Weight Filter-0000:
    Interface Microsoft Wi-Fi Direct Virtual Adapter-QoS Packet Scheduler-0000:
    Interface Microsoft Wi-Fi Direct Virtual Adapter-WFP 802.3 MAC Layer LightWeight Filter-0000:
    Interface Bluetooth Device (Personal Area Network):
    Interface Bluetooth Device (RFCOMM Protocol TDI):
    Interface WAN Miniport (IP)-WFP Native MAC Layer LightWeight Filter-0000:
    Interface WAN Miniport (IP)-QoS Packet Scheduler-0000:
    Interface WAN Miniport (IPv6)-WFP Native MAC Layer LightWeight Filter-0000:
    Interface WAN Miniport (IPv6)-QoS Packet Scheduler-0000:
    Interface WAN Miniport (Network Monitor)-WFP Native MAC Layer LightWeight Filter-0000:
    Interface WAN Miniport (Network Monitor)-QoS Packet Scheduler-0000:
2017-04-24 11:53:59.165+0000 INFO  [org.neo4j]: --- INITIALIZED diagnostics END ---
2017-04-24 11:53:59.500+0000 INFO  [org.neo4j]: Creating new db @ target\data1\neostore
2017-04-24 11:54:00.177+0000 INFO  [org.neo4j]: No lucene scan store index found, this might just be first use. Preparing to rebuild.
2017-04-24 11:54:00.203+0000 INFO  [org.neo4j]: No lucene scan store index found, this might just be first use. Preparing to rebuild.
2017-04-24 11:54:00.279+0000 INFO  [org.neo4j]: Opened logical log [target\data1\neostore.transaction.db.0] version=0, lastTxId=1 (clean)
2017-04-24 11:54:00.286+0000 INFO  [org.neo4j]: Missing counts store, rebuilding it.
2017-04-24 11:54:00.378+0000 INFO  [org.neo4j]: Rebuilding lucene scan store, this may take a while
2017-04-24 11:54:00.379+0000 INFO  [org.neo4j]: Lucene scan store rebuilt (roughly -1 nodes)
2017-04-24 11:54:01.009+0000 INFO  [org.neo4j]: --- STARTED diagnostics for KernelDiagnostics:Versions START ---
2017-04-24 11:54:01.009+0000 INFO  [org.neo4j]: Graph Database: org.neo4j.kernel.EmbeddedGraphDatabase StoreId{creationTime=1493034839350, randomId=-4524805353695885009, storeVersion=14969031248344582, upgradeTime=1493034839350, upgradeId=1}
2017-04-24 11:54:01.010+0000 INFO  [org.neo4j]: Kernel version: Neo4j - Graph Database Kernel (neo4j-kernel), version: 2.2.0
2017-04-24 11:54:01.010+0000 INFO  [org.neo4j]: Neo4j component versions:
2017-04-24 11:54:01.016+0000 INFO  [org.neo4j]:   Neo4j - Lucene Index (neo4j-lucene-index), version: 2.2.0; revision: 2.2.0:master:839/5b872e0e68ed041822003b69052c04a50125e471
2017-04-24 11:54:01.016+0000 INFO  [org.neo4j]:   Neo4j - Cypher Compiler 2.1 (neo4j-cypher-compiler-2.1), version: 2.1.6; revision: 2.1.6:2.1-maint:605/0d7f25fc608f15c54ec1a01f4ba4564ebfb1071a
2017-04-24 11:54:01.016+0000 INFO  [org.neo4j]:   Neo4j - Consistency Checker (neo4j-consistency-check), version: 2.2.0; revision: 2.2.0:master:839/5b872e0e68ed041822003b69052c04a50125e471
2017-04-24 11:54:01.016+0000 INFO  [org.neo4j]:   Neo4j - Graph Algorithms (neo4j-graph-algo), version: 2.2.0; revision: 2.2.0:master:839/5b872e0e68ed041822003b69052c04a50125e471
2017-04-24 11:54:01.016+0000 INFO  [org.neo4j]:   Neo4j - Cypher Compiler 2.0 (neo4j-cypher-compiler-2.0), version: 2.0.4; revision: 2.0.4:2.0-maint:130/4a7d10bc274a5d26a180bbe9df25100e8a694748
2017-04-24 11:54:01.016+0000 INFO  [org.neo4j]:   Neo4j - Cypher Compiler 2.2 (neo4j-cypher-compiler-2.2), version: 2.2.0; revision: 2.2.0:master:839/5b872e0e68ed041822003b69052c04a50125e471
2017-04-24 11:54:01.016+0000 INFO  [org.neo4j]:   Neo4j - Cypher Compiler 1.9 (neo4j-cypher-compiler-1.9), version: 2.0.4; revision: 2.0.4:2.0-maint:130/4a7d10bc274a5d26a180bbe9df25100e8a694748
2017-04-24 11:54:01.016+0000 INFO  [org.neo4j]:   neo4j-udc, version: 2.2.0; revision: 2.2.0:master:839/5b872e0e68ed041822003b69052c04a50125e471
2017-04-24 11:54:01.016+0000 INFO  [org.neo4j]:   Neo4j - JMX support (neo4j-jmx), version: 2.2.0; revision: 2.2.0:master:839/5b872e0e68ed041822003b69052c04a50125e471
2017-04-24 11:54:01.016+0000 INFO  [org.neo4j]:   Neo4j - Graph Matching (neo4j-graph-matching), version: 2.2.0; revision: 2.2.0:master:839/5b872e0e68ed041822003b69052c04a50125e471
2017-04-24 11:54:01.016+0000 INFO  [org.neo4j]:   Neo4j - Graph Database Kernel (neo4j-kernel), version: 2.2.0; revision: 2.2.0:master:839/5b872e0e68ed041822003b69052c04a50125e471
2017-04-24 11:54:01.017+0000 INFO  [org.neo4j]:   Neo4j - Cypher (neo4j-cypher), version: 2.2.0; revision: 2.2.0:master:839/5b872e0e68ed041822003b69052c04a50125e471
2017-04-24 11:54:01.017+0000 INFO  [org.neo4j]:   Neo4j - Community (neo4j), version: 2.2.0; revision: 2.2.0:master:839/5b872e0e68ed041822003b69052c04a50125e471
2017-04-24 11:54:01.017+0000 INFO  [org.neo4j]: --- STARTED diagnostics for KernelDiagnostics:Versions END ---
2017-04-24 11:54:01.019+0000 INFO  [org.neo4j]: --- STARTED diagnostics for NEO_STORE_VERSIONS START ---
2017-04-24 11:54:01.020+0000 INFO  [org.neo4j]: Store versions:
    Store versions:
      NeoStore v0.A.5
      SchemaStore v0.A.5
      NodeStore v0.A.5
      RelationshipStore v0.A.5
      RelationshipTypeStore v0.A.5
      LabelTokenStore v0.A.5
      PropertyStore v0.A.5
      PropertyIndexStore v0.A.5
      StringPropertyStore v0.A.5
      ArrayPropertyStore v0.A.5
      RelationshipGroupStore v0.A.5
2017-04-24 11:54:01.025+0000 INFO  [org.neo4j]: --- STARTED diagnostics for NEO_STORE_VERSIONS END ---
2017-04-24 11:54:01.025+0000 INFO  [org.neo4j]: --- STARTED diagnostics for NEO_STORE_ID_USAGE START ---
2017-04-24 11:54:01.025+0000 INFO  [org.neo4j]: Id usage:
    Id usage:
      SchemaStore: used=1 high=0
      NodeStore: used=0 high=-1
      RelationshipStore: used=0 high=-1
      RelationshipTypeStore: used=0 high=-1
      LabelTokenStore: used=0 high=-1
      PropertyStore: used=0 high=-1
      PropertyIndexStore: used=0 high=-1
      StringPropertyStore: used=1 high=0
      ArrayPropertyStore: used=1 high=0
      RelationshipGroupStore: used=1 high=0
2017-04-24 11:54:01.030+0000 INFO  [org.neo4j]: --- STARTED diagnostics for NEO_STORE_ID_USAGE END ---
2017-04-24 11:54:01.031+0000 INFO  [org.neo4j]: --- STARTED diagnostics for KernelDiagnostics:StoreFiles START ---
2017-04-24 11:54:01.034+0000 INFO  [org.neo4j]: Disk space on partition (Total / Free / Free %): 241052594176 / 107947147264 / 44
Storage files: (filename : modification date - size)
      index:
      - Total: 2017-04-24T12:53:59+0100 - 0.00 B
      lock: 2017-04-24T12:53:59+0100 - 0.00 B
      messages.log: 2017-04-24T12:53:58+0100 - 17.71 kB
      neostore: 2017-04-24T12:54:00+0100 - 99.00 B
      neostore.counts.db.a: 2017-04-24T12:54:00+0100 - 114.00 B
      neostore.id: 2017-04-24T12:53:59+0100 - 9.00 B
      neostore.labeltokenstore.db: 2017-04-24T12:54:00+0100 - 0.00 B
      neostore.labeltokenstore.db.id: 2017-04-24T12:53:59+0100 - 9.00 B
      neostore.labeltokenstore.db.names: 2017-04-24T12:54:00+0100 - 38.00 B
      neostore.labeltokenstore.db.names.id: 2017-04-24T12:53:59+0100 - 9.00 B
      neostore.nodestore.db: 2017-04-24T12:54:00+0100 - 0.00 B
      neostore.nodestore.db.id: 2017-04-24T12:53:59+0100 - 9.00 B
      neostore.nodestore.db.labels: 2017-04-24T12:54:00+0100 - 68.00 B
      neostore.nodestore.db.labels.id: 2017-04-24T12:53:59+0100 - 9.00 B
      neostore.propertystore.db: 2017-04-24T12:54:00+0100 - 0.00 B
      neostore.propertystore.db.arrays: 2017-04-24T12:54:00+0100 - 128.00 B
      neostore.propertystore.db.arrays.id: 2017-04-24T12:53:59+0100 - 9.00 B
      neostore.propertystore.db.id: 2017-04-24T12:53:59+0100 - 9.00 B
      neostore.propertystore.db.index: 2017-04-24T12:54:00+0100 - 0.00 B
      neostore.propertystore.db.index.id: 2017-04-24T12:53:59+0100 - 9.00 B
      neostore.propertystore.db.index.keys: 2017-04-24T12:54:00+0100 - 38.00 B
      neostore.propertystore.db.index.keys.id: 2017-04-24T12:53:59+0100 - 9.00 B
      neostore.propertystore.db.strings: 2017-04-24T12:54:00+0100 - 128.00 B
      neostore.propertystore.db.strings.id: 2017-04-24T12:53:59+0100 - 9.00 B
      neostore.relationshipgroupstore.db: 2017-04-24T12:54:00+0100 - 25.00 B
      neostore.relationshipgroupstore.db.id: 2017-04-24T12:53:59+0100 - 9.00 B
      neostore.relationshipstore.db: 2017-04-24T12:54:00+0100 - 0.00 B
      neostore.relationshipstore.db.id: 2017-04-24T12:53:59+0100 - 9.00 B
      neostore.relationshiptypestore.db: 2017-04-24T12:54:00+0100 - 0.00 B
      neostore.relationshiptypestore.db.id: 2017-04-24T12:53:59+0100 - 9.00 B
      neostore.relationshiptypestore.db.names: 2017-04-24T12:54:00+0100 - 38.00 B
      neostore.relationshiptypestore.db.names.id: 2017-04-24T12:53:59+0100 - 9.00 B
      neostore.schemastore.db: 2017-04-24T12:54:00+0100 - 64.00 B
      neostore.schemastore.db.id: 2017-04-24T12:53:59+0100 - 9.00 B
      neostore.transaction.db.0: 2017-04-24T12:54:00+0100 - 16.00 B
      schema:
        label:
          lucene:
            write.lock: 2017-04-24T12:54:00+0100 - 0.00 B
          - Total: 2017-04-24T12:54:00+0100 - 0.00 B
        - Total: 2017-04-24T12:54:00+0100 - 0.00 B
      - Total: 2017-04-24T12:54:00+0100 - 0.00 B
      store_lock: 2017-04-24T12:53:59+0100 - 0.00 B
2017-04-24 11:54:01.067+0000 INFO  [org.neo4j]: --- STARTED diagnostics for KernelDiagnostics:StoreFiles END ---
2017-04-24 11:54:01.115+0000 INFO  [org.neo4j]: Database is now ready
2017-04-24 11:54:01.665+0000 INFO  [org.neo4j]: Shutdown started
2017-04-24 11:54:01.666+0000 INFO  [org.neo4j]: Database is now unavailable
2017-04-24 11:54:01.704+0000 INFO  [org.neo4j]: About to rotate counts store at transaction 56 to [target\data1\neostore.counts.db.b], from [target\data1\neostore.counts.db.a].
2017-04-24 11:54:01.710+0000 INFO  [org.neo4j]: Successfully rotated counts store at transaction 56 to [target\data1\neostore.counts.db.b], from [target\data1\neostore.counts.db.a].
2017-04-24 11:54:01.910+0000 INFO  [org.neo4j]: NeoStore closed
2017-04-24 11:54:01.910+0000 INFO  [org.neo4j]: --- STOPPING diagnostics START ---
2017-04-24 11:54:01.910+0000 INFO  [org.neo4j]: --- STOPPING diagnostics END ---
2017-04-24 11:54:25.810+0000 INFO  [org.neo4j]: No locking implementation specified, defaulting to 'community'
2017-04-24 11:54:25.916+0000 INFO  [org.neo4j]: --- INITIALIZED diagnostics START ---
2017-04-24 11:54:25.918+0000 INFO  [org.neo4j]: Neo4j Kernel properties:
    store_dir=target/data1
    ephemeral=false
2017-04-24 11:54:25.925+0000 INFO  [org.neo4j]: Diagnostics providers:
    org.neo4j.kernel.configuration.Config
    org.neo4j.kernel.info.DiagnosticsManager
    SYSTEM_MEMORY
    JAVA_MEMORY
    OPERATING_SYSTEM
    JAVA_VIRTUAL_MACHINE
    CLASSPATH
    LIBRARY_PATH
    SYSTEM_PROPERTIES
    NETWORK
2017-04-24 11:54:25.932+0000 INFO  [org.neo4j]: System memory information:
    Total Physical memory: 7.92 GB
    Free Physical memory: 1.79 GB
    Committed virtual memory: 279.79 MB
    Total swap space: 14.67 GB
    Free swap space: 3.88 GB
2017-04-24 11:54:25.939+0000 INFO  [org.neo4j]: JVM memory information:
    Free  memory: 70.54 MB
    Total memory: 122.00 MB
    Max   memory: 1.76 GB
    Garbage Collector: PS Scavenge: [PS Eden Space, PS Survivor Space]
    Garbage Collector: PS MarkSweep: [PS Eden Space, PS Survivor Space, PS Old Gen, PS Perm Gen]
    Memory Pool: Code Cache (Non-heap memory): committed=2.44 MB, used=532.63 kB, max=48.00 MB, threshold=0.00 B
    Memory Pool: PS Eden Space (Heap memory): committed=32.50 MB, used=25.79 MB, max=667.00 MB, threshold=?
    Memory Pool: PS Survivor Space (Heap memory): committed=5.00 MB, used=4.98 MB, max=5.00 MB, threshold=?
    Memory Pool: PS Old Gen (Heap memory): committed=84.50 MB, used=20.69 MB, max=1.32 GB, threshold=0.00 B
    Memory Pool: PS Perm Gen (Non-heap memory): committed=21.00 MB, used=6.95 MB, max=82.00 MB, threshold=0.00 B
2017-04-24 11:54:25.948+0000 INFO  [org.neo4j]: Operating system information:
    Operating System: Windows 8.1; version: 6.3; arch: amd64; cpus: 4
    Process id: 14672@DESKTOP-DBJV7RK
    Byte order: LITTLE_ENDIAN
    Local timezone: Europe/London
2017-04-24 11:54:25.969+0000 INFO  [org.neo4j]: JVM information:
    VM Name: Java HotSpot(TM) 64-Bit Server VM
    VM Vendor: Oracle Corporation
    VM Version: 24.79-b02
    JIT compiler: HotSpot 64-Bit Tiered Compilers
    VM Arguments: [-Dfile.encoding=UTF-8]
2017-04-24 11:54:25.975+0000 INFO  [org.neo4j]: Java classpath:
     [bootstrap] C:\Program Files\Java\jdk1.7.0_79\jre\lib\charsets.jar
     [classpath + loader.0] file:/C:/Users/Priyaa/.m2/repository/org/neo4j/neo4j/2.2.0/neo4j-2.2.0.jar
     [classpath + loader.0] file:/C:/Users/Priyaa/.m2/repository/org/neo4j/neo4j-cypher-compiler-1.9/2.0.4/neo4j-cypher-compiler-1.9-2.0.4.jar
     [classpath + loader.0] file:/C:/Users/Priyaa/.m2/repository/org/neo4j/neo4j-lucene-index/2.2.0/neo4j-lucene-index-2.2.0.jar
     [loader.1] file:/C:/Program%20Files/Java/jdk1.7.0_79/jre/lib/ext/sunjce_provider.jar
     [loader.1] file:/C:/Program%20Files/Java/jdk1.7.0_79/jre/lib/ext/access-bridge-64.jar
     [classpath + loader.0] file:/C:/Users/Priyaa/.m2/repository/org/neo4j/neo4j-graph-matching/2.2.0/neo4j-graph-matching-2.2.0.jar
     [classpath + loader.0] file:/C:/Users/Priyaa/.m2/repository/org/neo4j/neo4j-cypher-compiler-2.2/2.2.0/neo4j-cypher-compiler-2.2-2.2.0.jar
     [classpath + loader.0] file:/C:/Users/Priyaa/.m2/repository/org/neo4j/neo4j-csv/2.2.0/neo4j-csv-2.2.0.jar
     [bootstrap] C:\Program Files\Java\jdk1.7.0_79\jre\lib\jsse.jar
     [loader.1] file:/C:/Program%20Files/Java/jdk1.7.0_79/jre/lib/ext/localedata.jar
     [classpath + loader.0] file:/C:/Users/Priyaa/.m2/repository/org/parboiled/parboiled-scala_2.10/1.1.6/parboiled-scala_2.10-1.1.6.jar
     [loader.1] file:/C:/Program%20Files/Java/jdk1.7.0_79/jre/lib/ext/jaccess.jar
     [loader.1] file:/C:/Program%20Files/Java/jdk1.7.0_79/jre/lib/ext/dnsns.jar
     [classpath + loader.0] file:/C:/Users/Priyaa/.m2/repository/org/scala-lang/scala-reflect/2.10.4/scala-reflect-2.10.4.jar
     [classpath + loader.0] file:/C:/Users/Priyaa/.m2/repository/net/sf/opencsv/opencsv/2.3/opencsv-2.3.jar
     [loader.1] file:/C:/Program%20Files/Java/jdk1.7.0_79/jre/lib/ext/sunmscapi.jar
     [classpath + loader.0] file:/C:/Users/Priyaa/.m2/repository/org/neo4j/neo4j-cypher-compiler-2.0/2.0.4/neo4j-cypher-compiler-2.0-2.0.4.jar
     [classpath + loader.0] file:/C:/Users/Priyaa/.m2/repository/org/neo4j/neo4j-io/2.2.0/neo4j-io-2.2.0.jar
     [bootstrap] C:\Program Files\Java\jdk1.7.0_79\jre\lib\resources.jar
     [classpath + loader.0] file:/C:/Users/Priyaa/Desktop/ProvProject2/WhyDiffAlgorithm/target/classes/
     [bootstrap] C:\Program Files\Java\jdk1.7.0_79\jre\lib\jce.jar
     [classpath + loader.0] file:/C:/Users/Priyaa/.m2/repository/org/neo4j/neo4j-graph-algo/2.2.0/neo4j-graph-algo-2.2.0.jar
     [bootstrap] C:\Program Files\Java\jdk1.7.0_79\jre\lib\rt.jar
     [classpath + loader.0] file:/C:/Users/Priyaa/.m2/repository/com/googlecode/concurrentlinkedhashmap/concurrentlinkedhashmap-lru/1.4/concurrentlinkedhashmap-lru-1.4.jar
     [classpath + loader.0] file:/C:/Users/Priyaa/.m2/repository/org/parboiled/parboiled-core/1.1.6/parboiled-core-1.1.6.jar
     [bootstrap] C:\Program Files\Java\jdk1.7.0_79\jre\classes
     [loader.1] file:/C:/Program%20Files/Java/jdk1.7.0_79/jre/lib/ext/sunec.jar
     [classpath + loader.0] file:/C:/Users/Priyaa/.m2/repository/org/apache/lucene/lucene-core/3.6.2/lucene-core-3.6.2.jar
     [classpath + loader.0] file:/C:/Users/Priyaa/.m2/repository/org/scala-lang/scala-library/2.10.4/scala-library-2.10.4.jar
     [classpath + loader.0] file:/C:/Users/Priyaa/.m2/repository/org/neo4j/neo4j-primitive-collections/2.2.0/neo4j-primitive-collections-2.2.0.jar
     [classpath + loader.0] file:/C:/Users/Priyaa/.m2/repository/org/neo4j/neo4j-kernel/2.2.0/neo4j-kernel-2.2.0.jar
     [loader.1] file:/C:/Program%20Files/Java/jdk1.7.0_79/jre/lib/ext/zipfs.jar
     [classpath + loader.0] file:/C:/Users/Priyaa/.m2/repository/org/neo4j/neo4j-cypher-compiler-2.1/2.1.6/neo4j-cypher-compiler-2.1-2.1.6.jar
     [bootstrap] C:\Program Files\Java\jdk1.7.0_79\jre\lib\jfr.jar
     [classpath + loader.0] file:/C:/Users/Priyaa/.m2/repository/org/neo4j/neo4j-consistency-check/2.2.0/neo4j-consistency-check-2.2.0.jar
     [classpath + loader.0] file:/C:/Users/Priyaa/.m2/repository/org/neo4j/neo4j-jmx/2.2.0/neo4j-jmx-2.2.0.jar
     [classpath + loader.0] file:/C:/Users/Priyaa/.m2/repository/org/neo4j/neo4j-cypher/2.2.0/neo4j-cypher-2.2.0.jar
     [classpath + loader.0] file:/C:/Users/Priyaa/.m2/repository/org/neo4j/neo4j-udc/2.2.0/neo4j-udc-2.2.0.jar
     [bootstrap] C:\Program Files\Java\jdk1.7.0_79\jre\lib\sunrsasign.jar
2017-04-24 11:54:25.983+0000 INFO  [org.neo4j]: Library path:
    C:\Program Files\Java\jdk1.7.0_79\bin
    C:\Windows\Sun\Java\bin
    C:\Windows\System32
    C:\Windows
    C:\Program Files\Java\jre1.8.0_92\bin\server
    C:\Program Files\Java\jre1.8.0_92\bin
    C:\Program Files\Java\jre1.8.0_92\lib\amd64
    C:\ProgramData\Oracle\Java\javapath
    C:\Program Files\Java\jdk1.8.0_92\bin
    C:\Program Files (x86)\Intel\iCLS Client
    C:\Program Files\Intel\iCLS Client
    C:\Windows\System32
    C:\Windows
    C:\Windows\System32\wbem
    C:\Windows\System32\WindowsPowerShell\v1.0
    C:\Program Files (x86)\NVIDIA Corporation\PhysX\Common
    C:\Program Files (x86)\Intel\Intel(R) Management Engine Components\DAL
    C:\Program Files\Intel\Intel(R) Management Engine Components\DAL
    C:\Program Files (x86)\Intel\Intel(R) Management Engine Components\IPT
    C:\Program Files\Intel\Intel(R) Management Engine Components\IPT
    C:\Program Files (x86)\Skype\Phone
    C:\Anaconda3
    C:\Anaconda3\Scripts
    C:\Anaconda3\Library\bin
    C:\Users\Priyaa\Desktop\elasticsearch-2.3.3\elasticsearch-2.3.3\bin
    C:\graphviz-2.38\release\bin\dot
    C:\Program Files\Intel\WiFi\bin
    C:\Program Files\Common Files\Intel\WirelessCommon
    C:\Windows\System32\config\systemprofile\.dnx\bin
    C:\Program Files\Microsoft DNX\Dnvm
    C:\Program Files\Microsoft SQL Server\130\Tools\Binn
    C:\Program Files (x86)\Microsoft Visual Studio 14.0\VC
    C:\Windows\System32
    C:\Windows
    C:\Windows\System32\wbem
    C:\Windows\System32\WindowsPowerShell\v1.0
    C:\Program Files\MiKTeX 2.9\miktex\bin\x64
    C:\Program Files\swipl\bin
    C:\Program Files\Git\cmd
    C:\Program Files\Java\jdk1.8.0_92\bin
    C:\graphviz-2.38\release\bin\dot
    C:\Users\Priyaa\Desktop\elasticsearch-2.3.3\elasticsearch-2.3.3\bin
    C:\Program Files (x86)\Microsoft Visual Studio 14.0\VC
    C:\Users\Priyaa\AppData\Local\Microsoft\WindowsApps
    C:\Program Files\swipl\bin
    C:\Users\Priyaa\Desktop\eclipse-jee-kepler-R-win32-x86_64\eclipse
    C:\Users\Priyaa\Desktop\ProvProject2\WhyDiffAlgorithm
    C:\Users\Priyaa\Desktop\ProvProject2\WhyDiffAlgorithm
2017-04-24 11:54:26.004+0000 INFO  [org.neo4j]: System.properties:
    sun.boot.library.path = C:\Program Files\Java\jdk1.7.0_79\jre\bin
    path.separator = ;
    file.encoding.pkg = sun.io
    user.country = GB
    user.script = 
    sun.java.launcher = SUN_STANDARD
    sun.os.patch.level = 
    user.dir = C:\Users\Priyaa\Desktop\ProvProject2\WhyDiffAlgorithm
    user.variant = 
    sun.jnu.encoding = Cp1252
    sun.management.compiler = HotSpot 64-Bit Tiered Compilers
    user.home = C:\Users\Priyaa
    user.timezone = Europe/London
    file.encoding = UTF-8
    user.name = Priyaa
    sun.java.command = Traversal.WhyDiffAlgorithm.FTTraversal
    sun.arch.data.model = 64
    user.language = en
    awt.toolkit = sun.awt.windows.WToolkit
    file.separator = \
    sun.io.unicode.encoding = UnicodeLittle
    sun.cpu.endian = little
    sun.desktop = windows
    sun.cpu.isalist = amd64
2017-04-24 11:54:26.009+0000 INFO  [org.neo4j]: Network information:
    Interface Software Loopback Interface 1:
        address: 127.0.0.1
        address: 0:0:0:0:0:0:0:1
    Interface WAN Miniport (IPv6):
    Interface WAN Miniport (SSTP):
    Interface WAN Miniport (PPPOE):
    Interface WAN Miniport (IP):
    Interface WAN Miniport (Network Monitor):
    Interface WAN Miniport (PPTP):
    Interface WAN Miniport (IKEv2):
    Interface Microsoft ISATAP Adapter #3:
    Interface Microsoft ISATAP Adapter #2:
    Interface Microsoft ISATAP Adapter:
    Interface VirtualBox Host-Only Ethernet Adapter:
    Interface RAS Async Adapter:
    Interface Realtek PCIe GBE Family Controller:
        address: fe80:0:0:0:b7:7545:9cad:66d0%14
    Interface Microsoft Kernel Debug Network Adapter:
    Interface Intel(R) Dual Band Wireless-AC 7265 #2:
        address: 10.56.196.73
        address: fe80:0:0:0:10ca:97c3:4093:d8d0%16
    Interface Microsoft Wi-Fi Direct Virtual Adapter:
        address: fe80:0:0:0:6809:816:7f92:55c%17
    Interface Microsoft Teredo Tunneling Adapter:
        address: 2001:0:4137:9e76:18b1:3f3e:7f0f:1ec9
        address: fe80:0:0:0:18b1:3f3e:7f0f:1ec9%18
    Interface Microsoft ISATAP Adapter #5:
        address: fe80:0:0:0:0:5efe:a38:c449%19
    Interface WAN Miniport (L2TP):
    Interface Realtek PCIe GBE Family Controller-WFP Native MAC Layer LightWeight Filter-0000:
    Interface Realtek PCIe GBE Family Controller-VirtualBox NDIS Light-Weight Filter-0000:
    Interface Realtek PCIe GBE Family Controller-QoS Packet Scheduler-0000:
    Interface Realtek PCIe GBE Family Controller-WFP 802.3 MAC Layer LightWeight Filter-0000:
    Interface Intel(R) Dual Band Wireless-AC 7265 #2-WFP Native MAC Layer LightWeight Filter-0000:
    Interface Intel(R) Dual Band Wireless-AC 7265 #2-Virtual WiFi Filter Driver-0000:
    Interface Intel(R) Dual Band Wireless-AC 7265 #2-Native WiFi Filter Driver-0000:
    Interface Intel(R) Dual Band Wireless-AC 7265 #2-VirtualBox NDIS Light-Weight Filter-0000:
    Interface Intel(R) Dual Band Wireless-AC 7265 #2-QoS Packet Scheduler-0000:
    Interface Intel(R) Dual Band Wireless-AC 7265 #2-WFP 802.3 MAC Layer LightWeight Filter-0000:
    Interface Microsoft Wi-Fi Direct Virtual Adapter-WFP Native MAC Layer LightWeight Filter-0000:
    Interface Microsoft Wi-Fi Direct Virtual Adapter-Native WiFi Filter Driver-0000:
    Interface Microsoft Wi-Fi Direct Virtual Adapter-VirtualBox NDIS Light-Weight Filter-0000:
    Interface Microsoft Wi-Fi Direct Virtual Adapter-QoS Packet Scheduler-0000:
    Interface Microsoft Wi-Fi Direct Virtual Adapter-WFP 802.3 MAC Layer LightWeight Filter-0000:
    Interface Bluetooth Device (Personal Area Network):
    Interface Bluetooth Device (RFCOMM Protocol TDI):
    Interface WAN Miniport (IP)-WFP Native MAC Layer LightWeight Filter-0000:
    Interface WAN Miniport (IP)-QoS Packet Scheduler-0000:
    Interface WAN Miniport (IPv6)-WFP Native MAC Layer LightWeight Filter-0000:
    Interface WAN Miniport (IPv6)-QoS Packet Scheduler-0000:
    Interface WAN Miniport (Network Monitor)-WFP Native MAC Layer LightWeight Filter-0000:
    Interface WAN Miniport (Network Monitor)-QoS Packet Scheduler-0000:
2017-04-24 11:54:26.117+0000 INFO  [org.neo4j]: --- INITIALIZED diagnostics END ---
2017-04-24 11:54:26.736+0000 INFO  [org.neo4j]: Opened logical log [target\data1\neostore.transaction.db.1] version=1, lastTxId=56 (clean)
2017-04-24 11:54:27.318+0000 INFO  [org.neo4j]: --- STARTED diagnostics for KernelDiagnostics:Versions START ---
2017-04-24 11:54:27.318+0000 INFO  [org.neo4j]: Graph Database: org.neo4j.kernel.EmbeddedGraphDatabase StoreId{creationTime=1493034839350, randomId=-4524805353695885009, storeVersion=14969031248344582, upgradeTime=1493034839350, upgradeId=1}
2017-04-24 11:54:27.319+0000 INFO  [org.neo4j]: Kernel version: Neo4j - Graph Database Kernel (neo4j-kernel), version: 2.2.0
2017-04-24 11:54:27.319+0000 INFO  [org.neo4j]: Neo4j component versions:
2017-04-24 11:54:27.324+0000 INFO  [org.neo4j]:   Neo4j - Lucene Index (neo4j-lucene-index), version: 2.2.0; revision: 2.2.0:master:839/5b872e0e68ed041822003b69052c04a50125e471
2017-04-24 11:54:27.324+0000 INFO  [org.neo4j]:   Neo4j - Cypher Compiler 2.1 (neo4j-cypher-compiler-2.1), version: 2.1.6; revision: 2.1.6:2.1-maint:605/0d7f25fc608f15c54ec1a01f4ba4564ebfb1071a
2017-04-24 11:54:27.324+0000 INFO  [org.neo4j]:   Neo4j - Consistency Checker (neo4j-consistency-check), version: 2.2.0; revision: 2.2.0:master:839/5b872e0e68ed041822003b69052c04a50125e471
2017-04-24 11:54:27.324+0000 INFO  [org.neo4j]:   Neo4j - Graph Algorithms (neo4j-graph-algo), version: 2.2.0; revision: 2.2.0:master:839/5b872e0e68ed041822003b69052c04a50125e471
2017-04-24 11:54:27.325+0000 INFO  [org.neo4j]:   Neo4j - Cypher Compiler 2.0 (neo4j-cypher-compiler-2.0), version: 2.0.4; revision: 2.0.4:2.0-maint:130/4a7d10bc274a5d26a180bbe9df25100e8a694748
2017-04-24 11:54:27.325+0000 INFO  [org.neo4j]:   Neo4j - Cypher Compiler 2.2 (neo4j-cypher-compiler-2.2), version: 2.2.0; revision: 2.2.0:master:839/5b872e0e68ed041822003b69052c04a50125e471
2017-04-24 11:54:27.325+0000 INFO  [org.neo4j]:   Neo4j - Cypher Compiler 1.9 (neo4j-cypher-compiler-1.9), version: 2.0.4; revision: 2.0.4:2.0-maint:130/4a7d10bc274a5d26a180bbe9df25100e8a694748
2017-04-24 11:54:27.325+0000 INFO  [org.neo4j]:   neo4j-udc, version: 2.2.0; revision: 2.2.0:master:839/5b872e0e68ed041822003b69052c04a50125e471
2017-04-24 11:54:27.325+0000 INFO  [org.neo4j]:   Neo4j - JMX support (neo4j-jmx), version: 2.2.0; revision: 2.2.0:master:839/5b872e0e68ed041822003b69052c04a50125e471
2017-04-24 11:54:27.325+0000 INFO  [org.neo4j]:   Neo4j - Graph Matching (neo4j-graph-matching), version: 2.2.0; revision: 2.2.0:master:839/5b872e0e68ed041822003b69052c04a50125e471
2017-04-24 11:54:27.325+0000 INFO  [org.neo4j]:   Neo4j - Graph Database Kernel (neo4j-kernel), version: 2.2.0; revision: 2.2.0:master:839/5b872e0e68ed041822003b69052c04a50125e471
2017-04-24 11:54:27.325+0000 INFO  [org.neo4j]:   Neo4j - Cypher (neo4j-cypher), version: 2.2.0; revision: 2.2.0:master:839/5b872e0e68ed041822003b69052c04a50125e471
2017-04-24 11:54:27.325+0000 INFO  [org.neo4j]:   Neo4j - Community (neo4j), version: 2.2.0; revision: 2.2.0:master:839/5b872e0e68ed041822003b69052c04a50125e471
2017-04-24 11:54:27.326+0000 INFO  [org.neo4j]: --- STARTED diagnostics for KernelDiagnostics:Versions END ---
2017-04-24 11:54:27.328+0000 INFO  [org.neo4j]: --- STARTED diagnostics for NEO_STORE_VERSIONS START ---
2017-04-24 11:54:27.328+0000 INFO  [org.neo4j]: Store versions:
    Store versions:
      NeoStore v0.A.5
      SchemaStore v0.A.5
      NodeStore v0.A.5
      RelationshipStore v0.A.5
      RelationshipTypeStore v0.A.5
      LabelTokenStore v0.A.5
      PropertyStore v0.A.5
      PropertyIndexStore v0.A.5
      StringPropertyStore v0.A.5
      ArrayPropertyStore v0.A.5
      RelationshipGroupStore v0.A.5
2017-04-24 11:54:27.333+0000 INFO  [org.neo4j]: --- STARTED diagnostics for NEO_STORE_VERSIONS END ---
2017-04-24 11:54:27.333+0000 INFO  [org.neo4j]: --- STARTED diagnostics for NEO_STORE_ID_USAGE START ---
2017-04-24 11:54:27.333+0000 INFO  [org.neo4j]: Id usage:
    Id usage:
      SchemaStore: used=1 high=0
      NodeStore: used=50 high=49
      RelationshipStore: used=48 high=47
      RelationshipTypeStore: used=2 high=1
      LabelTokenStore: used=50 high=49
      PropertyStore: used=58 high=57
      PropertyIndexStore: used=2 high=1
      StringPropertyStore: used=137 high=136
      ArrayPropertyStore: used=1 high=0
      RelationshipGroupStore: used=1 high=0
2017-04-24 11:54:27.338+0000 INFO  [org.neo4j]: --- STARTED diagnostics for NEO_STORE_ID_USAGE END ---
2017-04-24 11:54:27.338+0000 INFO  [org.neo4j]: --- STARTED diagnostics for KernelDiagnostics:StoreFiles START ---
2017-04-24 11:54:27.341+0000 INFO  [org.neo4j]: Disk space on partition (Total / Free / Free %): 241052594176 / 107947008000 / 44
Storage files: (filename : modification date - size)
      index:
      - Total: 2017-04-24T12:53:59+0100 - 0.00 B
      lock: 2017-04-24T12:54:26+0100 - 0.00 B
      messages.log: 2017-04-24T12:54:01+0100 - 38.87 kB
      neostore: 2017-04-24T12:54:26+0100 - 99.00 B
      neostore.counts.db.a: 2017-04-24T12:54:00+0100 - 114.00 B
      neostore.counts.db.b: 2017-04-24T12:54:01+0100 - 7.67 kB
      neostore.id: 2017-04-24T12:54:01+0100 - 9.00 B
      neostore.labeltokenstore.db: 2017-04-24T12:54:26+0100 - 250.00 B
      neostore.labeltokenstore.db.id: 2017-04-24T12:54:01+0100 - 9.00 B
      neostore.labeltokenstore.db.names: 2017-04-24T12:54:26+0100 - 4.34 kB
      neostore.labeltokenstore.db.names.id: 2017-04-24T12:54:01+0100 - 9.00 B
      neostore.nodestore.db: 2017-04-24T12:54:26+0100 - 750.00 B
      neostore.nodestore.db.id: 2017-04-24T12:54:01+0100 - 9.00 B
      neostore.nodestore.db.labels: 2017-04-24T12:54:26+0100 - 68.00 B
      neostore.nodestore.db.labels.id: 2017-04-24T12:54:01+0100 - 9.00 B
      neostore.propertystore.db: 2017-04-24T12:54:26+0100 - 2.32 kB
      neostore.propertystore.db.arrays: 2017-04-24T12:54:26+0100 - 128.00 B
      neostore.propertystore.db.arrays.id: 2017-04-24T12:54:01+0100 - 9.00 B
      neostore.propertystore.db.id: 2017-04-24T12:54:01+0100 - 9.00 B
      neostore.propertystore.db.index: 2017-04-24T12:54:26+0100 - 18.00 B
      neostore.propertystore.db.index.id: 2017-04-24T12:54:01+0100 - 9.00 B
      neostore.propertystore.db.index.keys: 2017-04-24T12:54:26+0100 - 114.00 B
      neostore.propertystore.db.index.keys.id: 2017-04-24T12:54:01+0100 - 9.00 B
      neostore.propertystore.db.strings: 2017-04-24T12:54:26+0100 - 17.13 kB
      neostore.propertystore.db.strings.id: 2017-04-24T12:54:01+0100 - 9.00 B
      neostore.relationshipgroupstore.db: 2017-04-24T12:54:26+0100 - 25.00 B
      neostore.relationshipgroupstore.db.id: 2017-04-24T12:54:01+0100 - 9.00 B
      neostore.relationshipstore.db: 2017-04-24T12:54:26+0100 - 1.59 kB
      neostore.relationshipstore.db.id: 2017-04-24T12:54:01+0100 - 9.00 B
      neostore.relationshiptypestore.db: 2017-04-24T12:54:26+0100 - 10.00 B
      neostore.relationshiptypestore.db.id: 2017-04-24T12:54:01+0100 - 9.00 B
      neostore.relationshiptypestore.db.names: 2017-04-24T12:54:26+0100 - 114.00 B
      neostore.relationshiptypestore.db.names.id: 2017-04-24T12:54:01+0100 - 9.00 B
      neostore.schemastore.db: 2017-04-24T12:54:26+0100 - 64.00 B
      neostore.schemastore.db.id: 2017-04-24T12:54:01+0100 - 9.00 B
      neostore.transaction.db.0: 2017-04-24T12:54:01+0100 - 40.57 kB
      neostore.transaction.db.1: 2017-04-24T12:54:26+0100 - 16.00 B
      schema:
        label:
          lucene:
            _0.cfs: 2017-04-24T12:54:01+0100 - 1.13 kB
            segments.gen: 2017-04-24T12:54:01+0100 - 20.00 B
            segments_1: 2017-04-24T12:54:01+0100 - 242.00 B
            write.lock: 2017-04-24T12:54:26+0100 - 0.00 B
          - Total: 2017-04-24T12:54:26+0100 - 1.39 kB
        - Total: 2017-04-24T12:54:00+0100 - 1.39 kB
      - Total: 2017-04-24T12:54:00+0100 - 1.39 kB
      store_lock: 2017-04-24T12:53:59+0100 - 0.00 B
2017-04-24 11:55:12.360+0000 INFO  [org.neo4j]: No locking implementation specified, defaulting to 'community'
2017-04-24 11:55:12.464+0000 INFO  [org.neo4j]: --- INITIALIZED diagnostics START ---
2017-04-24 11:55:12.466+0000 INFO  [org.neo4j]: Neo4j Kernel properties:
    store_dir=target/data1
    ephemeral=false
2017-04-24 11:55:12.471+0000 INFO  [org.neo4j]: Diagnostics providers:
    org.neo4j.kernel.configuration.Config
    org.neo4j.kernel.info.DiagnosticsManager
    SYSTEM_MEMORY
    JAVA_MEMORY
    OPERATING_SYSTEM
    JAVA_VIRTUAL_MACHINE
    CLASSPATH
    LIBRARY_PATH
    SYSTEM_PROPERTIES
    NETWORK
2017-04-24 11:55:12.478+0000 INFO  [org.neo4j]: System memory information:
    Total Physical memory: 7.92 GB
    Free Physical memory: 1.96 GB
    Committed virtual memory: 279.23 MB
    Total swap space: 14.67 GB
    Free swap space: 3.89 GB
2017-04-24 11:55:12.486+0000 INFO  [org.neo4j]: JVM memory information:
    Free  memory: 70.54 MB
    Total memory: 122.00 MB
    Max   memory: 1.76 GB
    Garbage Collector: PS Scavenge: [PS Eden Space, PS Survivor Space]
    Garbage Collector: PS MarkSweep: [PS Eden Space, PS Survivor Space, PS Old Gen, PS Perm Gen]
    Memory Pool: Code Cache (Non-heap memory): committed=2.44 MB, used=529.06 kB, max=48.00 MB, threshold=0.00 B
    Memory Pool: PS Eden Space (Heap memory): committed=32.50 MB, used=25.79 MB, max=667.00 MB, threshold=?
    Memory Pool: PS Survivor Space (Heap memory): committed=5.00 MB, used=4.98 MB, max=5.00 MB, threshold=?
    Memory Pool: PS Old Gen (Heap memory): committed=84.50 MB, used=20.69 MB, max=1.32 GB, threshold=0.00 B
    Memory Pool: PS Perm Gen (Non-heap memory): committed=21.00 MB, used=6.95 MB, max=82.00 MB, threshold=0.00 B
2017-04-24 11:55:12.495+0000 INFO  [org.neo4j]: Operating system information:
    Operating System: Windows 8.1; version: 6.3; arch: amd64; cpus: 4
    Process id: 16300@DESKTOP-DBJV7RK
    Byte order: LITTLE_ENDIAN
    Local timezone: Europe/London
2017-04-24 11:55:12.515+0000 INFO  [org.neo4j]: JVM information:
    VM Name: Java HotSpot(TM) 64-Bit Server VM
    VM Vendor: Oracle Corporation
    VM Version: 24.79-b02
    JIT compiler: HotSpot 64-Bit Tiered Compilers
    VM Arguments: [-Dfile.encoding=UTF-8]
2017-04-24 11:55:12.521+0000 INFO  [org.neo4j]: Java classpath:
     [bootstrap] C:\Program Files\Java\jdk1.7.0_79\jre\lib\charsets.jar
     [classpath + loader.0] file:/C:/Users/Priyaa/.m2/repository/org/neo4j/neo4j/2.2.0/neo4j-2.2.0.jar
     [classpath + loader.0] file:/C:/Users/Priyaa/.m2/repository/org/neo4j/neo4j-cypher-compiler-1.9/2.0.4/neo4j-cypher-compiler-1.9-2.0.4.jar
     [classpath + loader.0] file:/C:/Users/Priyaa/.m2/repository/org/neo4j/neo4j-lucene-index/2.2.0/neo4j-lucene-index-2.2.0.jar
     [loader.1] file:/C:/Program%20Files/Java/jdk1.7.0_79/jre/lib/ext/sunjce_provider.jar
     [loader.1] file:/C:/Program%20Files/Java/jdk1.7.0_79/jre/lib/ext/access-bridge-64.jar
     [classpath + loader.0] file:/C:/Users/Priyaa/.m2/repository/org/neo4j/neo4j-graph-matching/2.2.0/neo4j-graph-matching-2.2.0.jar
     [classpath + loader.0] file:/C:/Users/Priyaa/.m2/repository/org/neo4j/neo4j-cypher-compiler-2.2/2.2.0/neo4j-cypher-compiler-2.2-2.2.0.jar
     [classpath + loader.0] file:/C:/Users/Priyaa/.m2/repository/org/neo4j/neo4j-csv/2.2.0/neo4j-csv-2.2.0.jar
     [bootstrap] C:\Program Files\Java\jdk1.7.0_79\jre\lib\jsse.jar
     [loader.1] file:/C:/Program%20Files/Java/jdk1.7.0_79/jre/lib/ext/localedata.jar
     [classpath + loader.0] file:/C:/Users/Priyaa/.m2/repository/org/parboiled/parboiled-scala_2.10/1.1.6/parboiled-scala_2.10-1.1.6.jar
     [loader.1] file:/C:/Program%20Files/Java/jdk1.7.0_79/jre/lib/ext/jaccess.jar
     [loader.1] file:/C:/Program%20Files/Java/jdk1.7.0_79/jre/lib/ext/dnsns.jar
     [classpath + loader.0] file:/C:/Users/Priyaa/.m2/repository/org/scala-lang/scala-reflect/2.10.4/scala-reflect-2.10.4.jar
     [classpath + loader.0] file:/C:/Users/Priyaa/.m2/repository/net/sf/opencsv/opencsv/2.3/opencsv-2.3.jar
     [loader.1] file:/C:/Program%20Files/Java/jdk1.7.0_79/jre/lib/ext/sunmscapi.jar
     [classpath + loader.0] file:/C:/Users/Priyaa/.m2/repository/org/neo4j/neo4j-cypher-compiler-2.0/2.0.4/neo4j-cypher-compiler-2.0-2.0.4.jar
     [classpath + loader.0] file:/C:/Users/Priyaa/.m2/repository/org/neo4j/neo4j-io/2.2.0/neo4j-io-2.2.0.jar
     [bootstrap] C:\Program Files\Java\jdk1.7.0_79\jre\lib\resources.jar
     [classpath + loader.0] file:/C:/Users/Priyaa/Desktop/ProvProject2/WhyDiffAlgorithm/target/classes/
     [bootstrap] C:\Program Files\Java\jdk1.7.0_79\jre\lib\jce.jar
     [classpath + loader.0] file:/C:/Users/Priyaa/.m2/repository/org/neo4j/neo4j-graph-algo/2.2.0/neo4j-graph-algo-2.2.0.jar
     [bootstrap] C:\Program Files\Java\jdk1.7.0_79\jre\lib\rt.jar
     [classpath + loader.0] file:/C:/Users/Priyaa/.m2/repository/com/googlecode/concurrentlinkedhashmap/concurrentlinkedhashmap-lru/1.4/concurrentlinkedhashmap-lru-1.4.jar
     [classpath + loader.0] file:/C:/Users/Priyaa/.m2/repository/org/parboiled/parboiled-core/1.1.6/parboiled-core-1.1.6.jar
     [bootstrap] C:\Program Files\Java\jdk1.7.0_79\jre\classes
     [loader.1] file:/C:/Program%20Files/Java/jdk1.7.0_79/jre/lib/ext/sunec.jar
     [classpath + loader.0] file:/C:/Users/Priyaa/.m2/repository/org/apache/lucene/lucene-core/3.6.2/lucene-core-3.6.2.jar
     [classpath + loader.0] file:/C:/Users/Priyaa/.m2/repository/org/scala-lang/scala-library/2.10.4/scala-library-2.10.4.jar
     [classpath + loader.0] file:/C:/Users/Priyaa/.m2/repository/org/neo4j/neo4j-primitive-collections/2.2.0/neo4j-primitive-collections-2.2.0.jar
     [classpath + loader.0] file:/C:/Users/Priyaa/.m2/repository/org/neo4j/neo4j-kernel/2.2.0/neo4j-kernel-2.2.0.jar
     [loader.1] file:/C:/Program%20Files/Java/jdk1.7.0_79/jre/lib/ext/zipfs.jar
     [classpath + loader.0] file:/C:/Users/Priyaa/.m2/repository/org/neo4j/neo4j-cypher-compiler-2.1/2.1.6/neo4j-cypher-compiler-2.1-2.1.6.jar
     [bootstrap] C:\Program Files\Java\jdk1.7.0_79\jre\lib\jfr.jar
     [classpath + loader.0] file:/C:/Users/Priyaa/.m2/repository/org/neo4j/neo4j-consistency-check/2.2.0/neo4j-consistency-check-2.2.0.jar
     [classpath + loader.0] file:/C:/Users/Priyaa/.m2/repository/org/neo4j/neo4j-jmx/2.2.0/neo4j-jmx-2.2.0.jar
     [classpath + loader.0] file:/C:/Users/Priyaa/.m2/repository/org/neo4j/neo4j-cypher/2.2.0/neo4j-cypher-2.2.0.jar
     [classpath + loader.0] file:/C:/Users/Priyaa/.m2/repository/org/neo4j/neo4j-udc/2.2.0/neo4j-udc-2.2.0.jar
     [bootstrap] C:\Program Files\Java\jdk1.7.0_79\jre\lib\sunrsasign.jar
2017-04-24 11:55:12.529+0000 INFO  [org.neo4j]: Library path:
    C:\Program Files\Java\jdk1.7.0_79\bin
    C:\Windows\Sun\Java\bin
    C:\Windows\System32
    C:\Windows
    C:\Program Files\Java\jre1.8.0_92\bin\server
    C:\Program Files\Java\jre1.8.0_92\bin
    C:\Program Files\Java\jre1.8.0_92\lib\amd64
    C:\ProgramData\Oracle\Java\javapath
    C:\Program Files\Java\jdk1.8.0_92\bin
    C:\Program Files (x86)\Intel\iCLS Client
    C:\Program Files\Intel\iCLS Client
    C:\Windows\System32
    C:\Windows
    C:\Windows\System32\wbem
    C:\Windows\System32\WindowsPowerShell\v1.0
    C:\Program Files (x86)\NVIDIA Corporation\PhysX\Common
    C:\Program Files (x86)\Intel\Intel(R) Management Engine Components\DAL
    C:\Program Files\Intel\Intel(R) Management Engine Components\DAL
    C:\Program Files (x86)\Intel\Intel(R) Management Engine Components\IPT
    C:\Program Files\Intel\Intel(R) Management Engine Components\IPT
    C:\Program Files (x86)\Skype\Phone
    C:\Anaconda3
    C:\Anaconda3\Scripts
    C:\Anaconda3\Library\bin
    C:\Users\Priyaa\Desktop\elasticsearch-2.3.3\elasticsearch-2.3.3\bin
    C:\graphviz-2.38\release\bin\dot
    C:\Program Files\Intel\WiFi\bin
    C:\Program Files\Common Files\Intel\WirelessCommon
    C:\Windows\System32\config\systemprofile\.dnx\bin
    C:\Program Files\Microsoft DNX\Dnvm
    C:\Program Files\Microsoft SQL Server\130\Tools\Binn
    C:\Program Files (x86)\Microsoft Visual Studio 14.0\VC
    C:\Windows\System32
    C:\Windows
    C:\Windows\System32\wbem
    C:\Windows\System32\WindowsPowerShell\v1.0
    C:\Program Files\MiKTeX 2.9\miktex\bin\x64
    C:\Program Files\swipl\bin
    C:\Program Files\Git\cmd
    C:\Program Files\Java\jdk1.8.0_92\bin
    C:\graphviz-2.38\release\bin\dot
    C:\Users\Priyaa\Desktop\elasticsearch-2.3.3\elasticsearch-2.3.3\bin
    C:\Program Files (x86)\Microsoft Visual Studio 14.0\VC
    C:\Users\Priyaa\AppData\Local\Microsoft\WindowsApps
    C:\Program Files\swipl\bin
    C:\Users\Priyaa\Desktop\eclipse-jee-kepler-R-win32-x86_64\eclipse
    C:\Users\Priyaa\Desktop\ProvProject2\WhyDiffAlgorithm
    C:\Users\Priyaa\Desktop\ProvProject2\WhyDiffAlgorithm
2017-04-24 11:55:12.549+0000 INFO  [org.neo4j]: System.properties:
    sun.boot.library.path = C:\Program Files\Java\jdk1.7.0_79\jre\bin
    path.separator = ;
    file.encoding.pkg = sun.io
    user.country = GB
    user.script = 
    sun.java.launcher = SUN_STANDARD
    sun.os.patch.level = 
    user.dir = C:\Users\Priyaa\Desktop\ProvProject2\WhyDiffAlgorithm
    user.variant = 
    sun.jnu.encoding = Cp1252
    sun.management.compiler = HotSpot 64-Bit Tiered Compilers
    user.home = C:\Users\Priyaa
    user.timezone = Europe/London
    file.encoding = UTF-8
    user.name = Priyaa
    sun.java.command = Traversal.WhyDiffAlgorithm.FTTraversal
    sun.arch.data.model = 64
    user.language = en
    awt.toolkit = sun.awt.windows.WToolkit
    file.separator = \
    sun.io.unicode.encoding = UnicodeLittle
    sun.cpu.endian = little
    sun.desktop = windows
    sun.cpu.isalist = amd64
2017-04-24 11:55:12.555+0000 INFO  [org.neo4j]: Network information:
    Interface Software Loopback Interface 1:
        address: 127.0.0.1
        address: 0:0:0:0:0:0:0:1
    Interface WAN Miniport (IPv6):
    Interface WAN Miniport (SSTP):
    Interface WAN Miniport (PPPOE):
    Interface WAN Miniport (IP):
    Interface WAN Miniport (Network Monitor):
    Interface WAN Miniport (PPTP):
    Interface WAN Miniport (IKEv2):
    Interface Microsoft ISATAP Adapter #3:
    Interface Microsoft ISATAP Adapter #2:
    Interface Microsoft ISATAP Adapter:
    Interface VirtualBox Host-Only Ethernet Adapter:
    Interface RAS Async Adapter:
    Interface Realtek PCIe GBE Family Controller:
        address: fe80:0:0:0:b7:7545:9cad:66d0%14
    Interface Microsoft Kernel Debug Network Adapter:
    Interface Intel(R) Dual Band Wireless-AC 7265 #2:
        address: 10.56.196.73
        address: fe80:0:0:0:10ca:97c3:4093:d8d0%16
    Interface Microsoft Wi-Fi Direct Virtual Adapter:
        address: fe80:0:0:0:6809:816:7f92:55c%17
    Interface Microsoft Teredo Tunneling Adapter:
        address: 2001:0:4137:9e76:18b1:3f3e:7f0f:1ec9
        address: fe80:0:0:0:18b1:3f3e:7f0f:1ec9%18
    Interface Microsoft ISATAP Adapter #5:
        address: fe80:0:0:0:0:5efe:a38:c449%19
    Interface WAN Miniport (L2TP):
    Interface Realtek PCIe GBE Family Controller-WFP Native MAC Layer LightWeight Filter-0000:
    Interface Realtek PCIe GBE Family Controller-VirtualBox NDIS Light-Weight Filter-0000:
    Interface Realtek PCIe GBE Family Controller-QoS Packet Scheduler-0000:
    Interface Realtek PCIe GBE Family Controller-WFP 802.3 MAC Layer LightWeight Filter-0000:
    Interface Intel(R) Dual Band Wireless-AC 7265 #2-WFP Native MAC Layer LightWeight Filter-0000:
    Interface Intel(R) Dual Band Wireless-AC 7265 #2-Virtual WiFi Filter Driver-0000:
    Interface Intel(R) Dual Band Wireless-AC 7265 #2-Native WiFi Filter Driver-0000:
    Interface Intel(R) Dual Band Wireless-AC 7265 #2-VirtualBox NDIS Light-Weight Filter-0000:
    Interface Intel(R) Dual Band Wireless-AC 7265 #2-QoS Packet Scheduler-0000:
    Interface Intel(R) Dual Band Wireless-AC 7265 #2-WFP 802.3 MAC Layer LightWeight Filter-0000:
    Interface Microsoft Wi-Fi Direct Virtual Adapter-WFP Native MAC Layer LightWeight Filter-0000:
    Interface Microsoft Wi-Fi Direct Virtual Adapter-Native WiFi Filter Driver-0000:
    Interface Microsoft Wi-Fi Direct Virtual Adapter-VirtualBox NDIS Light-Weight Filter-0000:
    Interface Microsoft Wi-Fi Direct Virtual Adapter-QoS Packet Scheduler-0000:
    Interface Microsoft Wi-Fi Direct Virtual Adapter-WFP 802.3 MAC Layer LightWeight Filter-0000:
    Interface Bluetooth Device (Personal Area Network):
    Interface Bluetooth Device (RFCOMM Protocol TDI):
    Interface WAN Miniport (IP)-WFP Native MAC Layer LightWeight Filter-0000:
    Interface WAN Miniport (IP)-QoS Packet Scheduler-0000:
    Interface WAN Miniport (IPv6)-WFP Native MAC Layer LightWeight Filter-0000:
    Interface WAN Miniport (IPv6)-QoS Packet Scheduler-0000:
    Interface WAN Miniport (Network Monitor)-WFP Native MAC Layer LightWeight Filter-0000:
    Interface WAN Miniport (Network Monitor)-QoS Packet Scheduler-0000:
2017-04-24 11:55:12.679+0000 INFO  [org.neo4j]: --- INITIALIZED diagnostics END ---
2017-04-24 11:55:14.552+0000 INFO  [org.neo4j]: --- STARTED diagnostics for KernelDiagnostics:Versions START ---
2017-04-24 11:55:14.552+0000 INFO  [org.neo4j]: Graph Database: org.neo4j.kernel.EmbeddedGraphDatabase StoreId{creationTime=1493034839350, randomId=-4524805353695885009, storeVersion=14969031248344582, upgradeTime=1493034839350, upgradeId=1}
2017-04-24 11:55:14.552+0000 INFO  [org.neo4j]: Kernel version: Neo4j - Graph Database Kernel (neo4j-kernel), version: 2.2.0
2017-04-24 11:55:14.552+0000 INFO  [org.neo4j]: Neo4j component versions:
2017-04-24 11:55:14.568+0000 INFO  [org.neo4j]:   Neo4j - Lucene Index (neo4j-lucene-index), version: 2.2.0; revision: 2.2.0:master:839/5b872e0e68ed041822003b69052c04a50125e471
2017-04-24 11:55:14.568+0000 INFO  [org.neo4j]:   Neo4j - Cypher Compiler 2.1 (neo4j-cypher-compiler-2.1), version: 2.1.6; revision: 2.1.6:2.1-maint:605/0d7f25fc608f15c54ec1a01f4ba4564ebfb1071a
2017-04-24 11:55:14.568+0000 INFO  [org.neo4j]:   Neo4j - Consistency Checker (neo4j-consistency-check), version: 2.2.0; revision: 2.2.0:master:839/5b872e0e68ed041822003b69052c04a50125e471
2017-04-24 11:55:14.568+0000 INFO  [org.neo4j]:   Neo4j - Graph Algorithms (neo4j-graph-algo), version: 2.2.0; revision: 2.2.0:master:839/5b872e0e68ed041822003b69052c04a50125e471
2017-04-24 11:55:14.568+0000 INFO  [org.neo4j]:   Neo4j - Cypher Compiler 2.0 (neo4j-cypher-compiler-2.0), version: 2.0.4; revision: 2.0.4:2.0-maint:130/4a7d10bc274a5d26a180bbe9df25100e8a694748
2017-04-24 11:55:14.568+0000 INFO  [org.neo4j]:   Neo4j - Cypher Compiler 2.2 (neo4j-cypher-compiler-2.2), version: 2.2.0; revision: 2.2.0:master:839/5b872e0e68ed041822003b69052c04a50125e471
2017-04-24 11:55:14.568+0000 INFO  [org.neo4j]:   Neo4j - Cypher Compiler 1.9 (neo4j-cypher-compiler-1.9), version: 2.0.4; revision: 2.0.4:2.0-maint:130/4a7d10bc274a5d26a180bbe9df25100e8a694748
2017-04-24 11:55:14.568+0000 INFO  [org.neo4j]:   neo4j-udc, version: 2.2.0; revision: 2.2.0:master:839/5b872e0e68ed041822003b69052c04a50125e471
2017-04-24 11:55:14.568+0000 INFO  [org.neo4j]:   Neo4j - JMX support (neo4j-jmx), version: 2.2.0; revision: 2.2.0:master:839/5b872e0e68ed041822003b69052c04a50125e471
2017-04-24 11:55:14.569+0000 INFO  [org.neo4j]:   Neo4j - Graph Matching (neo4j-graph-matching), version: 2.2.0; revision: 2.2.0:master:839/5b872e0e68ed041822003b69052c04a50125e471
2017-04-24 11:55:14.569+0000 INFO  [org.neo4j]:   Neo4j - Graph Database Kernel (neo4j-kernel), version: 2.2.0; revision: 2.2.0:master:839/5b872e0e68ed041822003b69052c04a50125e471
2017-04-24 11:55:14.569+0000 INFO  [org.neo4j]:   Neo4j - Cypher (neo4j-cypher), version: 2.2.0; revision: 2.2.0:master:839/5b872e0e68ed041822003b69052c04a50125e471
2017-04-24 11:55:14.569+0000 INFO  [org.neo4j]:   Neo4j - Community (neo4j), version: 2.2.0; revision: 2.2.0:master:839/5b872e0e68ed041822003b69052c04a50125e471
2017-04-24 11:55:14.569+0000 INFO  [org.neo4j]: --- STARTED diagnostics for KernelDiagnostics:Versions END ---
2017-04-24 11:55:14.571+0000 INFO  [org.neo4j]: --- STARTED diagnostics for NEO_STORE_VERSIONS START ---
2017-04-24 11:55:14.572+0000 INFO  [org.neo4j]: Store versions:
    Store versions:
      NeoStore v0.A.5
      SchemaStore v0.A.5
      NodeStore v0.A.5
      RelationshipStore v0.A.5
      RelationshipTypeStore v0.A.5
      LabelTokenStore v0.A.5
      PropertyStore v0.A.5
      PropertyIndexStore v0.A.5
      StringPropertyStore v0.A.5
      ArrayPropertyStore v0.A.5
      RelationshipGroupStore v0.A.5
2017-04-24 11:55:14.577+0000 INFO  [org.neo4j]: --- STARTED diagnostics for NEO_STORE_VERSIONS END ---
2017-04-24 11:55:14.577+0000 INFO  [org.neo4j]: --- STARTED diagnostics for NEO_STORE_ID_USAGE START ---
2017-04-24 11:55:14.577+0000 INFO  [org.neo4j]: Id usage:
    Id usage:
      SchemaStore: used=1 high=0
      NodeStore: used=50 high=49
      RelationshipStore: used=48 high=47
      RelationshipTypeStore: used=2 high=1
      LabelTokenStore: used=50 high=49
      PropertyStore: used=58 high=57
      PropertyIndexStore: used=2 high=1
      StringPropertyStore: used=137 high=136
      ArrayPropertyStore: used=1 high=0
      RelationshipGroupStore: used=1 high=0
2017-04-24 11:55:14.582+0000 INFO  [org.neo4j]: --- STARTED diagnostics for NEO_STORE_ID_USAGE END ---
2017-04-24 11:55:14.583+0000 INFO  [org.neo4j]: --- STARTED diagnostics for KernelDiagnostics:StoreFiles START ---
2017-04-24 11:55:14.585+0000 INFO  [org.neo4j]: Disk space on partition (Total / Free / Free %): 241052594176 / 107946987520 / 44
Storage files: (filename : modification date - size)
      index:
      - Total: 2017-04-24T12:53:59+0100 - 0.00 B
      lock: 2017-04-24T12:54:26+0100 - 0.00 B
      messages.log: 2017-04-24T12:54:27+0100 - 59.32 kB
      neostore: 2017-04-24T12:54:26+0100 - 99.00 B
      neostore.counts.db.a: 2017-04-24T12:54:00+0100 - 114.00 B
      neostore.counts.db.b: 2017-04-24T12:54:01+0100 - 7.67 kB
      neostore.id: 2017-04-24T12:55:13+0100 - 9.00 B
      neostore.labeltokenstore.db: 2017-04-24T12:54:26+0100 - 8.00 kB
      neostore.labeltokenstore.db.id: 2017-04-24T12:55:13+0100 - 9.00 B
      neostore.labeltokenstore.db.names: 2017-04-24T12:54:26+0100 - 4.34 kB
      neostore.labeltokenstore.db.names.id: 2017-04-24T12:55:13+0100 - 9.00 B
      neostore.nodestore.db: 2017-04-24T12:54:26+0100 - 750.00 B
      neostore.nodestore.db.id: 2017-04-24T12:55:13+0100 - 9.00 B
      neostore.nodestore.db.labels: 2017-04-24T12:54:26+0100 - 68.00 B
      neostore.nodestore.db.labels.id: 2017-04-24T12:55:13+0100 - 9.00 B
      neostore.propertystore.db: 2017-04-24T12:54:26+0100 - 2.32 kB
      neostore.propertystore.db.arrays: 2017-04-24T12:54:26+0100 - 128.00 B
      neostore.propertystore.db.arrays.id: 2017-04-24T12:55:13+0100 - 9.00 B
      neostore.propertystore.db.id: 2017-04-24T12:55:13+0100 - 9.00 B
      neostore.propertystore.db.index: 2017-04-24T12:54:26+0100 - 8.00 kB
      neostore.propertystore.db.index.id: 2017-04-24T12:55:13+0100 - 9.00 B
      neostore.propertystore.db.index.keys: 2017-04-24T12:54:26+0100 - 114.00 B
      neostore.propertystore.db.index.keys.id: 2017-04-24T12:55:13+0100 - 9.00 B
      neostore.propertystore.db.strings: 2017-04-24T12:54:26+0100 - 17.13 kB
      neostore.propertystore.db.strings.id: 2017-04-24T12:55:13+0100 - 9.00 B
      neostore.relationshipgroupstore.db: 2017-04-24T12:54:26+0100 - 25.00 B
      neostore.relationshipgroupstore.db.id: 2017-04-24T12:55:13+0100 - 9.00 B
      neostore.relationshipstore.db: 2017-04-24T12:54:26+0100 - 1.59 kB
      neostore.relationshipstore.db.id: 2017-04-24T12:55:13+0100 - 9.00 B
      neostore.relationshiptypestore.db: 2017-04-24T12:54:26+0100 - 8.00 kB
      neostore.relationshiptypestore.db.id: 2017-04-24T12:55:13+0100 - 9.00 B
      neostore.relationshiptypestore.db.names: 2017-04-24T12:54:26+0100 - 114.00 B
      neostore.relationshiptypestore.db.names.id: 2017-04-24T12:55:13+0100 - 9.00 B
      neostore.schemastore.db: 2017-04-24T12:54:26+0100 - 64.00 B
      neostore.schemastore.db.id: 2017-04-24T12:55:13+0100 - 9.00 B
      neostore.transaction.db.0: 2017-04-24T12:54:01+0100 - 40.57 kB
      neostore.transaction.db.1: 2017-04-24T12:54:26+0100 - 16.00 B
      schema:
        label:
          lucene:
            _0.cfs: 2017-04-24T12:54:01+0100 - 1.13 kB
            segments.gen: 2017-04-24T12:54:01+0100 - 20.00 B
            segments_1: 2017-04-24T12:54:01+0100 - 242.00 B
            write.lock: 2017-04-24T12:54:26+0100 - 0.00 B
          - Total: 2017-04-24T12:54:26+0100 - 1.39 kB
        - Total: 2017-04-24T12:54:00+0100 - 1.39 kB
      - Total: 2017-04-24T12:54:00+0100 - 1.39 kB
      store_lock: 2017-04-24T12:53:59+0100 - 0.00 B
