2017-03-27 12:00:06.800+0000 INFO  [org.neo4j]: No locking implementation specified, defaulting to 'community'
2017-03-27 12:00:06.896+0000 INFO  [org.neo4j]: --- INITIALIZED diagnostics START ---
2017-03-27 12:00:06.898+0000 INFO  [org.neo4j]: Neo4j Kernel properties:
    neostore.propertystore.db.mapped_memory=110M
    neostore.nodestore.db.mapped_memory=30M
    neostore.relationshipstore.db.mapped_memory=135M
    neostore.propertystore.db.strings.mapped_memory=94M
    store_dir=target/db
    neostore.propertystore.db.arrays.mapped_memory=106M
    ephemeral=false
2017-03-27 12:00:06.900+0000 INFO  [org.neo4j]: Diagnostics providers:
    org.neo4j.kernel.configuration.Config
    org.neo4j.kernel.info.DiagnosticsManager
    SYSTEM_MEMORY
    JAVA_MEMORY
    OPERATING_SYSTEM
    JAVA_VIRTUAL_MACHINE
    CLASSPATH
    LIBRARY_PATH
    SYSTEM_PROPERTIES
    NETWORK
2017-03-27 12:00:06.905+0000 INFO  [org.neo4j]: System memory information:
    Total Physical memory: 7.92 GB
    Free Physical memory: 1.39 GB
    Committed virtual memory: 246.80 MB
    Total swap space: 14.42 GB
    Free swap space: 2.61 GB
2017-03-27 12:00:06.912+0000 INFO  [org.neo4j]: JVM memory information:
    Free  memory: 110.20 MB
    Total memory: 122.00 MB
    Max   memory: 1.76 GB
    Garbage Collector: PS Scavenge: [PS Eden Space, PS Survivor Space]
    Garbage Collector: PS MarkSweep: [PS Eden Space, PS Survivor Space, PS Old Gen, PS Perm Gen]
    Memory Pool: Code Cache (Non-heap memory): committed=2.44 MB, used=468.63 kB, max=48.00 MB, threshold=0.00 B
    Memory Pool: PS Eden Space (Heap memory): committed=32.50 MB, used=11.80 MB, max=667.00 MB, threshold=?
    Memory Pool: PS Survivor Space (Heap memory): committed=5.00 MB, used=0.00 B, max=5.00 MB, threshold=?
    Memory Pool: PS Old Gen (Heap memory): committed=84.50 MB, used=0.00 B, max=1.32 GB, threshold=0.00 B
    Memory Pool: PS Perm Gen (Non-heap memory): committed=21.00 MB, used=6.38 MB, max=82.00 MB, threshold=0.00 B
2017-03-27 12:00:06.920+0000 INFO  [org.neo4j]: Operating system information:
    Operating System: Windows 8.1; version: 6.3; arch: amd64; cpus: 4
    Process id: 2936@DESKTOP-DBJV7RK
    Byte order: LITTLE_ENDIAN
    Local timezone: Europe/London
2017-03-27 12:00:06.940+0000 INFO  [org.neo4j]: JVM information:
    VM Name: Java HotSpot(TM) 64-Bit Server VM
    VM Vendor: Oracle Corporation
    VM Version: 24.79-b02
    JIT compiler: HotSpot 64-Bit Tiered Compilers
    VM Arguments: [-Dfile.encoding=UTF-8]
2017-03-27 12:00:06.944+0000 INFO  [org.neo4j]: Java classpath:
     [bootstrap] C:\Program Files\Java\jdk1.7.0_79\jre\lib\charsets.jar
     [loader.1] file:/C:/Program%20Files/Java/jdk1.7.0_79/jre/lib/ext/sunjce_provider.jar
     [classpath + loader.0] file:/C:/Users/Priyaa/.m2/repository/org/neo4j/neo4j-jmx/2.1.6/neo4j-jmx-2.1.6.jar
     [classpath + loader.0] file:/C:/Users/Priyaa/.m2/repository/org/neo4j/neo4j-cypher-commons/2.1.6/neo4j-cypher-commons-2.1.6.jar
     [classpath + loader.0] file:/C:/Users/Priyaa/.m2/repository/org/neo4j/neo4j/2.1.6/neo4j-2.1.6.jar
     [loader.1] file:/C:/Program%20Files/Java/jdk1.7.0_79/jre/lib/ext/access-bridge-64.jar
     [bootstrap] C:\Program Files\Java\jdk1.7.0_79\jre\lib\jsse.jar
     [loader.1] file:/C:/Program%20Files/Java/jdk1.7.0_79/jre/lib/ext/localedata.jar
     [classpath + loader.0] file:/C:/Users/Priyaa/.m2/repository/org/parboiled/parboiled-scala_2.10/1.1.6/parboiled-scala_2.10-1.1.6.jar
     [classpath + loader.0] file:/C:/Users/Priyaa/.m2/repository/org/neo4j/neo4j-kernel/2.1.6/neo4j-kernel-2.1.6.jar
     [loader.1] file:/C:/Program%20Files/Java/jdk1.7.0_79/jre/lib/ext/jaccess.jar
     [loader.1] file:/C:/Program%20Files/Java/jdk1.7.0_79/jre/lib/ext/dnsns.jar
     [classpath + loader.0] file:/C:/Users/Priyaa/.m2/repository/org/neo4j/neo4j-cypher-compiler-1.9/2.0.3/neo4j-cypher-compiler-1.9-2.0.3.jar
     [classpath + loader.0] file:/C:/Users/Priyaa/.m2/repository/org/neo4j/neo4j-udc/2.1.6/neo4j-udc-2.1.6.jar
     [classpath + loader.0] file:/C:/Users/Priyaa/.m2/repository/com/googlecode/concurrentlinkedhashmap/concurrentlinkedhashmap-lru/1.3.1/concurrentlinkedhashmap-lru-1.3.1.jar
     [classpath + loader.0] file:/C:/Users/Priyaa/.m2/repository/net/sf/opencsv/opencsv/2.3/opencsv-2.3.jar
     [classpath + loader.0] file:/C:/Users/Priyaa/.m2/repository/org/neo4j/neo4j-primitive-collections/2.1.6/neo4j-primitive-collections-2.1.6.jar
     [loader.1] file:/C:/Program%20Files/Java/jdk1.7.0_79/jre/lib/ext/sunmscapi.jar
     [classpath + loader.0] file:/C:/Users/Priyaa/.m2/repository/org/apache/geronimo/specs/geronimo-jta_1.1_spec/1.1.1/geronimo-jta_1.1_spec-1.1.1.jar
     [classpath + loader.0] file:/C:/Users/Priyaa/.m2/repository/org/neo4j/neo4j-lucene-index/2.1.6/neo4j-lucene-index-2.1.6.jar
     [bootstrap] C:\Program Files\Java\jdk1.7.0_79\jre\lib\resources.jar
     [bootstrap] C:\Program Files\Java\jdk1.7.0_79\jre\lib\jce.jar
     [classpath + loader.0] file:/C:/Users/Priyaa/.m2/repository/org/neo4j/neo4j-cypher-compiler-2.0/2.0.3/neo4j-cypher-compiler-2.0-2.0.3.jar
     [classpath + loader.0] file:/C:/Users/Priyaa/Desktop/ProvProject2/toNeo/target/classes/
     [bootstrap] C:\Program Files\Java\jdk1.7.0_79\jre\lib\rt.jar
     [classpath + loader.0] file:/C:/Users/Priyaa/.m2/repository/org/parboiled/parboiled-core/1.1.6/parboiled-core-1.1.6.jar
     [classpath + loader.0] file:/C:/Users/Priyaa/.m2/repository/org/neo4j/neo4j-cypher/2.1.6/neo4j-cypher-2.1.6.jar
     [bootstrap] C:\Program Files\Java\jdk1.7.0_79\jre\classes
     [loader.1] file:/C:/Program%20Files/Java/jdk1.7.0_79/jre/lib/ext/sunec.jar
     [classpath + loader.0] file:/C:/Users/Priyaa/.m2/repository/org/apache/lucene/lucene-core/3.6.2/lucene-core-3.6.2.jar
     [classpath + loader.0] file:/C:/Users/Priyaa/.m2/repository/org/scala-lang/scala-library/2.10.4/scala-library-2.10.4.jar
     [classpath + loader.0] file:/C:/Users/Priyaa/.m2/repository/org/neo4j/neo4j-graph-algo/2.1.6/neo4j-graph-algo-2.1.6.jar
     [loader.1] file:/C:/Program%20Files/Java/jdk1.7.0_79/jre/lib/ext/zipfs.jar
     [classpath + loader.0] file:/C:/Users/Priyaa/.m2/repository/org/neo4j/neo4j-cypher-compiler-2.1/2.1.6/neo4j-cypher-compiler-2.1-2.1.6.jar
     [classpath + loader.0] file:/C:/Users/Priyaa/.m2/repository/org/neo4j/neo4j-graph-matching/2.1.6/neo4j-graph-matching-2.1.6.jar
     [bootstrap] C:\Program Files\Java\jdk1.7.0_79\jre\lib\jfr.jar
     [bootstrap] C:\Program Files\Java\jdk1.7.0_79\jre\lib\sunrsasign.jar
2017-03-27 12:00:06.951+0000 INFO  [org.neo4j]: Library path:
    C:\Program Files\Java\jdk1.7.0_79\bin
    C:\Windows\Sun\Java\bin
    C:\Windows\System32
    C:\Windows
    C:\Program Files\Java\jre1.8.0_92\bin\server
    C:\Program Files\Java\jre1.8.0_92\bin
    C:\Program Files\Java\jre1.8.0_92\lib\amd64
    C:\ProgramData\Oracle\Java\javapath
    C:\Program Files\Java\jdk1.8.0_92\bin
    C:\Program Files (x86)\Intel\iCLS Client
    C:\Program Files\Intel\iCLS Client
    C:\Windows\System32
    C:\Windows
    C:\Windows\System32\wbem
    C:\Windows\System32\WindowsPowerShell\v1.0
    C:\Program Files (x86)\NVIDIA Corporation\PhysX\Common
    C:\Program Files (x86)\Intel\Intel(R) Management Engine Components\DAL
    C:\Program Files\Intel\Intel(R) Management Engine Components\DAL
    C:\Program Files (x86)\Intel\Intel(R) Management Engine Components\IPT
    C:\Program Files\Intel\Intel(R) Management Engine Components\IPT
    C:\Program Files (x86)\Skype\Phone
    C:\Anaconda3
    C:\Anaconda3\Scripts
    C:\Anaconda3\Library\bin
    C:\Users\Priyaa\Desktop\elasticsearch-2.3.3\elasticsearch-2.3.3\bin
    C:\graphviz-2.38\release\bin\dot
    C:\Program Files\Intel\WiFi\bin
    C:\Program Files\Common Files\Intel\WirelessCommon
    C:\Windows\System32\config\systemprofile\.dnx\bin
    C:\Program Files\Microsoft DNX\Dnvm
    C:\Program Files\Microsoft SQL Server\130\Tools\Binn
    C:\Program Files (x86)\Microsoft Visual Studio 14.0\VC
    C:\Windows\System32
    C:\Windows
    C:\Windows\System32\wbem
    C:\Windows\System32\WindowsPowerShell\v1.0
    C:\Program Files\MiKTeX 2.9\miktex\bin\x64
    C:\Program Files\swipl\bin
    C:\Program Files\Git\cmd
    C:\Program Files\Java\jdk1.8.0_92\bin
    C:\graphviz-2.38\release\bin\dot
    C:\Users\Priyaa\Desktop\elasticsearch-2.3.3\elasticsearch-2.3.3\bin
    C:\Program Files (x86)\Microsoft Visual Studio 14.0\VC
    C:\Users\Priyaa\AppData\Local\Microsoft\WindowsApps
    C:\Program Files\swipl\bin
    C:\Users\Priyaa\Desktop\eclipse-jee-kepler-R-win32-x86_64\eclipse
    C:\Users\Priyaa\Desktop\ProvProject2\toNeo
    C:\Users\Priyaa\Desktop\ProvProject2\toNeo
2017-03-27 12:00:06.970+0000 INFO  [org.neo4j]: System.properties:
    sun.boot.library.path = C:\Program Files\Java\jdk1.7.0_79\jre\bin
    path.separator = ;
    file.encoding.pkg = sun.io
    user.country = GB
    user.script = 
    sun.java.launcher = SUN_STANDARD
    sun.os.patch.level = 
    user.dir = C:\Users\Priyaa\Desktop\ProvProject2\toNeo
    user.variant = 
    sun.jnu.encoding = Cp1252
    sun.management.compiler = HotSpot 64-Bit Tiered Compilers
    user.home = C:\Users\Priyaa
    user.timezone = Europe/London
    file.encoding = UTF-8
    user.name = Priyaa
    sun.java.command = uk.ac.ncl.ForwardTraversal
    sun.arch.data.model = 64
    user.language = en
    awt.toolkit = sun.awt.windows.WToolkit
    file.separator = \
    sun.io.unicode.encoding = UnicodeLittle
    sun.cpu.endian = little
    sun.desktop = windows
    sun.cpu.isalist = amd64
2017-03-27 12:00:06.974+0000 INFO  [org.neo4j]: Network information:
    Interface Software Loopback Interface 1:
        address: 127.0.0.1
        address: 0:0:0:0:0:0:0:1
    Interface WAN Miniport (IPv6):
    Interface WAN Miniport (SSTP):
    Interface WAN Miniport (PPPOE):
    Interface Microsoft Teredo Tunneling Adapter:
        address: 2001:0:9d38:78cf:3cd3:69a0:7f0f:1ecf
        address: fe80:0:0:0:3cd3:69a0:7f0f:1ecf%5
    Interface WAN Miniport (IP):
    Interface WAN Miniport (Network Monitor):
    Interface WAN Miniport (PPTP):
    Interface WAN Miniport (IKEv2):
    Interface Microsoft ISATAP Adapter #3:
    Interface Microsoft ISATAP Adapter #2:
    Interface Microsoft ISATAP Adapter:
    Interface VirtualBox Host-Only Ethernet Adapter:
    Interface RAS Async Adapter:
    Interface Realtek PCIe GBE Family Controller:
        address: fe80:0:0:0:b7:7545:9cad:66d0%15
    Interface Microsoft Kernel Debug Network Adapter:
    Interface Intel(R) Dual Band Wireless-AC 7265 #2:
        address: 10.56.229.51
        address: fe80:0:0:0:10ca:97c3:4093:d8d0%17
    Interface Microsoft Wi-Fi Direct Virtual Adapter:
        address: fe80:0:0:0:6809:816:7f92:55c%18
    Interface Microsoft ISATAP Adapter #5:
        address: fe80:0:0:0:0:5efe:a38:e533%19
    Interface WAN Miniport (L2TP):
    Interface Realtek PCIe GBE Family Controller-WFP Native MAC Layer LightWeight Filter-0000:
    Interface Realtek PCIe GBE Family Controller-VirtualBox NDIS Light-Weight Filter-0000:
    Interface Realtek PCIe GBE Family Controller-QoS Packet Scheduler-0000:
    Interface Realtek PCIe GBE Family Controller-WFP 802.3 MAC Layer LightWeight Filter-0000:
    Interface Intel(R) Dual Band Wireless-AC 7265 #2-WFP Native MAC Layer LightWeight Filter-0000:
    Interface Intel(R) Dual Band Wireless-AC 7265 #2-Virtual WiFi Filter Driver-0000:
    Interface Intel(R) Dual Band Wireless-AC 7265 #2-Native WiFi Filter Driver-0000:
    Interface Intel(R) Dual Band Wireless-AC 7265 #2-VirtualBox NDIS Light-Weight Filter-0000:
    Interface Intel(R) Dual Band Wireless-AC 7265 #2-QoS Packet Scheduler-0000:
    Interface Intel(R) Dual Band Wireless-AC 7265 #2-WFP 802.3 MAC Layer LightWeight Filter-0000:
    Interface Microsoft Wi-Fi Direct Virtual Adapter-WFP Native MAC Layer LightWeight Filter-0000:
    Interface Microsoft Wi-Fi Direct Virtual Adapter-Native WiFi Filter Driver-0000:
    Interface Microsoft Wi-Fi Direct Virtual Adapter-VirtualBox NDIS Light-Weight Filter-0000:
    Interface Microsoft Wi-Fi Direct Virtual Adapter-QoS Packet Scheduler-0000:
    Interface Microsoft Wi-Fi Direct Virtual Adapter-WFP 802.3 MAC Layer LightWeight Filter-0000:
    Interface WAN Miniport (IP)-WFP Native MAC Layer LightWeight Filter-0000:
    Interface WAN Miniport (IP)-QoS Packet Scheduler-0000:
    Interface WAN Miniport (IPv6)-WFP Native MAC Layer LightWeight Filter-0000:
    Interface WAN Miniport (IPv6)-QoS Packet Scheduler-0000:
    Interface WAN Miniport (Network Monitor)-WFP Native MAC Layer LightWeight Filter-0000:
    Interface WAN Miniport (Network Monitor)-QoS Packet Scheduler-0000:
2017-03-27 12:00:07.096+0000 INFO  [org.neo4j]: --- INITIALIZED diagnostics END ---
2017-03-27 12:00:07.241+0000 INFO  [org.neo4j]: Creating new db @ target\db\neostore
2017-03-27 12:00:07.503+0000 INFO  [org.neo4j]: [target\db\neostore.relationshiptypestore.db.names] brickCount=0 brickSize=0b mappedMem=0b (storeSize=38b)
2017-03-27 12:00:07.505+0000 INFO  [org.neo4j]: [target\db\neostore.relationshiptypestore.db] brickCount=0 brickSize=0b mappedMem=0b (storeSize=0b)
2017-03-27 12:00:07.507+0000 INFO  [org.neo4j]: target\db\neostore.relationshiptypestore.db.names hit=0 miss=0 switches=0 ooe=0
2017-03-27 12:00:07.518+0000 INFO  [org.neo4j]: target\db\neostore.relationshiptypestore.db hit=0 miss=0 switches=0 ooe=0
2017-03-27 12:00:07.549+0000 INFO  [org.neo4j]: [target\db\neostore.labeltokenstore.db.names] brickCount=0 brickSize=0b mappedMem=0b (storeSize=38b)
2017-03-27 12:00:07.551+0000 INFO  [org.neo4j]: [target\db\neostore.labeltokenstore.db] brickCount=0 brickSize=0b mappedMem=0b (storeSize=0b)
2017-03-27 12:00:07.553+0000 INFO  [org.neo4j]: target\db\neostore.labeltokenstore.db.names hit=0 miss=0 switches=0 ooe=0
2017-03-27 12:00:07.573+0000 INFO  [org.neo4j]: target\db\neostore.labeltokenstore.db hit=0 miss=0 switches=0 ooe=0
2017-03-27 12:00:07.611+0000 INFO  [org.neo4j]: [target\db\neostore.relationshiptypestore.db.names] brickCount=0 brickSize=0b mappedMem=0b (storeSize=38b)
2017-03-27 12:00:07.612+0000 INFO  [org.neo4j]: [target\db\neostore.relationshiptypestore.db] brickCount=0 brickSize=0b mappedMem=0b (storeSize=0b)
2017-03-27 12:00:07.613+0000 INFO  [org.neo4j]: [target\db\neostore.labeltokenstore.db.names] brickCount=0 brickSize=0b mappedMem=0b (storeSize=38b)
2017-03-27 12:00:07.615+0000 INFO  [org.neo4j]: [target\db\neostore.labeltokenstore.db] brickCount=0 brickSize=0b mappedMem=0b (storeSize=0b)
2017-03-27 12:00:07.616+0000 INFO  [org.neo4j]: [target\db\neostore.propertystore.db.strings] brickCount=0 brickSize=98560b mappedMem=98566144b (storeSize=128b)
2017-03-27 12:00:07.617+0000 INFO  [org.neo4j]: [target\db\neostore.propertystore.db.index.keys] brickCount=0 brickSize=0b mappedMem=0b (storeSize=38b)
2017-03-27 12:00:07.619+0000 INFO  [org.neo4j]: [target\db\neostore.propertystore.db.index] brickCount=0 brickSize=0b mappedMem=0b (storeSize=0b)
2017-03-27 12:00:07.620+0000 INFO  [org.neo4j]: [target\db\neostore.propertystore.db.arrays] brickCount=0 brickSize=111104b mappedMem=111149056b (storeSize=128b)
2017-03-27 12:00:07.624+0000 INFO  [org.neo4j]: [target\db\neostore.propertystore.db] brickCount=0 brickSize=1153412b mappedMem=115343360b (storeSize=0b)
2017-03-27 12:00:07.629+0000 INFO  [org.neo4j]: [target\db\neostore.relationshipstore.db] brickCount=0 brickSize=1415556b mappedMem=141557760b (storeSize=0b)
2017-03-27 12:00:07.630+0000 INFO  [org.neo4j]: [target\db\neostore.nodestore.db.labels] brickCount=0 brickSize=0b mappedMem=0b (storeSize=68b)
2017-03-27 12:00:07.633+0000 INFO  [org.neo4j]: [target\db\neostore.nodestore.db] brickCount=0 brickSize=314565b mappedMem=31457280b (storeSize=0b)
2017-03-27 12:00:07.635+0000 INFO  [org.neo4j]: [target\db\neostore.schemastore.db] brickCount=0 brickSize=0b mappedMem=0b (storeSize=64b)
2017-03-27 12:00:07.638+0000 INFO  [org.neo4j]: [target\db\neostore.relationshipgroupstore.db] brickCount=0 brickSize=0b mappedMem=0b (storeSize=25b)
2017-03-27 12:00:07.640+0000 INFO  [org.neo4j]: [target\db\neostore] brickCount=0 brickSize=0b mappedMem=0b (storeSize=0b)
2017-03-27 12:00:07.647+0000 INFO  [org.neo4j]: target\db\neostore.relationshiptypestore.db.names hit=0 miss=0 switches=0 ooe=0
2017-03-27 12:00:07.656+0000 INFO  [org.neo4j]: target\db\neostore.relationshiptypestore.db hit=0 miss=0 switches=0 ooe=0
2017-03-27 12:00:07.665+0000 INFO  [org.neo4j]: target\db\neostore.labeltokenstore.db.names hit=0 miss=0 switches=0 ooe=0
2017-03-27 12:00:07.674+0000 INFO  [org.neo4j]: target\db\neostore.labeltokenstore.db hit=0 miss=0 switches=0 ooe=0
2017-03-27 12:00:07.683+0000 INFO  [org.neo4j]: target\db\neostore.propertystore.db.strings hit=0 miss=0 switches=0 ooe=0
2017-03-27 12:00:07.693+0000 INFO  [org.neo4j]: target\db\neostore.propertystore.db.index.keys hit=0 miss=0 switches=0 ooe=0
2017-03-27 12:00:07.702+0000 INFO  [org.neo4j]: target\db\neostore.propertystore.db.index hit=0 miss=0 switches=0 ooe=0
2017-03-27 12:00:07.712+0000 INFO  [org.neo4j]: target\db\neostore.propertystore.db.arrays hit=0 miss=0 switches=0 ooe=0
2017-03-27 12:00:07.722+0000 INFO  [org.neo4j]: target\db\neostore.propertystore.db hit=0 miss=0 switches=0 ooe=0
2017-03-27 12:00:07.731+0000 INFO  [org.neo4j]: target\db\neostore.relationshipstore.db hit=0 miss=0 switches=0 ooe=0
2017-03-27 12:00:07.739+0000 INFO  [org.neo4j]: target\db\neostore.nodestore.db.labels hit=0 miss=0 switches=0 ooe=0
2017-03-27 12:00:07.747+0000 INFO  [org.neo4j]: target\db\neostore.nodestore.db hit=0 miss=0 switches=0 ooe=0
2017-03-27 12:00:07.754+0000 INFO  [org.neo4j]: target\db\neostore.schemastore.db hit=0 miss=0 switches=0 ooe=0
2017-03-27 12:00:07.762+0000 INFO  [org.neo4j]: target\db\neostore.relationshipgroupstore.db hit=0 miss=0 switches=0 ooe=0
2017-03-27 12:00:07.771+0000 INFO  [org.neo4j]: target\db\neostore hit=0 miss=10 switches=0 ooe=0
2017-03-27 12:00:07.793+0000 INFO  [org.neo4j]: [target\db\neostore.relationshiptypestore.db.names] brickCount=0 brickSize=0b mappedMem=0b (storeSize=38b)
2017-03-27 12:00:07.795+0000 INFO  [org.neo4j]: [target\db\neostore.relationshiptypestore.db] brickCount=0 brickSize=0b mappedMem=0b (storeSize=0b)
2017-03-27 12:00:07.797+0000 INFO  [org.neo4j]: [target\db\neostore.labeltokenstore.db.names] brickCount=0 brickSize=0b mappedMem=0b (storeSize=38b)
2017-03-27 12:00:07.798+0000 INFO  [org.neo4j]: [target\db\neostore.labeltokenstore.db] brickCount=0 brickSize=0b mappedMem=0b (storeSize=0b)
2017-03-27 12:00:07.800+0000 INFO  [org.neo4j]: [target\db\neostore.propertystore.db.strings] brickCount=0 brickSize=98560b mappedMem=98566144b (storeSize=128b)
2017-03-27 12:00:07.802+0000 INFO  [org.neo4j]: [target\db\neostore.propertystore.db.index.keys] brickCount=0 brickSize=0b mappedMem=0b (storeSize=38b)
2017-03-27 12:00:07.803+0000 INFO  [org.neo4j]: [target\db\neostore.propertystore.db.index] brickCount=0 brickSize=0b mappedMem=0b (storeSize=0b)
2017-03-27 12:00:07.805+0000 INFO  [org.neo4j]: [target\db\neostore.propertystore.db.arrays] brickCount=0 brickSize=111104b mappedMem=111149056b (storeSize=128b)
2017-03-27 12:00:07.807+0000 INFO  [org.neo4j]: [target\db\neostore.propertystore.db] brickCount=0 brickSize=1153412b mappedMem=115343360b (storeSize=0b)
2017-03-27 12:00:07.809+0000 INFO  [org.neo4j]: [target\db\neostore.relationshipstore.db] brickCount=0 brickSize=1415556b mappedMem=141557760b (storeSize=0b)
2017-03-27 12:00:07.811+0000 INFO  [org.neo4j]: [target\db\neostore.nodestore.db.labels] brickCount=0 brickSize=0b mappedMem=0b (storeSize=68b)
2017-03-27 12:00:07.812+0000 INFO  [org.neo4j]: [target\db\neostore.nodestore.db] brickCount=0 brickSize=314565b mappedMem=31457280b (storeSize=0b)
2017-03-27 12:00:07.814+0000 INFO  [org.neo4j]: [target\db\neostore.schemastore.db] brickCount=0 brickSize=0b mappedMem=0b (storeSize=64b)
2017-03-27 12:00:07.816+0000 INFO  [org.neo4j]: [target\db\neostore.relationshipgroupstore.db] brickCount=0 brickSize=0b mappedMem=0b (storeSize=25b)
2017-03-27 12:00:07.818+0000 INFO  [org.neo4j]: [target\db\neostore] brickCount=0 brickSize=0b mappedMem=0b (storeSize=81b)
2017-03-27 12:00:08.030+0000 INFO  [org.neo4j]: No lucene scan store index found, this might just be first use. Preparing to rebuild.
2017-03-27 12:00:08.103+0000 INFO  [org.neo4j]: No lucene scan store index found, this might just be first use. Preparing to rebuild.
2017-03-27 12:00:08.333+0000 INFO  [org.neo4j]: Opened logical log [target\db\nioneo_logical.log.1] version=0, lastTxId=1 (clean)
2017-03-27 12:00:08.342+0000 INFO  [org.neo4j]: Rebuilding lucene scan store, this may take a while
2017-03-27 12:00:08.344+0000 INFO  [org.neo4j]: Lucene scan store rebuilt (roughly -1 nodes)
2017-03-27 12:00:08.351+0000 INFO  [org.neo4j]: TM new log: tm_tx_log.1
2017-03-27 12:00:08.372+0000 INFO  [org.neo4j]: Kernel health set to OK
2017-03-27 12:00:08.403+0000 INFO  [org.neo4j]: Opened logical log [target\db\index\lucene.log.1] version=0, lastTxId=1 (clean)
2017-03-27 12:00:08.416+0000 INFO  [org.neo4j]: --- STARTED diagnostics for KernelDiagnostics:Versions START ---
2017-03-27 12:00:08.417+0000 INFO  [org.neo4j]: Graph Database: org.neo4j.kernel.EmbeddedGraphDatabase StoreId{creationTime=1490616007251, randomId=-3231396842724702083, storeVersion=14406081294923270, upgradeTime=1490616007251, upgradeId=-3231396842724702083}
2017-03-27 12:00:08.417+0000 INFO  [org.neo4j]: Kernel version: Neo4j - Graph Database Kernel (neo4j-kernel), version: 2.1.6
2017-03-27 12:00:08.417+0000 INFO  [org.neo4j]: Neo4j component versions:
2017-03-27 12:00:08.434+0000 INFO  [org.neo4j]:   Neo4j - JMX support (neo4j-jmx), version: 2.1.6; revision: 2.1.6:2.1-maint:605/0d7f25fc608f15c54ec1a01f4ba4564ebfb1071a
2017-03-27 12:00:08.434+0000 INFO  [org.neo4j]:   Neo4j - Lucene Index (neo4j-lucene-index), version: 2.1.6; revision: 2.1.6:2.1-maint:605/0d7f25fc608f15c54ec1a01f4ba4564ebfb1071a
2017-03-27 12:00:08.434+0000 INFO  [org.neo4j]:   Neo4j - Graph Matching (neo4j-graph-matching), version: 2.1.6; revision: 2.1.6:2.1-maint:605/0d7f25fc608f15c54ec1a01f4ba4564ebfb1071a
2017-03-27 12:00:08.435+0000 INFO  [org.neo4j]:   Neo4j - Cypher Compiler 2.1 (neo4j-cypher-compiler-2.1), version: 2.1.6; revision: 2.1.6:2.1-maint:605/0d7f25fc608f15c54ec1a01f4ba4564ebfb1071a
2017-03-27 12:00:08.435+0000 INFO  [org.neo4j]:   Neo4j - Cypher (neo4j-cypher), version: 2.1.6; revision: 2.1.6:2.1-maint:605/0d7f25fc608f15c54ec1a01f4ba4564ebfb1071a
2017-03-27 12:00:08.435+0000 INFO  [org.neo4j]:   Neo4j - Graph Database Kernel (neo4j-kernel), version: 2.1.6; revision: 2.1.6:2.1-maint:605/0d7f25fc608f15c54ec1a01f4ba4564ebfb1071a
2017-03-27 12:00:08.435+0000 INFO  [org.neo4j]:   Neo4j - Cypher Compiler 2.0 (neo4j-cypher-compiler-2.0), version: 2.0.3; revision: 2.0.3:2.0-maint:72/307c563c11b75fdc71cfa6df05daf9b08d6c37dc
2017-03-27 12:00:08.435+0000 INFO  [org.neo4j]:   Neo4j - Graph Algorithms (neo4j-graph-algo), version: 2.1.6; revision: 2.1.6:2.1-maint:605/0d7f25fc608f15c54ec1a01f4ba4564ebfb1071a
2017-03-27 12:00:08.435+0000 INFO  [org.neo4j]:   Neo4j Community (neo4j), version: 2.1.6; revision: 2.1.6:2.1-maint:605/0d7f25fc608f15c54ec1a01f4ba4564ebfb1071a
2017-03-27 12:00:08.436+0000 INFO  [org.neo4j]:   Neo4j - Cypher Compiler 1.9 (neo4j-cypher-compiler-1.9), version: 2.0.3; revision: 2.0.3:2.0-maint:72/307c563c11b75fdc71cfa6df05daf9b08d6c37dc
2017-03-27 12:00:08.436+0000 INFO  [org.neo4j]:   neo4j-udc, version: 2.1.6; revision: 2.1.6:2.1-maint:605/0d7f25fc608f15c54ec1a01f4ba4564ebfb1071a
2017-03-27 12:00:08.436+0000 INFO  [org.neo4j]:   Neo4j - Cypher Commons (neo4j-cypher-commons), version: 2.1.6; revision: 2.1.6:2.1-maint:605/0d7f25fc608f15c54ec1a01f4ba4564ebfb1071a
2017-03-27 12:00:08.436+0000 INFO  [org.neo4j]: --- STARTED diagnostics for KernelDiagnostics:Versions END ---
2017-03-27 12:00:08.442+0000 INFO  [org.neo4j]: --- STARTED diagnostics for NEO_STORE_VERSIONS START ---
2017-03-27 12:00:08.443+0000 INFO  [org.neo4j]: Store versions:
    Store versions:
      NeoStore v0.A.3
      SchemaStore v0.A.3
      NodeStore v0.A.3
      RelationshipStore v0.A.3
      RelationshipTypeStore v0.A.3
      LabelTokenStore v0.A.3
      PropertyStore v0.A.3
      PropertyIndexStore v0.A.3
      StringPropertyStore v0.A.3
      ArrayPropertyStore v0.A.3
      RelationshipGroupStore v0.A.3
2017-03-27 12:00:08.452+0000 INFO  [org.neo4j]: --- STARTED diagnostics for NEO_STORE_VERSIONS END ---
2017-03-27 12:00:08.453+0000 INFO  [org.neo4j]: --- STARTED diagnostics for NEO_STORE_ID_USAGE START ---
2017-03-27 12:00:08.453+0000 INFO  [org.neo4j]: Id usage:
    Id usage:
      SchemaStore: used=1 high=0
      NodeStore: used=0 high=-1
      RelationshipStore: used=0 high=-1
      RelationshipTypeStore: used=0 high=-1
      LabelTokenStore: used=0 high=-1
      PropertyStore: used=0 high=-1
      PropertyIndexStore: used=0 high=-1
      StringPropertyStore: used=1 high=0
      ArrayPropertyStore: used=1 high=0
      RelationshipGroupStore: used=1 high=0
2017-03-27 12:00:08.462+0000 INFO  [org.neo4j]: --- STARTED diagnostics for NEO_STORE_ID_USAGE END ---
2017-03-27 12:00:08.462+0000 INFO  [org.neo4j]: --- STARTED diagnostics for PERSISTENCE_WINDOW_POOL_STATS START ---
2017-03-27 12:00:08.462+0000 INFO  [org.neo4j]: --- STARTED diagnostics for PERSISTENCE_WINDOW_POOL_STATS END ---
2017-03-27 12:00:08.463+0000 INFO  [org.neo4j]: --- STARTED diagnostics for KernelDiagnostics:StoreFiles START ---
2017-03-27 12:00:08.474+0000 INFO  [org.neo4j]: Disk space on partition (Total / Free / Free %): 241052594176 / 103924731904 / 43
Storage files: (filename : modification date - size)
      active_tx_log: 2017-03-27T13:00:08+0100 - 11.00 B
      index:
        lucene-store.db: 2017-03-27T13:00:08+0100 - 40.00 B
        lucene.log.1: 2017-03-27T13:00:08+0100 - 16.00 B
        lucene.log.active: 2017-03-27T13:00:08+0100 - 4.00 B
      - Total: 2017-03-27T13:00:08+0100 - 60.00 B
      lock: 2017-03-27T13:00:07+0100 - 0.00 B
      messages.log: 2017-03-27T13:00:06+0100 - 24.69 kB
      neostore: 2017-03-27T13:00:07+0100 - 81.00 B
      neostore.id: 2017-03-27T13:00:07+0100 - 9.00 B
      neostore.labeltokenstore.db: 2017-03-27T13:00:07+0100 - 0.00 B
      neostore.labeltokenstore.db.id: 2017-03-27T13:00:07+0100 - 9.00 B
      neostore.labeltokenstore.db.names: 2017-03-27T13:00:07+0100 - 38.00 B
      neostore.labeltokenstore.db.names.id: 2017-03-27T13:00:07+0100 - 9.00 B
      neostore.nodestore.db: 2017-03-27T13:00:07+0100 - 0.00 B
      neostore.nodestore.db.id: 2017-03-27T13:00:07+0100 - 9.00 B
      neostore.nodestore.db.labels: 2017-03-27T13:00:07+0100 - 68.00 B
      neostore.nodestore.db.labels.id: 2017-03-27T13:00:07+0100 - 9.00 B
      neostore.propertystore.db: 2017-03-27T13:00:07+0100 - 0.00 B
      neostore.propertystore.db.arrays: 2017-03-27T13:00:07+0100 - 128.00 B
      neostore.propertystore.db.arrays.id: 2017-03-27T13:00:07+0100 - 9.00 B
      neostore.propertystore.db.id: 2017-03-27T13:00:07+0100 - 9.00 B
      neostore.propertystore.db.index: 2017-03-27T13:00:07+0100 - 0.00 B
      neostore.propertystore.db.index.id: 2017-03-27T13:00:07+0100 - 9.00 B
      neostore.propertystore.db.index.keys: 2017-03-27T13:00:07+0100 - 38.00 B
      neostore.propertystore.db.index.keys.id: 2017-03-27T13:00:07+0100 - 9.00 B
      neostore.propertystore.db.strings: 2017-03-27T13:00:07+0100 - 128.00 B
      neostore.propertystore.db.strings.id: 2017-03-27T13:00:07+0100 - 9.00 B
      neostore.relationshipgroupstore.db: 2017-03-27T13:00:07+0100 - 25.00 B
      neostore.relationshipgroupstore.db.id: 2017-03-27T13:00:07+0100 - 9.00 B
      neostore.relationshipstore.db: 2017-03-27T13:00:07+0100 - 0.00 B
      neostore.relationshipstore.db.id: 2017-03-27T13:00:07+0100 - 9.00 B
      neostore.relationshiptypestore.db: 2017-03-27T13:00:07+0100 - 0.00 B
      neostore.relationshiptypestore.db.id: 2017-03-27T13:00:07+0100 - 9.00 B
      neostore.relationshiptypestore.db.names: 2017-03-27T13:00:07+0100 - 38.00 B
      neostore.relationshiptypestore.db.names.id: 2017-03-27T13:00:07+0100 - 9.00 B
      neostore.schemastore.db: 2017-03-27T13:00:07+0100 - 64.00 B
      neostore.schemastore.db.id: 2017-03-27T13:00:07+0100 - 9.00 B
      nioneo_logical.log.1: 2017-03-27T13:00:08+0100 - 16.00 B
      nioneo_logical.log.active: 2017-03-27T13:00:08+0100 - 4.00 B
      schema:
        label:
          lucene:
            write.lock: 2017-03-27T13:00:08+0100 - 0.00 B
          - Total: 2017-03-27T13:00:08+0100 - 0.00 B
        - Total: 2017-03-27T13:00:08+0100 - 0.00 B
      - Total: 2017-03-27T13:00:07+0100 - 0.00 B
      store_lock: 2017-03-27T13:00:07+0100 - 0.00 B
      tm_tx_log.1: 2017-03-27T13:00:08+0100 - 0.00 B
2017-03-27 12:06:41.438+0000 INFO  [org.neo4j]: No locking implementation specified, defaulting to 'community'
2017-03-27 12:06:41.533+0000 INFO  [org.neo4j]: --- INITIALIZED diagnostics START ---
2017-03-27 12:06:41.534+0000 INFO  [org.neo4j]: Neo4j Kernel properties:
    neostore.propertystore.db.mapped_memory=110M
    neostore.nodestore.db.mapped_memory=30M
    neostore.relationshipstore.db.mapped_memory=135M
    neostore.propertystore.db.strings.mapped_memory=94M
    store_dir=target/db
    neostore.propertystore.db.arrays.mapped_memory=106M
    ephemeral=false
2017-03-27 12:06:41.537+0000 INFO  [org.neo4j]: Diagnostics providers:
    org.neo4j.kernel.configuration.Config
    org.neo4j.kernel.info.DiagnosticsManager
    SYSTEM_MEMORY
    JAVA_MEMORY
    OPERATING_SYSTEM
    JAVA_VIRTUAL_MACHINE
    CLASSPATH
    LIBRARY_PATH
    SYSTEM_PROPERTIES
    NETWORK
2017-03-27 12:06:41.541+0000 INFO  [org.neo4j]: System memory information:
    Total Physical memory: 7.92 GB
    Free Physical memory: 1.40 GB
    Committed virtual memory: 246.72 MB
    Total swap space: 14.42 GB
    Free swap space: 2.60 GB
2017-03-27 12:06:41.548+0000 INFO  [org.neo4j]: JVM memory information:
    Free  memory: 110.21 MB
    Total memory: 122.00 MB
    Max   memory: 1.76 GB
    Garbage Collector: PS Scavenge: [PS Eden Space, PS Survivor Space]
    Garbage Collector: PS MarkSweep: [PS Eden Space, PS Survivor Space, PS Old Gen, PS Perm Gen]
    Memory Pool: Code Cache (Non-heap memory): committed=2.44 MB, used=469.13 kB, max=48.00 MB, threshold=0.00 B
    Memory Pool: PS Eden Space (Heap memory): committed=32.50 MB, used=11.79 MB, max=667.00 MB, threshold=?
    Memory Pool: PS Survivor Space (Heap memory): committed=5.00 MB, used=0.00 B, max=5.00 MB, threshold=?
    Memory Pool: PS Old Gen (Heap memory): committed=84.50 MB, used=0.00 B, max=1.32 GB, threshold=0.00 B
    Memory Pool: PS Perm Gen (Non-heap memory): committed=21.00 MB, used=6.38 MB, max=82.00 MB, threshold=0.00 B
2017-03-27 12:06:41.556+0000 INFO  [org.neo4j]: Operating system information:
    Operating System: Windows 8.1; version: 6.3; arch: amd64; cpus: 4
    Process id: 15228@DESKTOP-DBJV7RK
    Byte order: LITTLE_ENDIAN
    Local timezone: Europe/London
2017-03-27 12:06:41.574+0000 INFO  [org.neo4j]: JVM information:
    VM Name: Java HotSpot(TM) 64-Bit Server VM
    VM Vendor: Oracle Corporation
    VM Version: 24.79-b02
    JIT compiler: HotSpot 64-Bit Tiered Compilers
    VM Arguments: [-Dfile.encoding=UTF-8]
2017-03-27 12:06:41.579+0000 INFO  [org.neo4j]: Java classpath:
     [bootstrap] C:\Program Files\Java\jdk1.7.0_79\jre\lib\charsets.jar
     [loader.1] file:/C:/Program%20Files/Java/jdk1.7.0_79/jre/lib/ext/sunjce_provider.jar
     [classpath + loader.0] file:/C:/Users/Priyaa/.m2/repository/org/neo4j/neo4j-jmx/2.1.6/neo4j-jmx-2.1.6.jar
     [classpath + loader.0] file:/C:/Users/Priyaa/.m2/repository/org/neo4j/neo4j-cypher-commons/2.1.6/neo4j-cypher-commons-2.1.6.jar
     [classpath + loader.0] file:/C:/Users/Priyaa/.m2/repository/org/neo4j/neo4j/2.1.6/neo4j-2.1.6.jar
     [loader.1] file:/C:/Program%20Files/Java/jdk1.7.0_79/jre/lib/ext/access-bridge-64.jar
     [bootstrap] C:\Program Files\Java\jdk1.7.0_79\jre\lib\jsse.jar
     [loader.1] file:/C:/Program%20Files/Java/jdk1.7.0_79/jre/lib/ext/localedata.jar
     [classpath + loader.0] file:/C:/Users/Priyaa/.m2/repository/org/parboiled/parboiled-scala_2.10/1.1.6/parboiled-scala_2.10-1.1.6.jar
     [classpath + loader.0] file:/C:/Users/Priyaa/.m2/repository/org/neo4j/neo4j-kernel/2.1.6/neo4j-kernel-2.1.6.jar
     [loader.1] file:/C:/Program%20Files/Java/jdk1.7.0_79/jre/lib/ext/jaccess.jar
     [loader.1] file:/C:/Program%20Files/Java/jdk1.7.0_79/jre/lib/ext/dnsns.jar
     [classpath + loader.0] file:/C:/Users/Priyaa/.m2/repository/org/neo4j/neo4j-cypher-compiler-1.9/2.0.3/neo4j-cypher-compiler-1.9-2.0.3.jar
     [classpath + loader.0] file:/C:/Users/Priyaa/.m2/repository/org/neo4j/neo4j-udc/2.1.6/neo4j-udc-2.1.6.jar
     [classpath + loader.0] file:/C:/Users/Priyaa/.m2/repository/com/googlecode/concurrentlinkedhashmap/concurrentlinkedhashmap-lru/1.3.1/concurrentlinkedhashmap-lru-1.3.1.jar
     [classpath + loader.0] file:/C:/Users/Priyaa/.m2/repository/net/sf/opencsv/opencsv/2.3/opencsv-2.3.jar
     [classpath + loader.0] file:/C:/Users/Priyaa/.m2/repository/org/neo4j/neo4j-primitive-collections/2.1.6/neo4j-primitive-collections-2.1.6.jar
     [loader.1] file:/C:/Program%20Files/Java/jdk1.7.0_79/jre/lib/ext/sunmscapi.jar
     [classpath + loader.0] file:/C:/Users/Priyaa/.m2/repository/org/apache/geronimo/specs/geronimo-jta_1.1_spec/1.1.1/geronimo-jta_1.1_spec-1.1.1.jar
     [classpath + loader.0] file:/C:/Users/Priyaa/.m2/repository/org/neo4j/neo4j-lucene-index/2.1.6/neo4j-lucene-index-2.1.6.jar
     [bootstrap] C:\Program Files\Java\jdk1.7.0_79\jre\lib\resources.jar
     [bootstrap] C:\Program Files\Java\jdk1.7.0_79\jre\lib\jce.jar
     [classpath + loader.0] file:/C:/Users/Priyaa/.m2/repository/org/neo4j/neo4j-cypher-compiler-2.0/2.0.3/neo4j-cypher-compiler-2.0-2.0.3.jar
     [classpath + loader.0] file:/C:/Users/Priyaa/Desktop/ProvProject2/toNeo/target/classes/
     [bootstrap] C:\Program Files\Java\jdk1.7.0_79\jre\lib\rt.jar
     [classpath + loader.0] file:/C:/Users/Priyaa/.m2/repository/org/parboiled/parboiled-core/1.1.6/parboiled-core-1.1.6.jar
     [classpath + loader.0] file:/C:/Users/Priyaa/.m2/repository/org/neo4j/neo4j-cypher/2.1.6/neo4j-cypher-2.1.6.jar
     [bootstrap] C:\Program Files\Java\jdk1.7.0_79\jre\classes
     [loader.1] file:/C:/Program%20Files/Java/jdk1.7.0_79/jre/lib/ext/sunec.jar
     [classpath + loader.0] file:/C:/Users/Priyaa/.m2/repository/org/apache/lucene/lucene-core/3.6.2/lucene-core-3.6.2.jar
     [classpath + loader.0] file:/C:/Users/Priyaa/.m2/repository/org/scala-lang/scala-library/2.10.4/scala-library-2.10.4.jar
     [classpath + loader.0] file:/C:/Users/Priyaa/.m2/repository/org/neo4j/neo4j-graph-algo/2.1.6/neo4j-graph-algo-2.1.6.jar
     [loader.1] file:/C:/Program%20Files/Java/jdk1.7.0_79/jre/lib/ext/zipfs.jar
     [classpath + loader.0] file:/C:/Users/Priyaa/.m2/repository/org/neo4j/neo4j-cypher-compiler-2.1/2.1.6/neo4j-cypher-compiler-2.1-2.1.6.jar
     [classpath + loader.0] file:/C:/Users/Priyaa/.m2/repository/org/neo4j/neo4j-graph-matching/2.1.6/neo4j-graph-matching-2.1.6.jar
     [bootstrap] C:\Program Files\Java\jdk1.7.0_79\jre\lib\jfr.jar
     [bootstrap] C:\Program Files\Java\jdk1.7.0_79\jre\lib\sunrsasign.jar
2017-03-27 12:06:41.585+0000 INFO  [org.neo4j]: Library path:
    C:\Program Files\Java\jdk1.7.0_79\bin
    C:\Windows\Sun\Java\bin
    C:\Windows\System32
    C:\Windows
    C:\Program Files\Java\jre1.8.0_92\bin\server
    C:\Program Files\Java\jre1.8.0_92\bin
    C:\Program Files\Java\jre1.8.0_92\lib\amd64
    C:\ProgramData\Oracle\Java\javapath
    C:\Program Files\Java\jdk1.8.0_92\bin
    C:\Program Files (x86)\Intel\iCLS Client
    C:\Program Files\Intel\iCLS Client
    C:\Windows\System32
    C:\Windows
    C:\Windows\System32\wbem
    C:\Windows\System32\WindowsPowerShell\v1.0
    C:\Program Files (x86)\NVIDIA Corporation\PhysX\Common
    C:\Program Files (x86)\Intel\Intel(R) Management Engine Components\DAL
    C:\Program Files\Intel\Intel(R) Management Engine Components\DAL
    C:\Program Files (x86)\Intel\Intel(R) Management Engine Components\IPT
    C:\Program Files\Intel\Intel(R) Management Engine Components\IPT
    C:\Program Files (x86)\Skype\Phone
    C:\Anaconda3
    C:\Anaconda3\Scripts
    C:\Anaconda3\Library\bin
    C:\Users\Priyaa\Desktop\elasticsearch-2.3.3\elasticsearch-2.3.3\bin
    C:\graphviz-2.38\release\bin\dot
    C:\Program Files\Intel\WiFi\bin
    C:\Program Files\Common Files\Intel\WirelessCommon
    C:\Windows\System32\config\systemprofile\.dnx\bin
    C:\Program Files\Microsoft DNX\Dnvm
    C:\Program Files\Microsoft SQL Server\130\Tools\Binn
    C:\Program Files (x86)\Microsoft Visual Studio 14.0\VC
    C:\Windows\System32
    C:\Windows
    C:\Windows\System32\wbem
    C:\Windows\System32\WindowsPowerShell\v1.0
    C:\Program Files\MiKTeX 2.9\miktex\bin\x64
    C:\Program Files\swipl\bin
    C:\Program Files\Git\cmd
    C:\Program Files\Java\jdk1.8.0_92\bin
    C:\graphviz-2.38\release\bin\dot
    C:\Users\Priyaa\Desktop\elasticsearch-2.3.3\elasticsearch-2.3.3\bin
    C:\Program Files (x86)\Microsoft Visual Studio 14.0\VC
    C:\Users\Priyaa\AppData\Local\Microsoft\WindowsApps
    C:\Program Files\swipl\bin
    C:\Users\Priyaa\Desktop\eclipse-jee-kepler-R-win32-x86_64\eclipse
    C:\Users\Priyaa\Desktop\ProvProject2\toNeo
    C:\Users\Priyaa\Desktop\ProvProject2\toNeo
2017-03-27 12:06:41.604+0000 INFO  [org.neo4j]: System.properties:
    sun.boot.library.path = C:\Program Files\Java\jdk1.7.0_79\jre\bin
    path.separator = ;
    file.encoding.pkg = sun.io
    user.country = GB
    user.script = 
    sun.java.launcher = SUN_STANDARD
    sun.os.patch.level = 
    user.dir = C:\Users\Priyaa\Desktop\ProvProject2\toNeo
    user.variant = 
    sun.jnu.encoding = Cp1252
    sun.management.compiler = HotSpot 64-Bit Tiered Compilers
    user.home = C:\Users\Priyaa
    user.timezone = Europe/London
    file.encoding = UTF-8
    user.name = Priyaa
    sun.java.command = uk.ac.ncl.App
    sun.arch.data.model = 64
    user.language = en
    awt.toolkit = sun.awt.windows.WToolkit
    file.separator = \
    sun.io.unicode.encoding = UnicodeLittle
    sun.cpu.endian = little
    sun.desktop = windows
    sun.cpu.isalist = amd64
2017-03-27 12:06:41.608+0000 INFO  [org.neo4j]: Network information:
    Interface Software Loopback Interface 1:
        address: 127.0.0.1
        address: 0:0:0:0:0:0:0:1
    Interface WAN Miniport (IPv6):
    Interface WAN Miniport (SSTP):
    Interface WAN Miniport (PPPOE):
    Interface Microsoft Teredo Tunneling Adapter:
        address: 2001:0:9d38:78cf:3cd3:69a0:7f0f:1ecf
        address: fe80:0:0:0:3cd3:69a0:7f0f:1ecf%5
    Interface WAN Miniport (IP):
    Interface WAN Miniport (Network Monitor):
    Interface WAN Miniport (PPTP):
    Interface WAN Miniport (IKEv2):
    Interface Microsoft ISATAP Adapter #3:
    Interface Microsoft ISATAP Adapter #2:
    Interface Microsoft ISATAP Adapter:
    Interface VirtualBox Host-Only Ethernet Adapter:
    Interface RAS Async Adapter:
    Interface Realtek PCIe GBE Family Controller:
        address: fe80:0:0:0:b7:7545:9cad:66d0%15
    Interface Microsoft Kernel Debug Network Adapter:
    Interface Intel(R) Dual Band Wireless-AC 7265 #2:
        address: 10.56.229.51
        address: fe80:0:0:0:10ca:97c3:4093:d8d0%17
    Interface Microsoft Wi-Fi Direct Virtual Adapter:
        address: fe80:0:0:0:6809:816:7f92:55c%18
    Interface Microsoft ISATAP Adapter #5:
        address: fe80:0:0:0:0:5efe:a38:e533%19
    Interface WAN Miniport (L2TP):
    Interface Realtek PCIe GBE Family Controller-WFP Native MAC Layer LightWeight Filter-0000:
    Interface Realtek PCIe GBE Family Controller-VirtualBox NDIS Light-Weight Filter-0000:
    Interface Realtek PCIe GBE Family Controller-QoS Packet Scheduler-0000:
    Interface Realtek PCIe GBE Family Controller-WFP 802.3 MAC Layer LightWeight Filter-0000:
    Interface Intel(R) Dual Band Wireless-AC 7265 #2-WFP Native MAC Layer LightWeight Filter-0000:
    Interface Intel(R) Dual Band Wireless-AC 7265 #2-Virtual WiFi Filter Driver-0000:
    Interface Intel(R) Dual Band Wireless-AC 7265 #2-Native WiFi Filter Driver-0000:
    Interface Intel(R) Dual Band Wireless-AC 7265 #2-VirtualBox NDIS Light-Weight Filter-0000:
    Interface Intel(R) Dual Band Wireless-AC 7265 #2-QoS Packet Scheduler-0000:
    Interface Intel(R) Dual Band Wireless-AC 7265 #2-WFP 802.3 MAC Layer LightWeight Filter-0000:
    Interface Microsoft Wi-Fi Direct Virtual Adapter-WFP Native MAC Layer LightWeight Filter-0000:
    Interface Microsoft Wi-Fi Direct Virtual Adapter-Native WiFi Filter Driver-0000:
    Interface Microsoft Wi-Fi Direct Virtual Adapter-VirtualBox NDIS Light-Weight Filter-0000:
    Interface Microsoft Wi-Fi Direct Virtual Adapter-QoS Packet Scheduler-0000:
    Interface Microsoft Wi-Fi Direct Virtual Adapter-WFP 802.3 MAC Layer LightWeight Filter-0000:
    Interface WAN Miniport (IP)-WFP Native MAC Layer LightWeight Filter-0000:
    Interface WAN Miniport (IP)-QoS Packet Scheduler-0000:
    Interface WAN Miniport (IPv6)-WFP Native MAC Layer LightWeight Filter-0000:
    Interface WAN Miniport (IPv6)-QoS Packet Scheduler-0000:
    Interface WAN Miniport (Network Monitor)-WFP Native MAC Layer LightWeight Filter-0000:
    Interface WAN Miniport (Network Monitor)-QoS Packet Scheduler-0000:
2017-03-27 12:06:41.719+0000 INFO  [org.neo4j]: --- INITIALIZED diagnostics END ---
2017-03-27 12:06:41.870+0000 INFO  [org.neo4j]: target\db\neostore.relationshiptypestore.db.names non clean shutdown detected
2017-03-27 12:06:41.880+0000 INFO  [org.neo4j]: [target\db\neostore.relationshiptypestore.db.names] brickCount=0 brickSize=0b mappedMem=0b (storeSize=38b)
2017-03-27 12:06:41.882+0000 INFO  [org.neo4j]: target\db\neostore.relationshiptypestore.db non clean shutdown detected
2017-03-27 12:06:41.885+0000 INFO  [org.neo4j]: [target\db\neostore.relationshiptypestore.db] brickCount=0 brickSize=0b mappedMem=0b (storeSize=0b)
2017-03-27 12:06:41.887+0000 INFO  [org.neo4j]: target\db\neostore.labeltokenstore.db.names non clean shutdown detected
2017-03-27 12:06:41.890+0000 INFO  [org.neo4j]: [target\db\neostore.labeltokenstore.db.names] brickCount=0 brickSize=0b mappedMem=0b (storeSize=38b)
2017-03-27 12:06:41.892+0000 INFO  [org.neo4j]: target\db\neostore.labeltokenstore.db non clean shutdown detected
2017-03-27 12:06:41.896+0000 INFO  [org.neo4j]: [target\db\neostore.labeltokenstore.db] brickCount=0 brickSize=0b mappedMem=0b (storeSize=0b)
2017-03-27 12:06:41.897+0000 INFO  [org.neo4j]: target\db\neostore.propertystore.db.strings non clean shutdown detected
2017-03-27 12:06:41.901+0000 INFO  [org.neo4j]: [target\db\neostore.propertystore.db.strings] brickCount=0 brickSize=98560b mappedMem=98566144b (storeSize=128b)
2017-03-27 12:06:41.902+0000 INFO  [org.neo4j]: target\db\neostore.propertystore.db.index.keys non clean shutdown detected
2017-03-27 12:06:41.906+0000 INFO  [org.neo4j]: [target\db\neostore.propertystore.db.index.keys] brickCount=0 brickSize=0b mappedMem=0b (storeSize=38b)
2017-03-27 12:06:41.907+0000 INFO  [org.neo4j]: target\db\neostore.propertystore.db.index non clean shutdown detected
2017-03-27 12:06:41.911+0000 INFO  [org.neo4j]: [target\db\neostore.propertystore.db.index] brickCount=0 brickSize=0b mappedMem=0b (storeSize=0b)
2017-03-27 12:06:41.913+0000 INFO  [org.neo4j]: target\db\neostore.propertystore.db.arrays non clean shutdown detected
2017-03-27 12:06:41.916+0000 INFO  [org.neo4j]: [target\db\neostore.propertystore.db.arrays] brickCount=0 brickSize=111104b mappedMem=111149056b (storeSize=128b)
2017-03-27 12:06:41.924+0000 INFO  [org.neo4j]: target\db\neostore.propertystore.db non clean shutdown detected
2017-03-27 12:06:41.928+0000 INFO  [org.neo4j]: [target\db\neostore.propertystore.db] brickCount=0 brickSize=1153412b mappedMem=115343360b (storeSize=0b)
2017-03-27 12:06:41.931+0000 INFO  [org.neo4j]: target\db\neostore.relationshipstore.db non clean shutdown detected
2017-03-27 12:06:41.935+0000 INFO  [org.neo4j]: [target\db\neostore.relationshipstore.db] brickCount=0 brickSize=1415556b mappedMem=141557760b (storeSize=0b)
2017-03-27 12:06:41.936+0000 INFO  [org.neo4j]: target\db\neostore.nodestore.db.labels non clean shutdown detected
2017-03-27 12:06:41.940+0000 INFO  [org.neo4j]: [target\db\neostore.nodestore.db.labels] brickCount=0 brickSize=0b mappedMem=0b (storeSize=68b)
2017-03-27 12:06:41.942+0000 INFO  [org.neo4j]: target\db\neostore.nodestore.db non clean shutdown detected
2017-03-27 12:06:41.946+0000 INFO  [org.neo4j]: [target\db\neostore.nodestore.db] brickCount=0 brickSize=314565b mappedMem=31457280b (storeSize=0b)
2017-03-27 12:06:41.948+0000 INFO  [org.neo4j]: target\db\neostore.schemastore.db non clean shutdown detected
2017-03-27 12:06:41.953+0000 INFO  [org.neo4j]: [target\db\neostore.schemastore.db] brickCount=0 brickSize=0b mappedMem=0b (storeSize=64b)
2017-03-27 12:06:41.956+0000 INFO  [org.neo4j]: target\db\neostore.relationshipgroupstore.db non clean shutdown detected
2017-03-27 12:06:41.960+0000 INFO  [org.neo4j]: [target\db\neostore.relationshipgroupstore.db] brickCount=0 brickSize=0b mappedMem=0b (storeSize=25b)
2017-03-27 12:06:41.962+0000 INFO  [org.neo4j]: target\db\neostore non clean shutdown detected
2017-03-27 12:06:41.965+0000 INFO  [org.neo4j]: [target\db\neostore] brickCount=0 brickSize=0b mappedMem=0b (storeSize=81b)
2017-03-27 12:06:42.070+0000 INFO  [org.neo4j]: No lucene scan store index found, this might just be first use. Preparing to rebuild.
2017-03-27 12:06:42.169+0000 INFO  [org.neo4j]: Non clean shutdown detected on log [target\db\nioneo_logical.log.1]. Recovery started ...
2017-03-27 12:06:42.170+0000 INFO  [org.neo4j]: [target\db\nioneo_logical.log.1] logVersion=0 with committed tx=1
2017-03-27 12:06:42.177+0000 INFO  [org.neo4j]: [target\db\nioneo_logical.log.1] entries found=0 lastEntryPos=16
2017-03-27 12:06:42.181+0000 INFO  [org.neo4j]: Opened logical log [target\db\nioneo_logical.log.1] version=0, lastTxId=-1 (recovered)
2017-03-27 12:06:42.181+0000 INFO  [org.neo4j]: XaResourceManager[nioneo_logical.log] sorting 0 xids
2017-03-27 12:06:42.182+0000 INFO  [org.neo4j]: XaResourceManager[nioneo_logical.log] checkRecoveryComplete 0 xids
2017-03-27 12:06:42.207+0000 INFO  [org.neo4j]: target\db\neostore.relationshiptypestore.db.names rebuild id generator, highId=2 defragged count=0
2017-03-27 12:06:42.224+0000 INFO  [org.neo4j]: target\db\neostore.relationshiptypestore.db rebuild id generator, highId=0 defragged count=0
2017-03-27 12:06:42.240+0000 INFO  [org.neo4j]: target\db\neostore.labeltokenstore.db.names rebuild id generator, highId=2 defragged count=0
2017-03-27 12:06:42.257+0000 INFO  [org.neo4j]: target\db\neostore.labeltokenstore.db rebuild id generator, highId=0 defragged count=0
2017-03-27 12:06:42.272+0000 INFO  [org.neo4j]: target\db\neostore.propertystore.db.index.keys rebuild id generator, highId=2 defragged count=0
2017-03-27 12:06:42.289+0000 INFO  [org.neo4j]: target\db\neostore.propertystore.db.index rebuild id generator, highId=0 defragged count=0
2017-03-27 12:06:42.304+0000 INFO  [org.neo4j]: target\db\neostore.propertystore.db.strings rebuild id generator, highId=2 defragged count=0
2017-03-27 12:06:42.320+0000 INFO  [org.neo4j]: target\db\neostore.propertystore.db.arrays rebuild id generator, highId=2 defragged count=0
2017-03-27 12:06:42.335+0000 INFO  [org.neo4j]: target\db\neostore.propertystore.db rebuild id generator, highId=0 defragged count=0
2017-03-27 12:06:42.345+0000 INFO  [org.neo4j]: target\db\neostore.relationshipstore.db rebuild id generator, highId=0 defragged count=0
2017-03-27 12:06:42.355+0000 INFO  [org.neo4j]: target\db\neostore.nodestore.db.labels rebuild id generator, highId=2 defragged count=0
2017-03-27 12:06:42.371+0000 INFO  [org.neo4j]: target\db\neostore.nodestore.db rebuild id generator, highId=0 defragged count=0
2017-03-27 12:06:42.381+0000 INFO  [org.neo4j]: target\db\neostore.schemastore.db rebuild id generator, highId=2 defragged count=0
2017-03-27 12:06:42.396+0000 INFO  [org.neo4j]: target\db\neostore.relationshipgroupstore.db rebuild id generator, highId=1 defragged count=0
2017-03-27 12:06:42.406+0000 INFO  [org.neo4j]: target\db\neostore rebuild id generator, highId=9 defragged count=0
2017-03-27 12:06:42.410+0000 INFO  [org.neo4j]: XaResourceManager[nioneo_logical.log] recovery completed.
2017-03-27 12:06:42.410+0000 INFO  [org.neo4j]: Recovery on log [target\db\nioneo_logical.log.1] completed.
2017-03-27 12:06:42.412+0000 INFO  [org.neo4j]: Rebuilding lucene scan store, this may take a while
2017-03-27 12:06:42.413+0000 INFO  [org.neo4j]: Lucene scan store rebuilt (roughly -1 nodes)
2017-03-27 12:06:42.417+0000 INFO  [org.neo4j]: TM opening log: target\db\tm_tx_log.1
2017-03-27 12:06:42.423+0000 INFO  [org.neo4j]: Kernel health set to OK
2017-03-27 12:06:42.438+0000 INFO  [org.neo4j]: Non clean shutdown detected on log [target\db\index\lucene.log.1]. Recovery started ...
2017-03-27 12:06:42.439+0000 INFO  [org.neo4j]: [target\db\index\lucene.log.1] logVersion=0 with committed tx=1
2017-03-27 12:06:42.443+0000 INFO  [org.neo4j]: [target\db\index\lucene.log.1] entries found=0 lastEntryPos=16
2017-03-27 12:06:42.447+0000 INFO  [org.neo4j]: Opened logical log [target\db\index\lucene.log.1] version=0, lastTxId=-1 (recovered)
2017-03-27 12:06:42.447+0000 INFO  [org.neo4j]: XaResourceManager[lucene.log] sorting 0 xids
2017-03-27 12:06:42.447+0000 INFO  [org.neo4j]: XaResourceManager[lucene.log] checkRecoveryComplete 0 xids
2017-03-27 12:06:42.447+0000 INFO  [org.neo4j]: XaResourceManager[lucene.log] recovery completed.
2017-03-27 12:06:42.448+0000 INFO  [org.neo4j]: Recovery on log [target\db\index\lucene.log.1] completed.
2017-03-27 12:06:42.458+0000 INFO  [org.neo4j]: --- STARTED diagnostics for KernelDiagnostics:Versions START ---
2017-03-27 12:06:42.458+0000 INFO  [org.neo4j]: Graph Database: org.neo4j.kernel.EmbeddedGraphDatabase StoreId{creationTime=1490616007251, randomId=-3231396842724702083, storeVersion=14406081294923270, upgradeTime=1490616007251, upgradeId=-3231396842724702083}
2017-03-27 12:06:42.458+0000 INFO  [org.neo4j]: Kernel version: Neo4j - Graph Database Kernel (neo4j-kernel), version: 2.1.6
2017-03-27 12:06:42.458+0000 INFO  [org.neo4j]: Neo4j component versions:
2017-03-27 12:06:42.474+0000 INFO  [org.neo4j]:   Neo4j - JMX support (neo4j-jmx), version: 2.1.6; revision: 2.1.6:2.1-maint:605/0d7f25fc608f15c54ec1a01f4ba4564ebfb1071a
2017-03-27 12:06:42.474+0000 INFO  [org.neo4j]:   Neo4j - Lucene Index (neo4j-lucene-index), version: 2.1.6; revision: 2.1.6:2.1-maint:605/0d7f25fc608f15c54ec1a01f4ba4564ebfb1071a
2017-03-27 12:06:42.474+0000 INFO  [org.neo4j]:   Neo4j - Graph Matching (neo4j-graph-matching), version: 2.1.6; revision: 2.1.6:2.1-maint:605/0d7f25fc608f15c54ec1a01f4ba4564ebfb1071a
2017-03-27 12:06:42.474+0000 INFO  [org.neo4j]:   Neo4j - Cypher Compiler 2.1 (neo4j-cypher-compiler-2.1), version: 2.1.6; revision: 2.1.6:2.1-maint:605/0d7f25fc608f15c54ec1a01f4ba4564ebfb1071a
2017-03-27 12:06:42.474+0000 INFO  [org.neo4j]:   Neo4j - Cypher (neo4j-cypher), version: 2.1.6; revision: 2.1.6:2.1-maint:605/0d7f25fc608f15c54ec1a01f4ba4564ebfb1071a
2017-03-27 12:06:42.474+0000 INFO  [org.neo4j]:   Neo4j - Graph Database Kernel (neo4j-kernel), version: 2.1.6; revision: 2.1.6:2.1-maint:605/0d7f25fc608f15c54ec1a01f4ba4564ebfb1071a
2017-03-27 12:06:42.474+0000 INFO  [org.neo4j]:   Neo4j - Cypher Compiler 2.0 (neo4j-cypher-compiler-2.0), version: 2.0.3; revision: 2.0.3:2.0-maint:72/307c563c11b75fdc71cfa6df05daf9b08d6c37dc
2017-03-27 12:06:42.475+0000 INFO  [org.neo4j]:   Neo4j - Graph Algorithms (neo4j-graph-algo), version: 2.1.6; revision: 2.1.6:2.1-maint:605/0d7f25fc608f15c54ec1a01f4ba4564ebfb1071a
2017-03-27 12:06:42.475+0000 INFO  [org.neo4j]:   Neo4j Community (neo4j), version: 2.1.6; revision: 2.1.6:2.1-maint:605/0d7f25fc608f15c54ec1a01f4ba4564ebfb1071a
2017-03-27 12:06:42.475+0000 INFO  [org.neo4j]:   Neo4j - Cypher Compiler 1.9 (neo4j-cypher-compiler-1.9), version: 2.0.3; revision: 2.0.3:2.0-maint:72/307c563c11b75fdc71cfa6df05daf9b08d6c37dc
2017-03-27 12:06:42.475+0000 INFO  [org.neo4j]:   neo4j-udc, version: 2.1.6; revision: 2.1.6:2.1-maint:605/0d7f25fc608f15c54ec1a01f4ba4564ebfb1071a
2017-03-27 12:06:42.475+0000 INFO  [org.neo4j]:   Neo4j - Cypher Commons (neo4j-cypher-commons), version: 2.1.6; revision: 2.1.6:2.1-maint:605/0d7f25fc608f15c54ec1a01f4ba4564ebfb1071a
2017-03-27 12:06:42.475+0000 INFO  [org.neo4j]: --- STARTED diagnostics for KernelDiagnostics:Versions END ---
2017-03-27 12:06:42.477+0000 INFO  [org.neo4j]: --- STARTED diagnostics for NEO_STORE_VERSIONS START ---
2017-03-27 12:06:42.478+0000 INFO  [org.neo4j]: Store versions:
    Store versions:
      NeoStore v0.A.3
      SchemaStore v0.A.3
      NodeStore v0.A.3
      RelationshipStore v0.A.3
      RelationshipTypeStore v0.A.3
      LabelTokenStore v0.A.3
      PropertyStore v0.A.3
      PropertyIndexStore v0.A.3
      StringPropertyStore v0.A.3
      ArrayPropertyStore v0.A.3
      RelationshipGroupStore v0.A.3
2017-03-27 12:06:42.482+0000 INFO  [org.neo4j]: --- STARTED diagnostics for NEO_STORE_VERSIONS END ---
2017-03-27 12:06:42.482+0000 INFO  [org.neo4j]: --- STARTED diagnostics for NEO_STORE_ID_USAGE START ---
2017-03-27 12:06:42.482+0000 INFO  [org.neo4j]: Id usage:
    Id usage:
      SchemaStore: used=2 high=1
      NodeStore: used=0 high=-1
      RelationshipStore: used=0 high=-1
      RelationshipTypeStore: used=0 high=-1
      LabelTokenStore: used=0 high=-1
      PropertyStore: used=0 high=-1
      PropertyIndexStore: used=0 high=-1
      StringPropertyStore: used=2 high=1
      ArrayPropertyStore: used=2 high=1
      RelationshipGroupStore: used=1 high=0
2017-03-27 12:06:42.487+0000 INFO  [org.neo4j]: --- STARTED diagnostics for NEO_STORE_ID_USAGE END ---
2017-03-27 12:06:42.487+0000 INFO  [org.neo4j]: --- STARTED diagnostics for PERSISTENCE_WINDOW_POOL_STATS START ---
2017-03-27 12:06:42.487+0000 INFO  [org.neo4j]: --- STARTED diagnostics for PERSISTENCE_WINDOW_POOL_STATS END ---
2017-03-27 12:06:42.487+0000 INFO  [org.neo4j]: --- STARTED diagnostics for KernelDiagnostics:StoreFiles START ---
2017-03-27 12:06:42.490+0000 INFO  [org.neo4j]: Disk space on partition (Total / Free / Free %): 241052594176 / 103921426432 / 43
Storage files: (filename : modification date - size)
      active_tx_log: 2017-03-27T13:00:08+0100 - 11.00 B
      index:
        lucene-store.db: 2017-03-27T13:00:08+0100 - 40.00 B
        lucene.log.1: 2017-03-27T13:00:10+0100 - 16.00 B
        lucene.log.active: 2017-03-27T13:00:08+0100 - 4.00 B
      - Total: 2017-03-27T13:00:08+0100 - 60.00 B
      lock: 2017-03-27T13:00:07+0100 - 0.00 B
      messages.log: 2017-03-27T13:00:10+0100 - 53.10 kB
      neostore: 2017-03-27T13:00:07+0100 - 81.00 B
      neostore.id: 2017-03-27T13:06:42+0100 - 9.00 B
      neostore.labeltokenstore.db: 2017-03-27T13:00:07+0100 - 0.00 B
      neostore.labeltokenstore.db.id: 2017-03-27T13:06:42+0100 - 9.00 B
      neostore.labeltokenstore.db.names: 2017-03-27T13:00:07+0100 - 38.00 B
      neostore.labeltokenstore.db.names.id: 2017-03-27T13:06:42+0100 - 9.00 B
      neostore.nodestore.db: 2017-03-27T13:00:07+0100 - 0.00 B
      neostore.nodestore.db.id: 2017-03-27T13:06:42+0100 - 9.00 B
      neostore.nodestore.db.labels: 2017-03-27T13:00:07+0100 - 68.00 B
      neostore.nodestore.db.labels.id: 2017-03-27T13:06:42+0100 - 9.00 B
      neostore.propertystore.db: 2017-03-27T13:00:07+0100 - 0.00 B
      neostore.propertystore.db.arrays: 2017-03-27T13:00:07+0100 - 128.00 B
      neostore.propertystore.db.arrays.id: 2017-03-27T13:06:42+0100 - 9.00 B
      neostore.propertystore.db.id: 2017-03-27T13:06:42+0100 - 9.00 B
      neostore.propertystore.db.index: 2017-03-27T13:00:07+0100 - 0.00 B
      neostore.propertystore.db.index.id: 2017-03-27T13:06:42+0100 - 9.00 B
      neostore.propertystore.db.index.keys: 2017-03-27T13:00:07+0100 - 38.00 B
      neostore.propertystore.db.index.keys.id: 2017-03-27T13:06:42+0100 - 9.00 B
      neostore.propertystore.db.strings: 2017-03-27T13:00:07+0100 - 128.00 B
      neostore.propertystore.db.strings.id: 2017-03-27T13:06:42+0100 - 9.00 B
      neostore.relationshipgroupstore.db: 2017-03-27T13:00:07+0100 - 25.00 B
      neostore.relationshipgroupstore.db.id: 2017-03-27T13:06:42+0100 - 9.00 B
      neostore.relationshipstore.db: 2017-03-27T13:00:07+0100 - 0.00 B
      neostore.relationshipstore.db.id: 2017-03-27T13:06:42+0100 - 9.00 B
      neostore.relationshiptypestore.db: 2017-03-27T13:00:07+0100 - 0.00 B
      neostore.relationshiptypestore.db.id: 2017-03-27T13:06:42+0100 - 9.00 B
      neostore.relationshiptypestore.db.names: 2017-03-27T13:00:07+0100 - 38.00 B
      neostore.relationshiptypestore.db.names.id: 2017-03-27T13:06:42+0100 - 9.00 B
      neostore.schemastore.db: 2017-03-27T13:00:07+0100 - 64.00 B
      neostore.schemastore.db.id: 2017-03-27T13:06:42+0100 - 9.00 B
      nioneo_logical.log.1: 2017-03-27T13:00:10+0100 - 16.00 B
      nioneo_logical.log.active: 2017-03-27T13:00:08+0100 - 4.00 B
      schema:
        label:
          lucene:
            segments.gen: 2017-03-27T13:06:42+0100 - 20.00 B
            segments_1: 2017-03-27T13:06:42+0100 - 32.00 B
            write.lock: 2017-03-27T13:06:42+0100 - 0.00 B
          - Total: 2017-03-27T13:06:42+0100 - 52.00 B
        - Total: 2017-03-27T13:06:42+0100 - 52.00 B
      - Total: 2017-03-27T13:00:07+0100 - 52.00 B
      store_lock: 2017-03-27T13:00:07+0100 - 0.00 B
      tm_tx_log.1: 2017-03-27T13:06:42+0100 - 0.00 B
2017-03-27 12:06:42.519+0000 INFO  [org.neo4j]: --- STARTED diagnostics for KernelDiagnostics:StoreFiles END ---
2017-03-27 12:06:42.565+0000 INFO  [org.neo4j]: Database is now ready
2017-03-27 12:06:42.933+0000 INFO  [org.neo4j]: Shutdown started
2017-03-27 12:06:42.934+0000 INFO  [org.neo4j]: Database is now unavailable
2017-03-27 12:06:42.950+0000 INFO  [org.neo4j]: Closed log target\db\index\lucene.log
2017-03-27 12:06:42.964+0000 INFO  [org.neo4j]: TM shutting down
2017-03-27 12:06:43.037+0000 INFO  [org.neo4j]: Closed log target\db\nioneo_logical.log
2017-03-27 12:06:43.041+0000 INFO  [org.neo4j]: target\db\neostore.relationshiptypestore.db.names hit=0 miss=2 switches=0 ooe=0
2017-03-27 12:06:43.050+0000 INFO  [org.neo4j]: target\db\neostore.relationshiptypestore.db hit=0 miss=2 switches=0 ooe=0
2017-03-27 12:06:43.057+0000 INFO  [org.neo4j]: target\db\neostore.labeltokenstore.db.names hit=0 miss=116 switches=0 ooe=0
2017-03-27 12:06:43.066+0000 INFO  [org.neo4j]: target\db\neostore.labeltokenstore.db hit=0 miss=50 switches=0 ooe=0
2017-03-27 12:06:43.075+0000 INFO  [org.neo4j]: target\db\neostore.propertystore.db.strings hit=136 miss=0 switches=0 ooe=0
2017-03-27 12:06:43.087+0000 INFO  [org.neo4j]: target\db\neostore.propertystore.db.index.keys hit=0 miss=2 switches=0 ooe=0
2017-03-27 12:06:43.095+0000 INFO  [org.neo4j]: target\db\neostore.propertystore.db.index hit=0 miss=2 switches=0 ooe=0
2017-03-27 12:06:43.103+0000 INFO  [org.neo4j]: target\db\neostore.propertystore.db.arrays hit=0 miss=0 switches=0 ooe=0
2017-03-27 12:06:43.116+0000 INFO  [org.neo4j]: target\db\neostore.propertystore.db hit=58 miss=0 switches=0 ooe=0
2017-03-27 12:06:43.124+0000 INFO  [org.neo4j]: target\db\neostore.relationshipstore.db hit=48 miss=0 switches=0 ooe=0
2017-03-27 12:06:43.132+0000 INFO  [org.neo4j]: target\db\neostore.nodestore.db.labels hit=0 miss=0 switches=0 ooe=0
2017-03-27 12:06:43.143+0000 INFO  [org.neo4j]: target\db\neostore.nodestore.db hit=50 miss=0 switches=0 ooe=0
2017-03-27 12:06:43.155+0000 INFO  [org.neo4j]: target\db\neostore.schemastore.db hit=0 miss=2 switches=0 ooe=0
2017-03-27 12:06:43.163+0000 INFO  [org.neo4j]: target\db\neostore.relationshipgroupstore.db hit=0 miss=0 switches=0 ooe=0
2017-03-27 12:06:43.172+0000 INFO  [org.neo4j]: target\db\neostore hit=0 miss=76 switches=0 ooe=0
2017-03-27 12:06:43.181+0000 INFO  [org.neo4j]: NeoStore closed
2017-03-27 12:06:43.182+0000 INFO  [org.neo4j]: --- STOPPING diagnostics START ---
2017-03-27 12:06:43.182+0000 INFO  [org.neo4j]: --- STOPPING diagnostics END ---
